[2024-09-03 15:52:08,326] {taskinstance.py:1159} INFO - Dependencies all met for <TaskInstance: Twitter_extractor_DAGs.BRONZE_LAYER_EXTRACTION_E scheduled__2024-08-31T00:00:00+00:00 [queued]>
[2024-09-03 15:52:08,331] {taskinstance.py:1159} INFO - Dependencies all met for <TaskInstance: Twitter_extractor_DAGs.BRONZE_LAYER_EXTRACTION_E scheduled__2024-08-31T00:00:00+00:00 [queued]>
[2024-09-03 15:52:08,331] {taskinstance.py:1356} INFO - 
--------------------------------------------------------------------------------
[2024-09-03 15:52:08,331] {taskinstance.py:1357} INFO - Starting attempt 1 of 1
[2024-09-03 15:52:08,331] {taskinstance.py:1358} INFO - 
--------------------------------------------------------------------------------
[2024-09-03 15:52:08,341] {taskinstance.py:1377} INFO - Executing <Task(TwitterOperator): BRONZE_LAYER_EXTRACTION_E> on 2024-08-31 00:00:00+00:00
[2024-09-03 15:52:08,344] {standard_task_runner.py:52} INFO - Started process 270993 to run task
[2024-09-03 15:52:08,349] {standard_task_runner.py:79} INFO - Running: ['airflow', 'tasks', 'run', 'Twitter_extractor_DAGs', 'BRONZE_LAYER_EXTRACTION_E', 'scheduled__2024-08-31T00:00:00+00:00', '--job-id', '86', '--raw', '--subdir', 'DAGS_FOLDER/twitter_dag.py', '--cfg-path', '/tmp/tmpuw8j2cyk', '--error-file', '/tmp/tmp9yb897is']
[2024-09-03 15:52:08,350] {standard_task_runner.py:80} INFO - Job 86: Subtask BRONZE_LAYER_EXTRACTION_E
[2024-09-03 15:52:08,384] {task_command.py:370} INFO - Running <TaskInstance: Twitter_extractor_DAGs.BRONZE_LAYER_EXTRACTION_E scheduled__2024-08-31T00:00:00+00:00 [running]> on host kaiwangairflow
[2024-09-03 15:52:08,445] {taskinstance.py:1569} INFO - Exporting the following env vars:
AIRFLOW_CTX_DAG_OWNER=airflow
AIRFLOW_CTX_DAG_ID=Twitter_extractor_DAGs
AIRFLOW_CTX_TASK_ID=BRONZE_LAYER_EXTRACTION_E
AIRFLOW_CTX_EXECUTION_DATE=2024-08-31T00:00:00+00:00
AIRFLOW_CTX_TRY_NUMBER=1
AIRFLOW_CTX_DAG_RUN_ID=scheduled__2024-08-31T00:00:00+00:00
[2024-09-03 15:52:08,447] {taskinstance.py:1889} ERROR - Task failed with exception
Traceback (most recent call last):
  File "/usr/lib/python3.9/pathlib.py", line 1323, in mkdir
    self._accessor.mkdir(self, mode)
FileNotFoundError: [Errno 2] No such file or directory: '/twitter_extractor_airflow/datalake/bronze/twitter_dataengineer/extract_data=2024-08-31T00:00:00.00Z'

During handling of the above exception, another exception occurred:

Traceback (most recent call last):
  File "/usr/lib/python3.9/pathlib.py", line 1323, in mkdir
    self._accessor.mkdir(self, mode)
FileNotFoundError: [Errno 2] No such file or directory: '/twitter_extractor_airflow/datalake/bronze/twitter_dataengineer'

During handling of the above exception, another exception occurred:

Traceback (most recent call last):
  File "/usr/lib/python3.9/pathlib.py", line 1323, in mkdir
    self._accessor.mkdir(self, mode)
FileNotFoundError: [Errno 2] No such file or directory: '/twitter_extractor_airflow/datalake/bronze'

During handling of the above exception, another exception occurred:

Traceback (most recent call last):
  File "/usr/lib/python3.9/pathlib.py", line 1323, in mkdir
    self._accessor.mkdir(self, mode)
FileNotFoundError: [Errno 2] No such file or directory: '/twitter_extractor_airflow/datalake'

During handling of the above exception, another exception occurred:

Traceback (most recent call last):
  File "/home/kai/Documents/PROJETOS/twitter_extractor_airflow/airflow_twitter/operators/twitter_operator.py", line 31, in execute
    self.create_parent_folder()
  File "/home/kai/Documents/PROJETOS/twitter_extractor_airflow/airflow_twitter/operators/twitter_operator.py", line 23, in create_parent_folder
    (Path(self.file_path).parent).mkdir(parents=True, exist_ok=True)
  File "/usr/lib/python3.9/pathlib.py", line 1327, in mkdir
    self.parent.mkdir(parents=True, exist_ok=True)
  File "/usr/lib/python3.9/pathlib.py", line 1327, in mkdir
    self.parent.mkdir(parents=True, exist_ok=True)
  File "/usr/lib/python3.9/pathlib.py", line 1327, in mkdir
    self.parent.mkdir(parents=True, exist_ok=True)
  [Previous line repeated 1 more time]
  File "/usr/lib/python3.9/pathlib.py", line 1323, in mkdir
    self._accessor.mkdir(self, mode)
PermissionError: [Errno 13] Permission denied: '/twitter_extractor_airflow'
[2024-09-03 15:52:08,453] {taskinstance.py:1395} INFO - Marking task as FAILED. dag_id=Twitter_extractor_DAGs, task_id=BRONZE_LAYER_EXTRACTION_E, execution_date=20240831T000000, start_date=20240903T185208, end_date=20240903T185208
[2024-09-03 15:52:08,460] {standard_task_runner.py:92} ERROR - Failed to execute job 86 for task BRONZE_LAYER_EXTRACTION_E ([Errno 13] Permission denied: '/twitter_extractor_airflow'; 270993)
[2024-09-03 15:52:08,476] {local_task_job.py:156} INFO - Task exited with return code 1
[2024-09-03 15:52:08,503] {local_task_job.py:273} INFO - 0 downstream tasks scheduled from follow-on schedule check
[2024-09-03 15:58:14,286] {taskinstance.py:1159} INFO - Dependencies all met for <TaskInstance: Twitter_extractor_DAGs.BRONZE_LAYER_EXTRACTION_E scheduled__2024-08-31T00:00:00+00:00 [queued]>
[2024-09-03 15:58:14,291] {taskinstance.py:1159} INFO - Dependencies all met for <TaskInstance: Twitter_extractor_DAGs.BRONZE_LAYER_EXTRACTION_E scheduled__2024-08-31T00:00:00+00:00 [queued]>
[2024-09-03 15:58:14,291] {taskinstance.py:1356} INFO - 
--------------------------------------------------------------------------------
[2024-09-03 15:58:14,291] {taskinstance.py:1357} INFO - Starting attempt 1 of 1
[2024-09-03 15:58:14,291] {taskinstance.py:1358} INFO - 
--------------------------------------------------------------------------------
[2024-09-03 15:58:14,299] {taskinstance.py:1377} INFO - Executing <Task(TwitterOperator): BRONZE_LAYER_EXTRACTION_E> on 2024-08-31 00:00:00+00:00
[2024-09-03 15:58:14,302] {standard_task_runner.py:52} INFO - Started process 274386 to run task
[2024-09-03 15:58:14,305] {standard_task_runner.py:79} INFO - Running: ['airflow', 'tasks', 'run', 'Twitter_extractor_DAGs', 'BRONZE_LAYER_EXTRACTION_E', 'scheduled__2024-08-31T00:00:00+00:00', '--job-id', '86', '--raw', '--subdir', 'DAGS_FOLDER/twitter_dag.py', '--cfg-path', '/tmp/tmpxwx9__jy', '--error-file', '/tmp/tmpahhm9tof']
[2024-09-03 15:58:14,305] {standard_task_runner.py:80} INFO - Job 86: Subtask BRONZE_LAYER_EXTRACTION_E
[2024-09-03 15:58:14,337] {task_command.py:370} INFO - Running <TaskInstance: Twitter_extractor_DAGs.BRONZE_LAYER_EXTRACTION_E scheduled__2024-08-31T00:00:00+00:00 [running]> on host kaiwangairflow
[2024-09-03 15:58:14,384] {taskinstance.py:1569} INFO - Exporting the following env vars:
AIRFLOW_CTX_DAG_OWNER=airflow
AIRFLOW_CTX_DAG_ID=Twitter_extractor_DAGs
AIRFLOW_CTX_TASK_ID=BRONZE_LAYER_EXTRACTION_E
AIRFLOW_CTX_EXECUTION_DATE=2024-08-31T00:00:00+00:00
AIRFLOW_CTX_TRY_NUMBER=1
AIRFLOW_CTX_DAG_RUN_ID=scheduled__2024-08-31T00:00:00+00:00
[2024-09-03 15:58:14,385] {taskinstance.py:1889} ERROR - Task failed with exception
Traceback (most recent call last):
  File "/usr/lib/python3.9/pathlib.py", line 1323, in mkdir
    self._accessor.mkdir(self, mode)
FileNotFoundError: [Errno 2] No such file or directory: '/twitter_extractor_airflow/datalake/bronze/twitter_dataengineer/extract_data=2024-08-31T00:00:00.00Z'

During handling of the above exception, another exception occurred:

Traceback (most recent call last):
  File "/usr/lib/python3.9/pathlib.py", line 1323, in mkdir
    self._accessor.mkdir(self, mode)
FileNotFoundError: [Errno 2] No such file or directory: '/twitter_extractor_airflow/datalake/bronze/twitter_dataengineer'

During handling of the above exception, another exception occurred:

Traceback (most recent call last):
  File "/usr/lib/python3.9/pathlib.py", line 1323, in mkdir
    self._accessor.mkdir(self, mode)
FileNotFoundError: [Errno 2] No such file or directory: '/twitter_extractor_airflow/datalake/bronze'

During handling of the above exception, another exception occurred:

Traceback (most recent call last):
  File "/usr/lib/python3.9/pathlib.py", line 1323, in mkdir
    self._accessor.mkdir(self, mode)
FileNotFoundError: [Errno 2] No such file or directory: '/twitter_extractor_airflow/datalake'

During handling of the above exception, another exception occurred:

Traceback (most recent call last):
  File "/home/kai/Documents/PROJETOS/twitter_extractor_airflow/airflow_twitter/operators/twitter_operator.py", line 31, in execute
    self.create_parent_folder()
  File "/home/kai/Documents/PROJETOS/twitter_extractor_airflow/airflow_twitter/operators/twitter_operator.py", line 23, in create_parent_folder
    (Path(self.file_path).parent).mkdir(parents=True, exist_ok=True)
  File "/usr/lib/python3.9/pathlib.py", line 1327, in mkdir
    self.parent.mkdir(parents=True, exist_ok=True)
  File "/usr/lib/python3.9/pathlib.py", line 1327, in mkdir
    self.parent.mkdir(parents=True, exist_ok=True)
  File "/usr/lib/python3.9/pathlib.py", line 1327, in mkdir
    self.parent.mkdir(parents=True, exist_ok=True)
  [Previous line repeated 1 more time]
  File "/usr/lib/python3.9/pathlib.py", line 1323, in mkdir
    self._accessor.mkdir(self, mode)
PermissionError: [Errno 13] Permission denied: '/twitter_extractor_airflow'
[2024-09-03 15:58:14,388] {taskinstance.py:1395} INFO - Marking task as FAILED. dag_id=Twitter_extractor_DAGs, task_id=BRONZE_LAYER_EXTRACTION_E, execution_date=20240831T000000, start_date=20240903T185814, end_date=20240903T185814
[2024-09-03 15:58:14,395] {standard_task_runner.py:92} ERROR - Failed to execute job 86 for task BRONZE_LAYER_EXTRACTION_E ([Errno 13] Permission denied: '/twitter_extractor_airflow'; 274386)
[2024-09-03 15:58:14,414] {local_task_job.py:156} INFO - Task exited with return code 1
[2024-09-03 15:58:14,438] {local_task_job.py:273} INFO - 0 downstream tasks scheduled from follow-on schedule check
[2024-09-03 16:00:44,919] {taskinstance.py:1159} INFO - Dependencies all met for <TaskInstance: Twitter_extractor_DAGs.BRONZE_LAYER_EXTRACTION_E scheduled__2024-08-31T00:00:00+00:00 [queued]>
[2024-09-03 16:00:44,930] {taskinstance.py:1159} INFO - Dependencies all met for <TaskInstance: Twitter_extractor_DAGs.BRONZE_LAYER_EXTRACTION_E scheduled__2024-08-31T00:00:00+00:00 [queued]>
[2024-09-03 16:00:44,930] {taskinstance.py:1356} INFO - 
--------------------------------------------------------------------------------
[2024-09-03 16:00:44,930] {taskinstance.py:1357} INFO - Starting attempt 1 of 1
[2024-09-03 16:00:44,930] {taskinstance.py:1358} INFO - 
--------------------------------------------------------------------------------
[2024-09-03 16:00:44,945] {taskinstance.py:1377} INFO - Executing <Task(TwitterOperator): BRONZE_LAYER_EXTRACTION_E> on 2024-08-31 00:00:00+00:00
[2024-09-03 16:00:44,948] {standard_task_runner.py:52} INFO - Started process 275411 to run task
[2024-09-03 16:00:44,951] {standard_task_runner.py:79} INFO - Running: ['airflow', 'tasks', 'run', 'Twitter_extractor_DAGs', 'BRONZE_LAYER_EXTRACTION_E', 'scheduled__2024-08-31T00:00:00+00:00', '--job-id', '86', '--raw', '--subdir', 'DAGS_FOLDER/twitter_dag.py', '--cfg-path', '/tmp/tmpgko1cujl', '--error-file', '/tmp/tmpimm7hyna']
[2024-09-03 16:00:44,952] {standard_task_runner.py:80} INFO - Job 86: Subtask BRONZE_LAYER_EXTRACTION_E
[2024-09-03 16:00:44,993] {task_command.py:370} INFO - Running <TaskInstance: Twitter_extractor_DAGs.BRONZE_LAYER_EXTRACTION_E scheduled__2024-08-31T00:00:00+00:00 [running]> on host kaiwangairflow
[2024-09-03 16:00:45,050] {taskinstance.py:1569} INFO - Exporting the following env vars:
AIRFLOW_CTX_DAG_OWNER=airflow
AIRFLOW_CTX_DAG_ID=Twitter_extractor_DAGs
AIRFLOW_CTX_TASK_ID=BRONZE_LAYER_EXTRACTION_E
AIRFLOW_CTX_EXECUTION_DATE=2024-08-31T00:00:00+00:00
AIRFLOW_CTX_TRY_NUMBER=1
AIRFLOW_CTX_DAG_RUN_ID=scheduled__2024-08-31T00:00:00+00:00
[2024-09-03 16:00:45,051] {taskinstance.py:1889} ERROR - Task failed with exception
Traceback (most recent call last):
  File "/usr/lib/python3.9/pathlib.py", line 1323, in mkdir
    self._accessor.mkdir(self, mode)
FileNotFoundError: [Errno 2] No such file or directory: '/datalake/bronze/twitter_dataengineer/extract_data=2024-08-31T00:00:00.00Z'

During handling of the above exception, another exception occurred:

Traceback (most recent call last):
  File "/usr/lib/python3.9/pathlib.py", line 1323, in mkdir
    self._accessor.mkdir(self, mode)
FileNotFoundError: [Errno 2] No such file or directory: '/datalake/bronze/twitter_dataengineer'

During handling of the above exception, another exception occurred:

Traceback (most recent call last):
  File "/usr/lib/python3.9/pathlib.py", line 1323, in mkdir
    self._accessor.mkdir(self, mode)
FileNotFoundError: [Errno 2] No such file or directory: '/datalake/bronze'

During handling of the above exception, another exception occurred:

Traceback (most recent call last):
  File "/home/kai/Documents/PROJETOS/twitter_extractor_airflow/airflow_twitter/operators/twitter_operator.py", line 31, in execute
    self.create_parent_folder()
  File "/home/kai/Documents/PROJETOS/twitter_extractor_airflow/airflow_twitter/operators/twitter_operator.py", line 23, in create_parent_folder
    (Path(self.file_path).parent).mkdir(parents=True, exist_ok=True)
  File "/usr/lib/python3.9/pathlib.py", line 1327, in mkdir
    self.parent.mkdir(parents=True, exist_ok=True)
  File "/usr/lib/python3.9/pathlib.py", line 1327, in mkdir
    self.parent.mkdir(parents=True, exist_ok=True)
  File "/usr/lib/python3.9/pathlib.py", line 1327, in mkdir
    self.parent.mkdir(parents=True, exist_ok=True)
  File "/usr/lib/python3.9/pathlib.py", line 1323, in mkdir
    self._accessor.mkdir(self, mode)
PermissionError: [Errno 13] Permission denied: '/datalake'
[2024-09-03 16:00:45,054] {taskinstance.py:1395} INFO - Marking task as FAILED. dag_id=Twitter_extractor_DAGs, task_id=BRONZE_LAYER_EXTRACTION_E, execution_date=20240831T000000, start_date=20240903T190044, end_date=20240903T190045
[2024-09-03 16:00:45,066] {standard_task_runner.py:92} ERROR - Failed to execute job 86 for task BRONZE_LAYER_EXTRACTION_E ([Errno 13] Permission denied: '/datalake'; 275411)
[2024-09-03 16:00:45,084] {local_task_job.py:156} INFO - Task exited with return code 1
[2024-09-03 16:00:45,117] {local_task_job.py:273} INFO - 0 downstream tasks scheduled from follow-on schedule check
[2024-09-03 16:02:37,130] {taskinstance.py:1159} INFO - Dependencies all met for <TaskInstance: Twitter_extractor_DAGs.BRONZE_LAYER_EXTRACTION_E scheduled__2024-08-31T00:00:00+00:00 [queued]>
[2024-09-03 16:02:37,134] {taskinstance.py:1159} INFO - Dependencies all met for <TaskInstance: Twitter_extractor_DAGs.BRONZE_LAYER_EXTRACTION_E scheduled__2024-08-31T00:00:00+00:00 [queued]>
[2024-09-03 16:02:37,134] {taskinstance.py:1356} INFO - 
--------------------------------------------------------------------------------
[2024-09-03 16:02:37,134] {taskinstance.py:1357} INFO - Starting attempt 1 of 1
[2024-09-03 16:02:37,134] {taskinstance.py:1358} INFO - 
--------------------------------------------------------------------------------
[2024-09-03 16:02:37,144] {taskinstance.py:1377} INFO - Executing <Task(TwitterOperator): BRONZE_LAYER_EXTRACTION_E> on 2024-08-31 00:00:00+00:00
[2024-09-03 16:02:37,146] {standard_task_runner.py:52} INFO - Started process 276094 to run task
[2024-09-03 16:02:37,149] {standard_task_runner.py:79} INFO - Running: ['airflow', 'tasks', 'run', 'Twitter_extractor_DAGs', 'BRONZE_LAYER_EXTRACTION_E', 'scheduled__2024-08-31T00:00:00+00:00', '--job-id', '86', '--raw', '--subdir', 'DAGS_FOLDER/twitter_dag.py', '--cfg-path', '/tmp/tmp59m1wmo2', '--error-file', '/tmp/tmp5t9147tt']
[2024-09-03 16:02:37,149] {standard_task_runner.py:80} INFO - Job 86: Subtask BRONZE_LAYER_EXTRACTION_E
[2024-09-03 16:02:37,179] {task_command.py:370} INFO - Running <TaskInstance: Twitter_extractor_DAGs.BRONZE_LAYER_EXTRACTION_E scheduled__2024-08-31T00:00:00+00:00 [running]> on host kaiwangairflow
[2024-09-03 16:02:37,218] {taskinstance.py:1569} INFO - Exporting the following env vars:
AIRFLOW_CTX_DAG_OWNER=airflow
AIRFLOW_CTX_DAG_ID=Twitter_extractor_DAGs
AIRFLOW_CTX_TASK_ID=BRONZE_LAYER_EXTRACTION_E
AIRFLOW_CTX_EXECUTION_DATE=2024-08-31T00:00:00+00:00
AIRFLOW_CTX_TRY_NUMBER=1
AIRFLOW_CTX_DAG_RUN_ID=scheduled__2024-08-31T00:00:00+00:00
[2024-09-03 16:02:37,219] {taskinstance.py:1889} ERROR - Task failed with exception
Traceback (most recent call last):
  File "/usr/lib/python3.9/pathlib.py", line 1323, in mkdir
    self._accessor.mkdir(self, mode)
FileNotFoundError: [Errno 2] No such file or directory: '/twitter_extractor_airflow/datalake/bronze/twitter_dataengineer/extract_data=2024-08-31T00:00:00.00Z'

During handling of the above exception, another exception occurred:

Traceback (most recent call last):
  File "/usr/lib/python3.9/pathlib.py", line 1323, in mkdir
    self._accessor.mkdir(self, mode)
FileNotFoundError: [Errno 2] No such file or directory: '/twitter_extractor_airflow/datalake/bronze/twitter_dataengineer'

During handling of the above exception, another exception occurred:

Traceback (most recent call last):
  File "/usr/lib/python3.9/pathlib.py", line 1323, in mkdir
    self._accessor.mkdir(self, mode)
FileNotFoundError: [Errno 2] No such file or directory: '/twitter_extractor_airflow/datalake/bronze'

During handling of the above exception, another exception occurred:

Traceback (most recent call last):
  File "/usr/lib/python3.9/pathlib.py", line 1323, in mkdir
    self._accessor.mkdir(self, mode)
FileNotFoundError: [Errno 2] No such file or directory: '/twitter_extractor_airflow/datalake'

During handling of the above exception, another exception occurred:

Traceback (most recent call last):
  File "/home/kai/Documents/PROJETOS/twitter_extractor_airflow/airflow_twitter/operators/twitter_operator.py", line 31, in execute
    self.create_parent_folder()
  File "/home/kai/Documents/PROJETOS/twitter_extractor_airflow/airflow_twitter/operators/twitter_operator.py", line 23, in create_parent_folder
    (Path(self.file_path).parent).mkdir(parents=True, exist_ok=True)
  File "/usr/lib/python3.9/pathlib.py", line 1327, in mkdir
    self.parent.mkdir(parents=True, exist_ok=True)
  File "/usr/lib/python3.9/pathlib.py", line 1327, in mkdir
    self.parent.mkdir(parents=True, exist_ok=True)
  File "/usr/lib/python3.9/pathlib.py", line 1327, in mkdir
    self.parent.mkdir(parents=True, exist_ok=True)
  [Previous line repeated 1 more time]
  File "/usr/lib/python3.9/pathlib.py", line 1323, in mkdir
    self._accessor.mkdir(self, mode)
PermissionError: [Errno 13] Permission denied: '/twitter_extractor_airflow'
[2024-09-03 16:02:37,222] {taskinstance.py:1395} INFO - Marking task as FAILED. dag_id=Twitter_extractor_DAGs, task_id=BRONZE_LAYER_EXTRACTION_E, execution_date=20240831T000000, start_date=20240903T190237, end_date=20240903T190237
[2024-09-03 16:02:37,233] {standard_task_runner.py:92} ERROR - Failed to execute job 86 for task BRONZE_LAYER_EXTRACTION_E ([Errno 13] Permission denied: '/twitter_extractor_airflow'; 276094)
[2024-09-03 16:02:37,258] {local_task_job.py:156} INFO - Task exited with return code 1
[2024-09-03 16:02:37,277] {local_task_job.py:273} INFO - 0 downstream tasks scheduled from follow-on schedule check
[2024-09-03 16:04:15,320] {taskinstance.py:1159} INFO - Dependencies all met for <TaskInstance: Twitter_extractor_DAGs.BRONZE_LAYER_EXTRACTION_E scheduled__2024-08-31T00:00:00+00:00 [queued]>
[2024-09-03 16:04:15,327] {taskinstance.py:1159} INFO - Dependencies all met for <TaskInstance: Twitter_extractor_DAGs.BRONZE_LAYER_EXTRACTION_E scheduled__2024-08-31T00:00:00+00:00 [queued]>
[2024-09-03 16:04:15,327] {taskinstance.py:1356} INFO - 
--------------------------------------------------------------------------------
[2024-09-03 16:04:15,327] {taskinstance.py:1357} INFO - Starting attempt 1 of 1
[2024-09-03 16:04:15,327] {taskinstance.py:1358} INFO - 
--------------------------------------------------------------------------------
[2024-09-03 16:04:15,339] {taskinstance.py:1377} INFO - Executing <Task(TwitterOperator): BRONZE_LAYER_EXTRACTION_E> on 2024-08-31 00:00:00+00:00
[2024-09-03 16:04:15,342] {standard_task_runner.py:52} INFO - Started process 276801 to run task
[2024-09-03 16:04:15,347] {standard_task_runner.py:79} INFO - Running: ['airflow', 'tasks', 'run', 'Twitter_extractor_DAGs', 'BRONZE_LAYER_EXTRACTION_E', 'scheduled__2024-08-31T00:00:00+00:00', '--job-id', '86', '--raw', '--subdir', 'DAGS_FOLDER/twitter_dag.py', '--cfg-path', '/tmp/tmp7v2xcb00', '--error-file', '/tmp/tmp0q8jp3q1']
[2024-09-03 16:04:15,347] {standard_task_runner.py:80} INFO - Job 86: Subtask BRONZE_LAYER_EXTRACTION_E
[2024-09-03 16:04:15,400] {task_command.py:370} INFO - Running <TaskInstance: Twitter_extractor_DAGs.BRONZE_LAYER_EXTRACTION_E scheduled__2024-08-31T00:00:00+00:00 [running]> on host kaiwangairflow
[2024-09-03 16:04:15,455] {taskinstance.py:1569} INFO - Exporting the following env vars:
AIRFLOW_CTX_DAG_OWNER=airflow
AIRFLOW_CTX_DAG_ID=Twitter_extractor_DAGs
AIRFLOW_CTX_TASK_ID=BRONZE_LAYER_EXTRACTION_E
AIRFLOW_CTX_EXECUTION_DATE=2024-08-31T00:00:00+00:00
AIRFLOW_CTX_TRY_NUMBER=1
AIRFLOW_CTX_DAG_RUN_ID=scheduled__2024-08-31T00:00:00+00:00
[2024-09-03 16:04:15,456] {taskinstance.py:1889} ERROR - Task failed with exception
Traceback (most recent call last):
  File "/usr/lib/python3.9/pathlib.py", line 1323, in mkdir
    self._accessor.mkdir(self, mode)
FileNotFoundError: [Errno 2] No such file or directory: '/twitter_extractor_airflow/datalake/bronze/twitter_dataengineer/extract_data=2024-08-31T00:00:00.00Z'

During handling of the above exception, another exception occurred:

Traceback (most recent call last):
  File "/usr/lib/python3.9/pathlib.py", line 1323, in mkdir
    self._accessor.mkdir(self, mode)
FileNotFoundError: [Errno 2] No such file or directory: '/twitter_extractor_airflow/datalake/bronze/twitter_dataengineer'

During handling of the above exception, another exception occurred:

Traceback (most recent call last):
  File "/usr/lib/python3.9/pathlib.py", line 1323, in mkdir
    self._accessor.mkdir(self, mode)
FileNotFoundError: [Errno 2] No such file or directory: '/twitter_extractor_airflow/datalake/bronze'

During handling of the above exception, another exception occurred:

Traceback (most recent call last):
  File "/usr/lib/python3.9/pathlib.py", line 1323, in mkdir
    self._accessor.mkdir(self, mode)
FileNotFoundError: [Errno 2] No such file or directory: '/twitter_extractor_airflow/datalake'

During handling of the above exception, another exception occurred:

Traceback (most recent call last):
  File "/home/kai/Documents/PROJETOS/twitter_extractor_airflow/airflow_twitter/operators/twitter_operator.py", line 31, in execute
    self.create_parent_folder()
  File "/home/kai/Documents/PROJETOS/twitter_extractor_airflow/airflow_twitter/operators/twitter_operator.py", line 23, in create_parent_folder
    (Path(self.file_path).parent).mkdir(parents=True, exist_ok=True)
  File "/usr/lib/python3.9/pathlib.py", line 1327, in mkdir
    self.parent.mkdir(parents=True, exist_ok=True)
  File "/usr/lib/python3.9/pathlib.py", line 1327, in mkdir
    self.parent.mkdir(parents=True, exist_ok=True)
  File "/usr/lib/python3.9/pathlib.py", line 1327, in mkdir
    self.parent.mkdir(parents=True, exist_ok=True)
  [Previous line repeated 1 more time]
  File "/usr/lib/python3.9/pathlib.py", line 1323, in mkdir
    self._accessor.mkdir(self, mode)
PermissionError: [Errno 13] Permission denied: '/twitter_extractor_airflow'
[2024-09-03 16:04:15,460] {taskinstance.py:1395} INFO - Marking task as FAILED. dag_id=Twitter_extractor_DAGs, task_id=BRONZE_LAYER_EXTRACTION_E, execution_date=20240831T000000, start_date=20240903T190415, end_date=20240903T190415
[2024-09-03 16:04:15,469] {standard_task_runner.py:92} ERROR - Failed to execute job 86 for task BRONZE_LAYER_EXTRACTION_E ([Errno 13] Permission denied: '/twitter_extractor_airflow'; 276801)
[2024-09-03 16:04:15,496] {local_task_job.py:156} INFO - Task exited with return code 1
[2024-09-03 16:04:15,516] {local_task_job.py:273} INFO - 0 downstream tasks scheduled from follow-on schedule check
[2024-09-03 16:13:53,808] {taskinstance.py:1159} INFO - Dependencies all met for <TaskInstance: Twitter_extractor_DAGs.BRONZE_LAYER_EXTRACTION_E scheduled__2024-08-31T00:00:00+00:00 [queued]>
[2024-09-03 16:13:53,813] {taskinstance.py:1159} INFO - Dependencies all met for <TaskInstance: Twitter_extractor_DAGs.BRONZE_LAYER_EXTRACTION_E scheduled__2024-08-31T00:00:00+00:00 [queued]>
[2024-09-03 16:13:53,813] {taskinstance.py:1356} INFO - 
--------------------------------------------------------------------------------
[2024-09-03 16:13:53,813] {taskinstance.py:1357} INFO - Starting attempt 1 of 1
[2024-09-03 16:13:53,813] {taskinstance.py:1358} INFO - 
--------------------------------------------------------------------------------
[2024-09-03 16:13:53,822] {taskinstance.py:1377} INFO - Executing <Task(TwitterOperator): BRONZE_LAYER_EXTRACTION_E> on 2024-08-31 00:00:00+00:00
[2024-09-03 16:13:53,824] {standard_task_runner.py:52} INFO - Started process 278510 to run task
[2024-09-03 16:13:53,827] {standard_task_runner.py:79} INFO - Running: ['airflow', 'tasks', 'run', 'Twitter_extractor_DAGs', 'BRONZE_LAYER_EXTRACTION_E', 'scheduled__2024-08-31T00:00:00+00:00', '--job-id', '86', '--raw', '--subdir', 'DAGS_FOLDER/twitter_dag.py', '--cfg-path', '/tmp/tmp6mfsmvka', '--error-file', '/tmp/tmpa68wgq_7']
[2024-09-03 16:13:53,828] {standard_task_runner.py:80} INFO - Job 86: Subtask BRONZE_LAYER_EXTRACTION_E
[2024-09-03 16:13:53,857] {task_command.py:370} INFO - Running <TaskInstance: Twitter_extractor_DAGs.BRONZE_LAYER_EXTRACTION_E scheduled__2024-08-31T00:00:00+00:00 [running]> on host kaiwangairflow
[2024-09-03 16:13:53,895] {taskinstance.py:1569} INFO - Exporting the following env vars:
AIRFLOW_CTX_DAG_OWNER=airflow
AIRFLOW_CTX_DAG_ID=Twitter_extractor_DAGs
AIRFLOW_CTX_TASK_ID=BRONZE_LAYER_EXTRACTION_E
AIRFLOW_CTX_EXECUTION_DATE=2024-08-31T00:00:00+00:00
AIRFLOW_CTX_TRY_NUMBER=1
AIRFLOW_CTX_DAG_RUN_ID=scheduled__2024-08-31T00:00:00+00:00
[2024-09-03 16:13:53,895] {taskinstance.py:1889} ERROR - Task failed with exception
Traceback (most recent call last):
  File "/usr/lib/python3.9/pathlib.py", line 1323, in mkdir
    self._accessor.mkdir(self, mode)
FileNotFoundError: [Errno 2] No such file or directory: '/twitter_extractor_airflow/datalake/bronze/twitter_dataengineer/extract_data=2024-08-31T00:00:00.00Z'

During handling of the above exception, another exception occurred:

Traceback (most recent call last):
  File "/usr/lib/python3.9/pathlib.py", line 1323, in mkdir
    self._accessor.mkdir(self, mode)
FileNotFoundError: [Errno 2] No such file or directory: '/twitter_extractor_airflow/datalake/bronze/twitter_dataengineer'

During handling of the above exception, another exception occurred:

Traceback (most recent call last):
  File "/usr/lib/python3.9/pathlib.py", line 1323, in mkdir
    self._accessor.mkdir(self, mode)
FileNotFoundError: [Errno 2] No such file or directory: '/twitter_extractor_airflow/datalake/bronze'

During handling of the above exception, another exception occurred:

Traceback (most recent call last):
  File "/usr/lib/python3.9/pathlib.py", line 1323, in mkdir
    self._accessor.mkdir(self, mode)
FileNotFoundError: [Errno 2] No such file or directory: '/twitter_extractor_airflow/datalake'

During handling of the above exception, another exception occurred:

Traceback (most recent call last):
  File "/home/kai/Documents/PROJETOS/twitter_extractor_airflow/airflow_twitter/operators/twitter_operator.py", line 31, in execute
    self.create_parent_folder()
  File "/home/kai/Documents/PROJETOS/twitter_extractor_airflow/airflow_twitter/operators/twitter_operator.py", line 23, in create_parent_folder
    (Path(self.file_path).parent).mkdir(parents=True, exist_ok=True)
  File "/usr/lib/python3.9/pathlib.py", line 1327, in mkdir
    self.parent.mkdir(parents=True, exist_ok=True)
  File "/usr/lib/python3.9/pathlib.py", line 1327, in mkdir
    self.parent.mkdir(parents=True, exist_ok=True)
  File "/usr/lib/python3.9/pathlib.py", line 1327, in mkdir
    self.parent.mkdir(parents=True, exist_ok=True)
  [Previous line repeated 1 more time]
  File "/usr/lib/python3.9/pathlib.py", line 1323, in mkdir
    self._accessor.mkdir(self, mode)
PermissionError: [Errno 13] Permission denied: '/twitter_extractor_airflow'
[2024-09-03 16:13:53,898] {taskinstance.py:1395} INFO - Marking task as FAILED. dag_id=Twitter_extractor_DAGs, task_id=BRONZE_LAYER_EXTRACTION_E, execution_date=20240831T000000, start_date=20240903T191353, end_date=20240903T191353
[2024-09-03 16:13:53,907] {standard_task_runner.py:92} ERROR - Failed to execute job 86 for task BRONZE_LAYER_EXTRACTION_E ([Errno 13] Permission denied: '/twitter_extractor_airflow'; 278510)
[2024-09-03 16:13:53,918] {local_task_job.py:156} INFO - Task exited with return code 1
[2024-09-03 16:13:53,936] {local_task_job.py:273} INFO - 0 downstream tasks scheduled from follow-on schedule check
[2024-09-03 16:24:54,350] {taskinstance.py:1159} INFO - Dependencies all met for <TaskInstance: Twitter_extractor_DAGs.BRONZE_LAYER_EXTRACTION_E scheduled__2024-08-31T00:00:00+00:00 [queued]>
[2024-09-03 16:24:54,354] {taskinstance.py:1159} INFO - Dependencies all met for <TaskInstance: Twitter_extractor_DAGs.BRONZE_LAYER_EXTRACTION_E scheduled__2024-08-31T00:00:00+00:00 [queued]>
[2024-09-03 16:24:54,354] {taskinstance.py:1356} INFO - 
--------------------------------------------------------------------------------
[2024-09-03 16:24:54,354] {taskinstance.py:1357} INFO - Starting attempt 1 of 1
[2024-09-03 16:24:54,354] {taskinstance.py:1358} INFO - 
--------------------------------------------------------------------------------
[2024-09-03 16:24:54,363] {taskinstance.py:1377} INFO - Executing <Task(TwitterOperator): BRONZE_LAYER_EXTRACTION_E> on 2024-08-31 00:00:00+00:00
[2024-09-03 16:24:54,365] {standard_task_runner.py:52} INFO - Started process 286289 to run task
[2024-09-03 16:24:54,368] {standard_task_runner.py:79} INFO - Running: ['airflow', 'tasks', 'run', 'Twitter_extractor_DAGs', 'BRONZE_LAYER_EXTRACTION_E', 'scheduled__2024-08-31T00:00:00+00:00', '--job-id', '97', '--raw', '--subdir', 'DAGS_FOLDER/twitter_dag.py', '--cfg-path', '/tmp/tmp1l9fcw7h', '--error-file', '/tmp/tmp68m5holc']
[2024-09-03 16:24:54,368] {standard_task_runner.py:80} INFO - Job 97: Subtask BRONZE_LAYER_EXTRACTION_E
[2024-09-03 16:24:54,397] {task_command.py:370} INFO - Running <TaskInstance: Twitter_extractor_DAGs.BRONZE_LAYER_EXTRACTION_E scheduled__2024-08-31T00:00:00+00:00 [running]> on host kaiwangairflow
[2024-09-03 16:24:54,435] {taskinstance.py:1569} INFO - Exporting the following env vars:
AIRFLOW_CTX_DAG_OWNER=airflow
AIRFLOW_CTX_DAG_ID=Twitter_extractor_DAGs
AIRFLOW_CTX_TASK_ID=BRONZE_LAYER_EXTRACTION_E
AIRFLOW_CTX_EXECUTION_DATE=2024-08-31T00:00:00+00:00
AIRFLOW_CTX_TRY_NUMBER=1
AIRFLOW_CTX_DAG_RUN_ID=scheduled__2024-08-31T00:00:00+00:00
[2024-09-03 16:24:54,439] {base.py:68} INFO - Using connection ID 'twitter_connections_default' for task execution.
[2024-09-03 16:24:54,440] {twitter_hook.py:65} INFO - URL: https://labdados.com/2/tweets/search/recent?query=data engineer&tweet.fields=author_id,conversation_id,created_at,id,in_reply_to_user_id,public_metrics,lang,text&expansions=author_id&user.fields=id,name,username,created_at&start_time=2024-08-31T00:00:00.00Z&end_time=2024-09-01T00:00:00.00Z
[2024-09-03 16:24:55,159] {twitter_hook.py:65} INFO - URL: https://labdados.com/2/tweets/search/recent?query=data engineer&tweet.fields=author_id,conversation_id,created_at,id,in_reply_to_user_id,public_metrics,lang,text&expansions=author_id&user.fields=id,name,username,created_at&start_time=2024-08-31T00:00:00.00Z&end_time=2024-09-01T00:00:00.00Z&next_token=1234567890abcdef
[2024-09-03 16:24:55,392] {twitter_hook.py:65} INFO - URL: https://labdados.com/2/tweets/search/recent?query=data engineer&tweet.fields=author_id,conversation_id,created_at,id,in_reply_to_user_id,public_metrics,lang,text&expansions=author_id&user.fields=id,name,username,created_at&start_time=2024-08-31T00:00:00.00Z&end_time=2024-09-01T00:00:00.00Z&next_token=1234567890abcdef
[2024-09-03 16:24:55,806] {twitter_hook.py:65} INFO - URL: https://labdados.com/2/tweets/search/recent?query=data engineer&tweet.fields=author_id,conversation_id,created_at,id,in_reply_to_user_id,public_metrics,lang,text&expansions=author_id&user.fields=id,name,username,created_at&start_time=2024-08-31T00:00:00.00Z&end_time=2024-09-01T00:00:00.00Z&next_token=1234567890abcdef
[2024-09-03 16:24:55,995] {twitter_hook.py:65} INFO - URL: https://labdados.com/2/tweets/search/recent?query=data engineer&tweet.fields=author_id,conversation_id,created_at,id,in_reply_to_user_id,public_metrics,lang,text&expansions=author_id&user.fields=id,name,username,created_at&start_time=2024-08-31T00:00:00.00Z&end_time=2024-09-01T00:00:00.00Z&next_token=1234567890abcdef
[2024-09-03 16:24:56,223] {twitter_hook.py:65} INFO - URL: https://labdados.com/2/tweets/search/recent?query=data engineer&tweet.fields=author_id,conversation_id,created_at,id,in_reply_to_user_id,public_metrics,lang,text&expansions=author_id&user.fields=id,name,username,created_at&start_time=2024-08-31T00:00:00.00Z&end_time=2024-09-01T00:00:00.00Z&next_token=1234567890abcdef
[2024-09-03 16:24:56,451] {twitter_hook.py:65} INFO - URL: https://labdados.com/2/tweets/search/recent?query=data engineer&tweet.fields=author_id,conversation_id,created_at,id,in_reply_to_user_id,public_metrics,lang,text&expansions=author_id&user.fields=id,name,username,created_at&start_time=2024-08-31T00:00:00.00Z&end_time=2024-09-01T00:00:00.00Z&next_token=1234567890abcdef
[2024-09-03 16:24:56,877] {twitter_hook.py:65} INFO - URL: https://labdados.com/2/tweets/search/recent?query=data engineer&tweet.fields=author_id,conversation_id,created_at,id,in_reply_to_user_id,public_metrics,lang,text&expansions=author_id&user.fields=id,name,username,created_at&start_time=2024-08-31T00:00:00.00Z&end_time=2024-09-01T00:00:00.00Z&next_token=1234567890abcdef
[2024-09-03 16:24:57,171] {twitter_hook.py:65} INFO - URL: https://labdados.com/2/tweets/search/recent?query=data engineer&tweet.fields=author_id,conversation_id,created_at,id,in_reply_to_user_id,public_metrics,lang,text&expansions=author_id&user.fields=id,name,username,created_at&start_time=2024-08-31T00:00:00.00Z&end_time=2024-09-01T00:00:00.00Z&next_token=1234567890abcdef
[2024-09-03 16:24:57,374] {twitter_hook.py:65} INFO - URL: https://labdados.com/2/tweets/search/recent?query=data engineer&tweet.fields=author_id,conversation_id,created_at,id,in_reply_to_user_id,public_metrics,lang,text&expansions=author_id&user.fields=id,name,username,created_at&start_time=2024-08-31T00:00:00.00Z&end_time=2024-09-01T00:00:00.00Z&next_token=1234567890abcdef
[2024-09-03 16:24:57,597] {twitter_hook.py:65} INFO - URL: https://labdados.com/2/tweets/search/recent?query=data engineer&tweet.fields=author_id,conversation_id,created_at,id,in_reply_to_user_id,public_metrics,lang,text&expansions=author_id&user.fields=id,name,username,created_at&start_time=2024-08-31T00:00:00.00Z&end_time=2024-09-01T00:00:00.00Z&next_token=1234567890abcdef
[2024-09-03 16:24:57,791] {twitter_hook.py:65} INFO - URL: https://labdados.com/2/tweets/search/recent?query=data engineer&tweet.fields=author_id,conversation_id,created_at,id,in_reply_to_user_id,public_metrics,lang,text&expansions=author_id&user.fields=id,name,username,created_at&start_time=2024-08-31T00:00:00.00Z&end_time=2024-09-01T00:00:00.00Z&next_token=1234567890abcdef
[2024-09-03 16:24:58,007] {twitter_hook.py:65} INFO - URL: https://labdados.com/2/tweets/search/recent?query=data engineer&tweet.fields=author_id,conversation_id,created_at,id,in_reply_to_user_id,public_metrics,lang,text&expansions=author_id&user.fields=id,name,username,created_at&start_time=2024-08-31T00:00:00.00Z&end_time=2024-09-01T00:00:00.00Z&next_token=1234567890abcdef
[2024-09-03 16:24:58,240] {twitter_hook.py:65} INFO - URL: https://labdados.com/2/tweets/search/recent?query=data engineer&tweet.fields=author_id,conversation_id,created_at,id,in_reply_to_user_id,public_metrics,lang,text&expansions=author_id&user.fields=id,name,username,created_at&start_time=2024-08-31T00:00:00.00Z&end_time=2024-09-01T00:00:00.00Z&next_token=1234567890abcdef
[2024-09-03 16:24:58,432] {twitter_hook.py:65} INFO - URL: https://labdados.com/2/tweets/search/recent?query=data engineer&tweet.fields=author_id,conversation_id,created_at,id,in_reply_to_user_id,public_metrics,lang,text&expansions=author_id&user.fields=id,name,username,created_at&start_time=2024-08-31T00:00:00.00Z&end_time=2024-09-01T00:00:00.00Z&next_token=1234567890abcdef
[2024-09-03 16:24:58,587] {twitter_hook.py:65} INFO - URL: https://labdados.com/2/tweets/search/recent?query=data engineer&tweet.fields=author_id,conversation_id,created_at,id,in_reply_to_user_id,public_metrics,lang,text&expansions=author_id&user.fields=id,name,username,created_at&start_time=2024-08-31T00:00:00.00Z&end_time=2024-09-01T00:00:00.00Z&next_token=1234567890abcdef
[2024-09-03 16:24:58,734] {twitter_hook.py:65} INFO - URL: https://labdados.com/2/tweets/search/recent?query=data engineer&tweet.fields=author_id,conversation_id,created_at,id,in_reply_to_user_id,public_metrics,lang,text&expansions=author_id&user.fields=id,name,username,created_at&start_time=2024-08-31T00:00:00.00Z&end_time=2024-09-01T00:00:00.00Z&next_token=1234567890abcdef
[2024-09-03 16:24:58,881] {twitter_hook.py:65} INFO - URL: https://labdados.com/2/tweets/search/recent?query=data engineer&tweet.fields=author_id,conversation_id,created_at,id,in_reply_to_user_id,public_metrics,lang,text&expansions=author_id&user.fields=id,name,username,created_at&start_time=2024-08-31T00:00:00.00Z&end_time=2024-09-01T00:00:00.00Z&next_token=1234567890abcdef
[2024-09-03 16:24:59,031] {twitter_hook.py:65} INFO - URL: https://labdados.com/2/tweets/search/recent?query=data engineer&tweet.fields=author_id,conversation_id,created_at,id,in_reply_to_user_id,public_metrics,lang,text&expansions=author_id&user.fields=id,name,username,created_at&start_time=2024-08-31T00:00:00.00Z&end_time=2024-09-01T00:00:00.00Z&next_token=1234567890abcdef
[2024-09-03 16:24:59,170] {twitter_hook.py:65} INFO - URL: https://labdados.com/2/tweets/search/recent?query=data engineer&tweet.fields=author_id,conversation_id,created_at,id,in_reply_to_user_id,public_metrics,lang,text&expansions=author_id&user.fields=id,name,username,created_at&start_time=2024-08-31T00:00:00.00Z&end_time=2024-09-01T00:00:00.00Z&next_token=1234567890abcdef
[2024-09-03 16:24:59,311] {twitter_hook.py:65} INFO - URL: https://labdados.com/2/tweets/search/recent?query=data engineer&tweet.fields=author_id,conversation_id,created_at,id,in_reply_to_user_id,public_metrics,lang,text&expansions=author_id&user.fields=id,name,username,created_at&start_time=2024-08-31T00:00:00.00Z&end_time=2024-09-01T00:00:00.00Z&next_token=1234567890abcdef
[2024-09-03 16:24:59,451] {twitter_hook.py:65} INFO - URL: https://labdados.com/2/tweets/search/recent?query=data engineer&tweet.fields=author_id,conversation_id,created_at,id,in_reply_to_user_id,public_metrics,lang,text&expansions=author_id&user.fields=id,name,username,created_at&start_time=2024-08-31T00:00:00.00Z&end_time=2024-09-01T00:00:00.00Z&next_token=1234567890abcdef
[2024-09-03 16:24:59,590] {twitter_hook.py:65} INFO - URL: https://labdados.com/2/tweets/search/recent?query=data engineer&tweet.fields=author_id,conversation_id,created_at,id,in_reply_to_user_id,public_metrics,lang,text&expansions=author_id&user.fields=id,name,username,created_at&start_time=2024-08-31T00:00:00.00Z&end_time=2024-09-01T00:00:00.00Z&next_token=1234567890abcdef
[2024-09-03 16:24:59,733] {twitter_hook.py:65} INFO - URL: https://labdados.com/2/tweets/search/recent?query=data engineer&tweet.fields=author_id,conversation_id,created_at,id,in_reply_to_user_id,public_metrics,lang,text&expansions=author_id&user.fields=id,name,username,created_at&start_time=2024-08-31T00:00:00.00Z&end_time=2024-09-01T00:00:00.00Z&next_token=1234567890abcdef
[2024-09-03 16:24:59,876] {twitter_hook.py:65} INFO - URL: https://labdados.com/2/tweets/search/recent?query=data engineer&tweet.fields=author_id,conversation_id,created_at,id,in_reply_to_user_id,public_metrics,lang,text&expansions=author_id&user.fields=id,name,username,created_at&start_time=2024-08-31T00:00:00.00Z&end_time=2024-09-01T00:00:00.00Z&next_token=1234567890abcdef
[2024-09-03 16:25:00,018] {twitter_hook.py:65} INFO - URL: https://labdados.com/2/tweets/search/recent?query=data engineer&tweet.fields=author_id,conversation_id,created_at,id,in_reply_to_user_id,public_metrics,lang,text&expansions=author_id&user.fields=id,name,username,created_at&start_time=2024-08-31T00:00:00.00Z&end_time=2024-09-01T00:00:00.00Z&next_token=1234567890abcdef
[2024-09-03 16:25:00,165] {twitter_hook.py:65} INFO - URL: https://labdados.com/2/tweets/search/recent?query=data engineer&tweet.fields=author_id,conversation_id,created_at,id,in_reply_to_user_id,public_metrics,lang,text&expansions=author_id&user.fields=id,name,username,created_at&start_time=2024-08-31T00:00:00.00Z&end_time=2024-09-01T00:00:00.00Z&next_token=1234567890abcdef
[2024-09-03 16:25:00,305] {twitter_hook.py:65} INFO - URL: https://labdados.com/2/tweets/search/recent?query=data engineer&tweet.fields=author_id,conversation_id,created_at,id,in_reply_to_user_id,public_metrics,lang,text&expansions=author_id&user.fields=id,name,username,created_at&start_time=2024-08-31T00:00:00.00Z&end_time=2024-09-01T00:00:00.00Z&next_token=1234567890abcdef
[2024-09-03 16:25:00,449] {twitter_hook.py:65} INFO - URL: https://labdados.com/2/tweets/search/recent?query=data engineer&tweet.fields=author_id,conversation_id,created_at,id,in_reply_to_user_id,public_metrics,lang,text&expansions=author_id&user.fields=id,name,username,created_at&start_time=2024-08-31T00:00:00.00Z&end_time=2024-09-01T00:00:00.00Z&next_token=1234567890abcdef
[2024-09-03 16:25:00,592] {twitter_hook.py:65} INFO - URL: https://labdados.com/2/tweets/search/recent?query=data engineer&tweet.fields=author_id,conversation_id,created_at,id,in_reply_to_user_id,public_metrics,lang,text&expansions=author_id&user.fields=id,name,username,created_at&start_time=2024-08-31T00:00:00.00Z&end_time=2024-09-01T00:00:00.00Z&next_token=1234567890abcdef
[2024-09-03 16:25:00,732] {twitter_hook.py:65} INFO - URL: https://labdados.com/2/tweets/search/recent?query=data engineer&tweet.fields=author_id,conversation_id,created_at,id,in_reply_to_user_id,public_metrics,lang,text&expansions=author_id&user.fields=id,name,username,created_at&start_time=2024-08-31T00:00:00.00Z&end_time=2024-09-01T00:00:00.00Z&next_token=1234567890abcdef
[2024-09-03 16:25:00,874] {twitter_hook.py:65} INFO - URL: https://labdados.com/2/tweets/search/recent?query=data engineer&tweet.fields=author_id,conversation_id,created_at,id,in_reply_to_user_id,public_metrics,lang,text&expansions=author_id&user.fields=id,name,username,created_at&start_time=2024-08-31T00:00:00.00Z&end_time=2024-09-01T00:00:00.00Z&next_token=1234567890abcdef
[2024-09-03 16:25:01,016] {twitter_hook.py:65} INFO - URL: https://labdados.com/2/tweets/search/recent?query=data engineer&tweet.fields=author_id,conversation_id,created_at,id,in_reply_to_user_id,public_metrics,lang,text&expansions=author_id&user.fields=id,name,username,created_at&start_time=2024-08-31T00:00:00.00Z&end_time=2024-09-01T00:00:00.00Z&next_token=1234567890abcdef
[2024-09-03 16:25:01,155] {twitter_hook.py:65} INFO - URL: https://labdados.com/2/tweets/search/recent?query=data engineer&tweet.fields=author_id,conversation_id,created_at,id,in_reply_to_user_id,public_metrics,lang,text&expansions=author_id&user.fields=id,name,username,created_at&start_time=2024-08-31T00:00:00.00Z&end_time=2024-09-01T00:00:00.00Z&next_token=1234567890abcdef
[2024-09-03 16:25:01,295] {twitter_hook.py:65} INFO - URL: https://labdados.com/2/tweets/search/recent?query=data engineer&tweet.fields=author_id,conversation_id,created_at,id,in_reply_to_user_id,public_metrics,lang,text&expansions=author_id&user.fields=id,name,username,created_at&start_time=2024-08-31T00:00:00.00Z&end_time=2024-09-01T00:00:00.00Z&next_token=1234567890abcdef
[2024-09-03 16:25:01,437] {twitter_hook.py:65} INFO - URL: https://labdados.com/2/tweets/search/recent?query=data engineer&tweet.fields=author_id,conversation_id,created_at,id,in_reply_to_user_id,public_metrics,lang,text&expansions=author_id&user.fields=id,name,username,created_at&start_time=2024-08-31T00:00:00.00Z&end_time=2024-09-01T00:00:00.00Z&next_token=1234567890abcdef
[2024-09-03 16:25:01,581] {twitter_hook.py:65} INFO - URL: https://labdados.com/2/tweets/search/recent?query=data engineer&tweet.fields=author_id,conversation_id,created_at,id,in_reply_to_user_id,public_metrics,lang,text&expansions=author_id&user.fields=id,name,username,created_at&start_time=2024-08-31T00:00:00.00Z&end_time=2024-09-01T00:00:00.00Z&next_token=1234567890abcdef
[2024-09-03 16:25:01,731] {twitter_hook.py:65} INFO - URL: https://labdados.com/2/tweets/search/recent?query=data engineer&tweet.fields=author_id,conversation_id,created_at,id,in_reply_to_user_id,public_metrics,lang,text&expansions=author_id&user.fields=id,name,username,created_at&start_time=2024-08-31T00:00:00.00Z&end_time=2024-09-01T00:00:00.00Z&next_token=1234567890abcdef
[2024-09-03 16:25:01,876] {twitter_hook.py:65} INFO - URL: https://labdados.com/2/tweets/search/recent?query=data engineer&tweet.fields=author_id,conversation_id,created_at,id,in_reply_to_user_id,public_metrics,lang,text&expansions=author_id&user.fields=id,name,username,created_at&start_time=2024-08-31T00:00:00.00Z&end_time=2024-09-01T00:00:00.00Z&next_token=1234567890abcdef
[2024-09-03 16:25:02,016] {twitter_hook.py:65} INFO - URL: https://labdados.com/2/tweets/search/recent?query=data engineer&tweet.fields=author_id,conversation_id,created_at,id,in_reply_to_user_id,public_metrics,lang,text&expansions=author_id&user.fields=id,name,username,created_at&start_time=2024-08-31T00:00:00.00Z&end_time=2024-09-01T00:00:00.00Z&next_token=1234567890abcdef
[2024-09-03 16:25:02,157] {twitter_hook.py:65} INFO - URL: https://labdados.com/2/tweets/search/recent?query=data engineer&tweet.fields=author_id,conversation_id,created_at,id,in_reply_to_user_id,public_metrics,lang,text&expansions=author_id&user.fields=id,name,username,created_at&start_time=2024-08-31T00:00:00.00Z&end_time=2024-09-01T00:00:00.00Z&next_token=1234567890abcdef
[2024-09-03 16:25:02,300] {twitter_hook.py:65} INFO - URL: https://labdados.com/2/tweets/search/recent?query=data engineer&tweet.fields=author_id,conversation_id,created_at,id,in_reply_to_user_id,public_metrics,lang,text&expansions=author_id&user.fields=id,name,username,created_at&start_time=2024-08-31T00:00:00.00Z&end_time=2024-09-01T00:00:00.00Z&next_token=1234567890abcdef
[2024-09-03 16:25:02,445] {twitter_hook.py:65} INFO - URL: https://labdados.com/2/tweets/search/recent?query=data engineer&tweet.fields=author_id,conversation_id,created_at,id,in_reply_to_user_id,public_metrics,lang,text&expansions=author_id&user.fields=id,name,username,created_at&start_time=2024-08-31T00:00:00.00Z&end_time=2024-09-01T00:00:00.00Z&next_token=1234567890abcdef
[2024-09-03 16:25:02,591] {twitter_hook.py:65} INFO - URL: https://labdados.com/2/tweets/search/recent?query=data engineer&tweet.fields=author_id,conversation_id,created_at,id,in_reply_to_user_id,public_metrics,lang,text&expansions=author_id&user.fields=id,name,username,created_at&start_time=2024-08-31T00:00:00.00Z&end_time=2024-09-01T00:00:00.00Z&next_token=1234567890abcdef
[2024-09-03 16:25:02,739] {twitter_hook.py:65} INFO - URL: https://labdados.com/2/tweets/search/recent?query=data engineer&tweet.fields=author_id,conversation_id,created_at,id,in_reply_to_user_id,public_metrics,lang,text&expansions=author_id&user.fields=id,name,username,created_at&start_time=2024-08-31T00:00:00.00Z&end_time=2024-09-01T00:00:00.00Z&next_token=1234567890abcdef
[2024-09-03 16:25:02,894] {twitter_hook.py:65} INFO - URL: https://labdados.com/2/tweets/search/recent?query=data engineer&tweet.fields=author_id,conversation_id,created_at,id,in_reply_to_user_id,public_metrics,lang,text&expansions=author_id&user.fields=id,name,username,created_at&start_time=2024-08-31T00:00:00.00Z&end_time=2024-09-01T00:00:00.00Z&next_token=1234567890abcdef
[2024-09-03 16:25:03,036] {twitter_hook.py:65} INFO - URL: https://labdados.com/2/tweets/search/recent?query=data engineer&tweet.fields=author_id,conversation_id,created_at,id,in_reply_to_user_id,public_metrics,lang,text&expansions=author_id&user.fields=id,name,username,created_at&start_time=2024-08-31T00:00:00.00Z&end_time=2024-09-01T00:00:00.00Z&next_token=1234567890abcdef
[2024-09-03 16:25:03,179] {twitter_hook.py:65} INFO - URL: https://labdados.com/2/tweets/search/recent?query=data engineer&tweet.fields=author_id,conversation_id,created_at,id,in_reply_to_user_id,public_metrics,lang,text&expansions=author_id&user.fields=id,name,username,created_at&start_time=2024-08-31T00:00:00.00Z&end_time=2024-09-01T00:00:00.00Z&next_token=1234567890abcdef
[2024-09-03 16:25:03,329] {twitter_hook.py:65} INFO - URL: https://labdados.com/2/tweets/search/recent?query=data engineer&tweet.fields=author_id,conversation_id,created_at,id,in_reply_to_user_id,public_metrics,lang,text&expansions=author_id&user.fields=id,name,username,created_at&start_time=2024-08-31T00:00:00.00Z&end_time=2024-09-01T00:00:00.00Z&next_token=1234567890abcdef
[2024-09-03 16:25:03,478] {twitter_hook.py:65} INFO - URL: https://labdados.com/2/tweets/search/recent?query=data engineer&tweet.fields=author_id,conversation_id,created_at,id,in_reply_to_user_id,public_metrics,lang,text&expansions=author_id&user.fields=id,name,username,created_at&start_time=2024-08-31T00:00:00.00Z&end_time=2024-09-01T00:00:00.00Z&next_token=1234567890abcdef
[2024-09-03 16:25:03,619] {twitter_hook.py:65} INFO - URL: https://labdados.com/2/tweets/search/recent?query=data engineer&tweet.fields=author_id,conversation_id,created_at,id,in_reply_to_user_id,public_metrics,lang,text&expansions=author_id&user.fields=id,name,username,created_at&start_time=2024-08-31T00:00:00.00Z&end_time=2024-09-01T00:00:00.00Z&next_token=1234567890abcdef
[2024-09-03 16:25:03,767] {twitter_hook.py:65} INFO - URL: https://labdados.com/2/tweets/search/recent?query=data engineer&tweet.fields=author_id,conversation_id,created_at,id,in_reply_to_user_id,public_metrics,lang,text&expansions=author_id&user.fields=id,name,username,created_at&start_time=2024-08-31T00:00:00.00Z&end_time=2024-09-01T00:00:00.00Z&next_token=1234567890abcdef
[2024-09-03 16:25:03,909] {twitter_hook.py:65} INFO - URL: https://labdados.com/2/tweets/search/recent?query=data engineer&tweet.fields=author_id,conversation_id,created_at,id,in_reply_to_user_id,public_metrics,lang,text&expansions=author_id&user.fields=id,name,username,created_at&start_time=2024-08-31T00:00:00.00Z&end_time=2024-09-01T00:00:00.00Z&next_token=1234567890abcdef
[2024-09-03 16:25:04,059] {twitter_hook.py:65} INFO - URL: https://labdados.com/2/tweets/search/recent?query=data engineer&tweet.fields=author_id,conversation_id,created_at,id,in_reply_to_user_id,public_metrics,lang,text&expansions=author_id&user.fields=id,name,username,created_at&start_time=2024-08-31T00:00:00.00Z&end_time=2024-09-01T00:00:00.00Z&next_token=1234567890abcdef
[2024-09-03 16:25:04,201] {twitter_hook.py:65} INFO - URL: https://labdados.com/2/tweets/search/recent?query=data engineer&tweet.fields=author_id,conversation_id,created_at,id,in_reply_to_user_id,public_metrics,lang,text&expansions=author_id&user.fields=id,name,username,created_at&start_time=2024-08-31T00:00:00.00Z&end_time=2024-09-01T00:00:00.00Z&next_token=1234567890abcdef
[2024-09-03 16:25:04,345] {twitter_hook.py:65} INFO - URL: https://labdados.com/2/tweets/search/recent?query=data engineer&tweet.fields=author_id,conversation_id,created_at,id,in_reply_to_user_id,public_metrics,lang,text&expansions=author_id&user.fields=id,name,username,created_at&start_time=2024-08-31T00:00:00.00Z&end_time=2024-09-01T00:00:00.00Z&next_token=1234567890abcdef
[2024-09-03 16:25:04,490] {twitter_hook.py:65} INFO - URL: https://labdados.com/2/tweets/search/recent?query=data engineer&tweet.fields=author_id,conversation_id,created_at,id,in_reply_to_user_id,public_metrics,lang,text&expansions=author_id&user.fields=id,name,username,created_at&start_time=2024-08-31T00:00:00.00Z&end_time=2024-09-01T00:00:00.00Z&next_token=1234567890abcdef
[2024-09-03 16:25:04,634] {twitter_hook.py:65} INFO - URL: https://labdados.com/2/tweets/search/recent?query=data engineer&tweet.fields=author_id,conversation_id,created_at,id,in_reply_to_user_id,public_metrics,lang,text&expansions=author_id&user.fields=id,name,username,created_at&start_time=2024-08-31T00:00:00.00Z&end_time=2024-09-01T00:00:00.00Z&next_token=1234567890abcdef
[2024-09-03 16:25:04,775] {twitter_hook.py:65} INFO - URL: https://labdados.com/2/tweets/search/recent?query=data engineer&tweet.fields=author_id,conversation_id,created_at,id,in_reply_to_user_id,public_metrics,lang,text&expansions=author_id&user.fields=id,name,username,created_at&start_time=2024-08-31T00:00:00.00Z&end_time=2024-09-01T00:00:00.00Z&next_token=1234567890abcdef
[2024-09-03 16:25:04,915] {twitter_hook.py:65} INFO - URL: https://labdados.com/2/tweets/search/recent?query=data engineer&tweet.fields=author_id,conversation_id,created_at,id,in_reply_to_user_id,public_metrics,lang,text&expansions=author_id&user.fields=id,name,username,created_at&start_time=2024-08-31T00:00:00.00Z&end_time=2024-09-01T00:00:00.00Z&next_token=1234567890abcdef
[2024-09-03 16:25:05,058] {twitter_hook.py:65} INFO - URL: https://labdados.com/2/tweets/search/recent?query=data engineer&tweet.fields=author_id,conversation_id,created_at,id,in_reply_to_user_id,public_metrics,lang,text&expansions=author_id&user.fields=id,name,username,created_at&start_time=2024-08-31T00:00:00.00Z&end_time=2024-09-01T00:00:00.00Z&next_token=1234567890abcdef
[2024-09-03 16:25:05,217] {twitter_hook.py:65} INFO - URL: https://labdados.com/2/tweets/search/recent?query=data engineer&tweet.fields=author_id,conversation_id,created_at,id,in_reply_to_user_id,public_metrics,lang,text&expansions=author_id&user.fields=id,name,username,created_at&start_time=2024-08-31T00:00:00.00Z&end_time=2024-09-01T00:00:00.00Z&next_token=1234567890abcdef
[2024-09-03 16:25:05,370] {twitter_hook.py:65} INFO - URL: https://labdados.com/2/tweets/search/recent?query=data engineer&tweet.fields=author_id,conversation_id,created_at,id,in_reply_to_user_id,public_metrics,lang,text&expansions=author_id&user.fields=id,name,username,created_at&start_time=2024-08-31T00:00:00.00Z&end_time=2024-09-01T00:00:00.00Z&next_token=1234567890abcdef
[2024-09-03 16:25:05,511] {twitter_hook.py:65} INFO - URL: https://labdados.com/2/tweets/search/recent?query=data engineer&tweet.fields=author_id,conversation_id,created_at,id,in_reply_to_user_id,public_metrics,lang,text&expansions=author_id&user.fields=id,name,username,created_at&start_time=2024-08-31T00:00:00.00Z&end_time=2024-09-01T00:00:00.00Z&next_token=1234567890abcdef
[2024-09-03 16:25:05,651] {twitter_hook.py:65} INFO - URL: https://labdados.com/2/tweets/search/recent?query=data engineer&tweet.fields=author_id,conversation_id,created_at,id,in_reply_to_user_id,public_metrics,lang,text&expansions=author_id&user.fields=id,name,username,created_at&start_time=2024-08-31T00:00:00.00Z&end_time=2024-09-01T00:00:00.00Z&next_token=1234567890abcdef
[2024-09-03 16:25:05,795] {twitter_hook.py:65} INFO - URL: https://labdados.com/2/tweets/search/recent?query=data engineer&tweet.fields=author_id,conversation_id,created_at,id,in_reply_to_user_id,public_metrics,lang,text&expansions=author_id&user.fields=id,name,username,created_at&start_time=2024-08-31T00:00:00.00Z&end_time=2024-09-01T00:00:00.00Z&next_token=1234567890abcdef
[2024-09-03 16:25:05,940] {twitter_hook.py:65} INFO - URL: https://labdados.com/2/tweets/search/recent?query=data engineer&tweet.fields=author_id,conversation_id,created_at,id,in_reply_to_user_id,public_metrics,lang,text&expansions=author_id&user.fields=id,name,username,created_at&start_time=2024-08-31T00:00:00.00Z&end_time=2024-09-01T00:00:00.00Z&next_token=1234567890abcdef
[2024-09-03 16:25:06,087] {twitter_hook.py:65} INFO - URL: https://labdados.com/2/tweets/search/recent?query=data engineer&tweet.fields=author_id,conversation_id,created_at,id,in_reply_to_user_id,public_metrics,lang,text&expansions=author_id&user.fields=id,name,username,created_at&start_time=2024-08-31T00:00:00.00Z&end_time=2024-09-01T00:00:00.00Z&next_token=1234567890abcdef
[2024-09-03 16:25:06,227] {twitter_hook.py:65} INFO - URL: https://labdados.com/2/tweets/search/recent?query=data engineer&tweet.fields=author_id,conversation_id,created_at,id,in_reply_to_user_id,public_metrics,lang,text&expansions=author_id&user.fields=id,name,username,created_at&start_time=2024-08-31T00:00:00.00Z&end_time=2024-09-01T00:00:00.00Z&next_token=1234567890abcdef
[2024-09-03 16:25:06,376] {twitter_hook.py:65} INFO - URL: https://labdados.com/2/tweets/search/recent?query=data engineer&tweet.fields=author_id,conversation_id,created_at,id,in_reply_to_user_id,public_metrics,lang,text&expansions=author_id&user.fields=id,name,username,created_at&start_time=2024-08-31T00:00:00.00Z&end_time=2024-09-01T00:00:00.00Z&next_token=1234567890abcdef
[2024-09-03 16:25:06,516] {twitter_hook.py:65} INFO - URL: https://labdados.com/2/tweets/search/recent?query=data engineer&tweet.fields=author_id,conversation_id,created_at,id,in_reply_to_user_id,public_metrics,lang,text&expansions=author_id&user.fields=id,name,username,created_at&start_time=2024-08-31T00:00:00.00Z&end_time=2024-09-01T00:00:00.00Z&next_token=1234567890abcdef
[2024-09-03 16:25:06,663] {twitter_hook.py:65} INFO - URL: https://labdados.com/2/tweets/search/recent?query=data engineer&tweet.fields=author_id,conversation_id,created_at,id,in_reply_to_user_id,public_metrics,lang,text&expansions=author_id&user.fields=id,name,username,created_at&start_time=2024-08-31T00:00:00.00Z&end_time=2024-09-01T00:00:00.00Z&next_token=1234567890abcdef
[2024-09-03 16:25:06,805] {twitter_hook.py:65} INFO - URL: https://labdados.com/2/tweets/search/recent?query=data engineer&tweet.fields=author_id,conversation_id,created_at,id,in_reply_to_user_id,public_metrics,lang,text&expansions=author_id&user.fields=id,name,username,created_at&start_time=2024-08-31T00:00:00.00Z&end_time=2024-09-01T00:00:00.00Z&next_token=1234567890abcdef
[2024-09-03 16:25:06,944] {twitter_hook.py:65} INFO - URL: https://labdados.com/2/tweets/search/recent?query=data engineer&tweet.fields=author_id,conversation_id,created_at,id,in_reply_to_user_id,public_metrics,lang,text&expansions=author_id&user.fields=id,name,username,created_at&start_time=2024-08-31T00:00:00.00Z&end_time=2024-09-01T00:00:00.00Z&next_token=1234567890abcdef
[2024-09-03 16:25:07,084] {twitter_hook.py:65} INFO - URL: https://labdados.com/2/tweets/search/recent?query=data engineer&tweet.fields=author_id,conversation_id,created_at,id,in_reply_to_user_id,public_metrics,lang,text&expansions=author_id&user.fields=id,name,username,created_at&start_time=2024-08-31T00:00:00.00Z&end_time=2024-09-01T00:00:00.00Z&next_token=1234567890abcdef
[2024-09-03 16:25:07,235] {twitter_hook.py:65} INFO - URL: https://labdados.com/2/tweets/search/recent?query=data engineer&tweet.fields=author_id,conversation_id,created_at,id,in_reply_to_user_id,public_metrics,lang,text&expansions=author_id&user.fields=id,name,username,created_at&start_time=2024-08-31T00:00:00.00Z&end_time=2024-09-01T00:00:00.00Z&next_token=1234567890abcdef
[2024-09-03 16:25:07,377] {twitter_hook.py:65} INFO - URL: https://labdados.com/2/tweets/search/recent?query=data engineer&tweet.fields=author_id,conversation_id,created_at,id,in_reply_to_user_id,public_metrics,lang,text&expansions=author_id&user.fields=id,name,username,created_at&start_time=2024-08-31T00:00:00.00Z&end_time=2024-09-01T00:00:00.00Z&next_token=1234567890abcdef
[2024-09-03 16:25:07,520] {twitter_hook.py:65} INFO - URL: https://labdados.com/2/tweets/search/recent?query=data engineer&tweet.fields=author_id,conversation_id,created_at,id,in_reply_to_user_id,public_metrics,lang,text&expansions=author_id&user.fields=id,name,username,created_at&start_time=2024-08-31T00:00:00.00Z&end_time=2024-09-01T00:00:00.00Z&next_token=1234567890abcdef
[2024-09-03 16:25:07,664] {twitter_hook.py:65} INFO - URL: https://labdados.com/2/tweets/search/recent?query=data engineer&tweet.fields=author_id,conversation_id,created_at,id,in_reply_to_user_id,public_metrics,lang,text&expansions=author_id&user.fields=id,name,username,created_at&start_time=2024-08-31T00:00:00.00Z&end_time=2024-09-01T00:00:00.00Z&next_token=1234567890abcdef
[2024-09-03 16:25:07,809] {twitter_hook.py:65} INFO - URL: https://labdados.com/2/tweets/search/recent?query=data engineer&tweet.fields=author_id,conversation_id,created_at,id,in_reply_to_user_id,public_metrics,lang,text&expansions=author_id&user.fields=id,name,username,created_at&start_time=2024-08-31T00:00:00.00Z&end_time=2024-09-01T00:00:00.00Z&next_token=1234567890abcdef
[2024-09-03 16:25:07,948] {twitter_hook.py:65} INFO - URL: https://labdados.com/2/tweets/search/recent?query=data engineer&tweet.fields=author_id,conversation_id,created_at,id,in_reply_to_user_id,public_metrics,lang,text&expansions=author_id&user.fields=id,name,username,created_at&start_time=2024-08-31T00:00:00.00Z&end_time=2024-09-01T00:00:00.00Z&next_token=1234567890abcdef
[2024-09-03 16:25:08,090] {twitter_hook.py:65} INFO - URL: https://labdados.com/2/tweets/search/recent?query=data engineer&tweet.fields=author_id,conversation_id,created_at,id,in_reply_to_user_id,public_metrics,lang,text&expansions=author_id&user.fields=id,name,username,created_at&start_time=2024-08-31T00:00:00.00Z&end_time=2024-09-01T00:00:00.00Z&next_token=1234567890abcdef
[2024-09-03 16:25:08,232] {twitter_hook.py:65} INFO - URL: https://labdados.com/2/tweets/search/recent?query=data engineer&tweet.fields=author_id,conversation_id,created_at,id,in_reply_to_user_id,public_metrics,lang,text&expansions=author_id&user.fields=id,name,username,created_at&start_time=2024-08-31T00:00:00.00Z&end_time=2024-09-01T00:00:00.00Z&next_token=1234567890abcdef
[2024-09-03 16:25:08,371] {twitter_hook.py:65} INFO - URL: https://labdados.com/2/tweets/search/recent?query=data engineer&tweet.fields=author_id,conversation_id,created_at,id,in_reply_to_user_id,public_metrics,lang,text&expansions=author_id&user.fields=id,name,username,created_at&start_time=2024-08-31T00:00:00.00Z&end_time=2024-09-01T00:00:00.00Z&next_token=1234567890abcdef
[2024-09-03 16:25:08,513] {twitter_hook.py:65} INFO - URL: https://labdados.com/2/tweets/search/recent?query=data engineer&tweet.fields=author_id,conversation_id,created_at,id,in_reply_to_user_id,public_metrics,lang,text&expansions=author_id&user.fields=id,name,username,created_at&start_time=2024-08-31T00:00:00.00Z&end_time=2024-09-01T00:00:00.00Z&next_token=1234567890abcdef
[2024-09-03 16:25:08,661] {twitter_hook.py:65} INFO - URL: https://labdados.com/2/tweets/search/recent?query=data engineer&tweet.fields=author_id,conversation_id,created_at,id,in_reply_to_user_id,public_metrics,lang,text&expansions=author_id&user.fields=id,name,username,created_at&start_time=2024-08-31T00:00:00.00Z&end_time=2024-09-01T00:00:00.00Z&next_token=1234567890abcdef
[2024-09-03 16:25:08,804] {twitter_hook.py:65} INFO - URL: https://labdados.com/2/tweets/search/recent?query=data engineer&tweet.fields=author_id,conversation_id,created_at,id,in_reply_to_user_id,public_metrics,lang,text&expansions=author_id&user.fields=id,name,username,created_at&start_time=2024-08-31T00:00:00.00Z&end_time=2024-09-01T00:00:00.00Z&next_token=1234567890abcdef
[2024-09-03 16:25:08,943] {twitter_hook.py:65} INFO - URL: https://labdados.com/2/tweets/search/recent?query=data engineer&tweet.fields=author_id,conversation_id,created_at,id,in_reply_to_user_id,public_metrics,lang,text&expansions=author_id&user.fields=id,name,username,created_at&start_time=2024-08-31T00:00:00.00Z&end_time=2024-09-01T00:00:00.00Z&next_token=1234567890abcdef
[2024-09-03 16:25:09,098] {twitter_hook.py:65} INFO - URL: https://labdados.com/2/tweets/search/recent?query=data engineer&tweet.fields=author_id,conversation_id,created_at,id,in_reply_to_user_id,public_metrics,lang,text&expansions=author_id&user.fields=id,name,username,created_at&start_time=2024-08-31T00:00:00.00Z&end_time=2024-09-01T00:00:00.00Z&next_token=1234567890abcdef
[2024-09-03 16:25:09,263] {twitter_hook.py:65} INFO - URL: https://labdados.com/2/tweets/search/recent?query=data engineer&tweet.fields=author_id,conversation_id,created_at,id,in_reply_to_user_id,public_metrics,lang,text&expansions=author_id&user.fields=id,name,username,created_at&start_time=2024-08-31T00:00:00.00Z&end_time=2024-09-01T00:00:00.00Z&next_token=1234567890abcdef
[2024-09-03 16:25:09,411] {twitter_hook.py:65} INFO - URL: https://labdados.com/2/tweets/search/recent?query=data engineer&tweet.fields=author_id,conversation_id,created_at,id,in_reply_to_user_id,public_metrics,lang,text&expansions=author_id&user.fields=id,name,username,created_at&start_time=2024-08-31T00:00:00.00Z&end_time=2024-09-01T00:00:00.00Z&next_token=1234567890abcdef
[2024-09-03 16:25:09,562] {twitter_hook.py:65} INFO - URL: https://labdados.com/2/tweets/search/recent?query=data engineer&tweet.fields=author_id,conversation_id,created_at,id,in_reply_to_user_id,public_metrics,lang,text&expansions=author_id&user.fields=id,name,username,created_at&start_time=2024-08-31T00:00:00.00Z&end_time=2024-09-01T00:00:00.00Z&next_token=1234567890abcdef
[2024-09-03 16:25:09,700] {twitter_hook.py:65} INFO - URL: https://labdados.com/2/tweets/search/recent?query=data engineer&tweet.fields=author_id,conversation_id,created_at,id,in_reply_to_user_id,public_metrics,lang,text&expansions=author_id&user.fields=id,name,username,created_at&start_time=2024-08-31T00:00:00.00Z&end_time=2024-09-01T00:00:00.00Z&next_token=1234567890abcdef
[2024-09-03 16:25:09,844] {twitter_hook.py:65} INFO - URL: https://labdados.com/2/tweets/search/recent?query=data engineer&tweet.fields=author_id,conversation_id,created_at,id,in_reply_to_user_id,public_metrics,lang,text&expansions=author_id&user.fields=id,name,username,created_at&start_time=2024-08-31T00:00:00.00Z&end_time=2024-09-01T00:00:00.00Z&next_token=1234567890abcdef
[2024-09-03 16:25:09,996] {twitter_hook.py:65} INFO - URL: https://labdados.com/2/tweets/search/recent?query=data engineer&tweet.fields=author_id,conversation_id,created_at,id,in_reply_to_user_id,public_metrics,lang,text&expansions=author_id&user.fields=id,name,username,created_at&start_time=2024-08-31T00:00:00.00Z&end_time=2024-09-01T00:00:00.00Z&next_token=1234567890abcdef
[2024-09-03 16:25:10,137] {twitter_hook.py:65} INFO - URL: https://labdados.com/2/tweets/search/recent?query=data engineer&tweet.fields=author_id,conversation_id,created_at,id,in_reply_to_user_id,public_metrics,lang,text&expansions=author_id&user.fields=id,name,username,created_at&start_time=2024-08-31T00:00:00.00Z&end_time=2024-09-01T00:00:00.00Z&next_token=1234567890abcdef
[2024-09-03 16:25:10,281] {twitter_hook.py:65} INFO - URL: https://labdados.com/2/tweets/search/recent?query=data engineer&tweet.fields=author_id,conversation_id,created_at,id,in_reply_to_user_id,public_metrics,lang,text&expansions=author_id&user.fields=id,name,username,created_at&start_time=2024-08-31T00:00:00.00Z&end_time=2024-09-01T00:00:00.00Z&next_token=1234567890abcdef
[2024-09-03 16:25:10,447] {twitter_hook.py:65} INFO - URL: https://labdados.com/2/tweets/search/recent?query=data engineer&tweet.fields=author_id,conversation_id,created_at,id,in_reply_to_user_id,public_metrics,lang,text&expansions=author_id&user.fields=id,name,username,created_at&start_time=2024-08-31T00:00:00.00Z&end_time=2024-09-01T00:00:00.00Z&next_token=1234567890abcdef
[2024-09-03 16:25:10,601] {twitter_hook.py:65} INFO - URL: https://labdados.com/2/tweets/search/recent?query=data engineer&tweet.fields=author_id,conversation_id,created_at,id,in_reply_to_user_id,public_metrics,lang,text&expansions=author_id&user.fields=id,name,username,created_at&start_time=2024-08-31T00:00:00.00Z&end_time=2024-09-01T00:00:00.00Z&next_token=1234567890abcdef
[2024-09-03 16:25:10,743] {twitter_hook.py:65} INFO - URL: https://labdados.com/2/tweets/search/recent?query=data engineer&tweet.fields=author_id,conversation_id,created_at,id,in_reply_to_user_id,public_metrics,lang,text&expansions=author_id&user.fields=id,name,username,created_at&start_time=2024-08-31T00:00:00.00Z&end_time=2024-09-01T00:00:00.00Z&next_token=1234567890abcdef
[2024-09-03 16:25:10,927] {taskinstance.py:1395} INFO - Marking task as SUCCESS. dag_id=Twitter_extractor_DAGs, task_id=BRONZE_LAYER_EXTRACTION_E, execution_date=20240831T000000, start_date=20240903T192454, end_date=20240903T192510
[2024-09-03 16:25:10,952] {local_task_job.py:156} INFO - Task exited with return code 0
[2024-09-03 16:25:10,963] {local_task_job.py:273} INFO - 1 downstream tasks scheduled from follow-on schedule check
[2024-09-03 16:42:53,810] {taskinstance.py:1159} INFO - Dependencies all met for <TaskInstance: Twitter_extractor_DAGs.BRONZE_LAYER_EXTRACTION_E scheduled__2024-08-31T00:00:00+00:00 [queued]>
[2024-09-03 16:42:53,818] {taskinstance.py:1159} INFO - Dependencies all met for <TaskInstance: Twitter_extractor_DAGs.BRONZE_LAYER_EXTRACTION_E scheduled__2024-08-31T00:00:00+00:00 [queued]>
[2024-09-03 16:42:53,818] {taskinstance.py:1356} INFO - 
--------------------------------------------------------------------------------
[2024-09-03 16:42:53,818] {taskinstance.py:1357} INFO - Starting attempt 1 of 1
[2024-09-03 16:42:53,818] {taskinstance.py:1358} INFO - 
--------------------------------------------------------------------------------
[2024-09-03 16:42:53,829] {taskinstance.py:1377} INFO - Executing <Task(TwitterOperator): BRONZE_LAYER_EXTRACTION_E> on 2024-08-31 00:00:00+00:00
[2024-09-03 16:42:53,831] {standard_task_runner.py:52} INFO - Started process 297079 to run task
[2024-09-03 16:42:53,834] {standard_task_runner.py:79} INFO - Running: ['airflow', 'tasks', 'run', 'Twitter_extractor_DAGs', 'BRONZE_LAYER_EXTRACTION_E', 'scheduled__2024-08-31T00:00:00+00:00', '--job-id', '98', '--raw', '--subdir', 'DAGS_FOLDER/twitter_dag.py', '--cfg-path', '/tmp/tmpxkvzdje1', '--error-file', '/tmp/tmpf7rcx_8h']
[2024-09-03 16:42:53,835] {standard_task_runner.py:80} INFO - Job 98: Subtask BRONZE_LAYER_EXTRACTION_E
[2024-09-03 16:42:53,874] {task_command.py:370} INFO - Running <TaskInstance: Twitter_extractor_DAGs.BRONZE_LAYER_EXTRACTION_E scheduled__2024-08-31T00:00:00+00:00 [running]> on host kaiwangairflow
[2024-09-03 16:42:53,918] {taskinstance.py:1569} INFO - Exporting the following env vars:
AIRFLOW_CTX_DAG_OWNER=airflow
AIRFLOW_CTX_DAG_ID=Twitter_extractor_DAGs
AIRFLOW_CTX_TASK_ID=BRONZE_LAYER_EXTRACTION_E
AIRFLOW_CTX_EXECUTION_DATE=2024-08-31T00:00:00+00:00
AIRFLOW_CTX_TRY_NUMBER=1
AIRFLOW_CTX_DAG_RUN_ID=scheduled__2024-08-31T00:00:00+00:00
[2024-09-03 16:42:53,924] {base.py:68} INFO - Using connection ID 'twitter_connections_default' for task execution.
[2024-09-03 16:42:53,925] {twitter_hook.py:65} INFO - URL: https://labdados.com/2/tweets/search/recent?query=data engineer&tweet.fields=author_id,conversation_id,created_at,id,in_reply_to_user_id,public_metrics,lang,text&expansions=author_id&user.fields=id,name,username,created_at&start_time=2024-08-31T00:00:00.00Z&end_time=2024-09-01T00:00:00.00Z
[2024-09-03 16:42:54,558] {twitter_hook.py:65} INFO - URL: https://labdados.com/2/tweets/search/recent?query=data engineer&tweet.fields=author_id,conversation_id,created_at,id,in_reply_to_user_id,public_metrics,lang,text&expansions=author_id&user.fields=id,name,username,created_at&start_time=2024-08-31T00:00:00.00Z&end_time=2024-09-01T00:00:00.00Z&next_token=1234567890abcdef
[2024-09-03 16:42:54,699] {twitter_hook.py:65} INFO - URL: https://labdados.com/2/tweets/search/recent?query=data engineer&tweet.fields=author_id,conversation_id,created_at,id,in_reply_to_user_id,public_metrics,lang,text&expansions=author_id&user.fields=id,name,username,created_at&start_time=2024-08-31T00:00:00.00Z&end_time=2024-09-01T00:00:00.00Z&next_token=1234567890abcdef
[2024-09-03 16:42:54,842] {twitter_hook.py:65} INFO - URL: https://labdados.com/2/tweets/search/recent?query=data engineer&tweet.fields=author_id,conversation_id,created_at,id,in_reply_to_user_id,public_metrics,lang,text&expansions=author_id&user.fields=id,name,username,created_at&start_time=2024-08-31T00:00:00.00Z&end_time=2024-09-01T00:00:00.00Z&next_token=1234567890abcdef
[2024-09-03 16:42:54,998] {twitter_hook.py:65} INFO - URL: https://labdados.com/2/tweets/search/recent?query=data engineer&tweet.fields=author_id,conversation_id,created_at,id,in_reply_to_user_id,public_metrics,lang,text&expansions=author_id&user.fields=id,name,username,created_at&start_time=2024-08-31T00:00:00.00Z&end_time=2024-09-01T00:00:00.00Z&next_token=1234567890abcdef
[2024-09-03 16:42:55,138] {twitter_hook.py:65} INFO - URL: https://labdados.com/2/tweets/search/recent?query=data engineer&tweet.fields=author_id,conversation_id,created_at,id,in_reply_to_user_id,public_metrics,lang,text&expansions=author_id&user.fields=id,name,username,created_at&start_time=2024-08-31T00:00:00.00Z&end_time=2024-09-01T00:00:00.00Z&next_token=1234567890abcdef
[2024-09-03 16:42:55,298] {twitter_hook.py:65} INFO - URL: https://labdados.com/2/tweets/search/recent?query=data engineer&tweet.fields=author_id,conversation_id,created_at,id,in_reply_to_user_id,public_metrics,lang,text&expansions=author_id&user.fields=id,name,username,created_at&start_time=2024-08-31T00:00:00.00Z&end_time=2024-09-01T00:00:00.00Z&next_token=1234567890abcdef
[2024-09-03 16:42:55,488] {twitter_hook.py:65} INFO - URL: https://labdados.com/2/tweets/search/recent?query=data engineer&tweet.fields=author_id,conversation_id,created_at,id,in_reply_to_user_id,public_metrics,lang,text&expansions=author_id&user.fields=id,name,username,created_at&start_time=2024-08-31T00:00:00.00Z&end_time=2024-09-01T00:00:00.00Z&next_token=1234567890abcdef
[2024-09-03 16:42:55,629] {twitter_hook.py:65} INFO - URL: https://labdados.com/2/tweets/search/recent?query=data engineer&tweet.fields=author_id,conversation_id,created_at,id,in_reply_to_user_id,public_metrics,lang,text&expansions=author_id&user.fields=id,name,username,created_at&start_time=2024-08-31T00:00:00.00Z&end_time=2024-09-01T00:00:00.00Z&next_token=1234567890abcdef
[2024-09-03 16:42:55,769] {twitter_hook.py:65} INFO - URL: https://labdados.com/2/tweets/search/recent?query=data engineer&tweet.fields=author_id,conversation_id,created_at,id,in_reply_to_user_id,public_metrics,lang,text&expansions=author_id&user.fields=id,name,username,created_at&start_time=2024-08-31T00:00:00.00Z&end_time=2024-09-01T00:00:00.00Z&next_token=1234567890abcdef
[2024-09-03 16:42:55,907] {twitter_hook.py:65} INFO - URL: https://labdados.com/2/tweets/search/recent?query=data engineer&tweet.fields=author_id,conversation_id,created_at,id,in_reply_to_user_id,public_metrics,lang,text&expansions=author_id&user.fields=id,name,username,created_at&start_time=2024-08-31T00:00:00.00Z&end_time=2024-09-01T00:00:00.00Z&next_token=1234567890abcdef
[2024-09-03 16:42:56,053] {twitter_hook.py:65} INFO - URL: https://labdados.com/2/tweets/search/recent?query=data engineer&tweet.fields=author_id,conversation_id,created_at,id,in_reply_to_user_id,public_metrics,lang,text&expansions=author_id&user.fields=id,name,username,created_at&start_time=2024-08-31T00:00:00.00Z&end_time=2024-09-01T00:00:00.00Z&next_token=1234567890abcdef
[2024-09-03 16:42:56,199] {twitter_hook.py:65} INFO - URL: https://labdados.com/2/tweets/search/recent?query=data engineer&tweet.fields=author_id,conversation_id,created_at,id,in_reply_to_user_id,public_metrics,lang,text&expansions=author_id&user.fields=id,name,username,created_at&start_time=2024-08-31T00:00:00.00Z&end_time=2024-09-01T00:00:00.00Z&next_token=1234567890abcdef
[2024-09-03 16:42:56,339] {twitter_hook.py:65} INFO - URL: https://labdados.com/2/tweets/search/recent?query=data engineer&tweet.fields=author_id,conversation_id,created_at,id,in_reply_to_user_id,public_metrics,lang,text&expansions=author_id&user.fields=id,name,username,created_at&start_time=2024-08-31T00:00:00.00Z&end_time=2024-09-01T00:00:00.00Z&next_token=1234567890abcdef
[2024-09-03 16:42:56,478] {twitter_hook.py:65} INFO - URL: https://labdados.com/2/tweets/search/recent?query=data engineer&tweet.fields=author_id,conversation_id,created_at,id,in_reply_to_user_id,public_metrics,lang,text&expansions=author_id&user.fields=id,name,username,created_at&start_time=2024-08-31T00:00:00.00Z&end_time=2024-09-01T00:00:00.00Z&next_token=1234567890abcdef
[2024-09-03 16:42:56,683] {twitter_hook.py:65} INFO - URL: https://labdados.com/2/tweets/search/recent?query=data engineer&tweet.fields=author_id,conversation_id,created_at,id,in_reply_to_user_id,public_metrics,lang,text&expansions=author_id&user.fields=id,name,username,created_at&start_time=2024-08-31T00:00:00.00Z&end_time=2024-09-01T00:00:00.00Z&next_token=1234567890abcdef
[2024-09-03 16:42:56,909] {twitter_hook.py:65} INFO - URL: https://labdados.com/2/tweets/search/recent?query=data engineer&tweet.fields=author_id,conversation_id,created_at,id,in_reply_to_user_id,public_metrics,lang,text&expansions=author_id&user.fields=id,name,username,created_at&start_time=2024-08-31T00:00:00.00Z&end_time=2024-09-01T00:00:00.00Z&next_token=1234567890abcdef
[2024-09-03 16:42:57,055] {twitter_hook.py:65} INFO - URL: https://labdados.com/2/tweets/search/recent?query=data engineer&tweet.fields=author_id,conversation_id,created_at,id,in_reply_to_user_id,public_metrics,lang,text&expansions=author_id&user.fields=id,name,username,created_at&start_time=2024-08-31T00:00:00.00Z&end_time=2024-09-01T00:00:00.00Z&next_token=1234567890abcdef
[2024-09-03 16:42:57,213] {twitter_hook.py:65} INFO - URL: https://labdados.com/2/tweets/search/recent?query=data engineer&tweet.fields=author_id,conversation_id,created_at,id,in_reply_to_user_id,public_metrics,lang,text&expansions=author_id&user.fields=id,name,username,created_at&start_time=2024-08-31T00:00:00.00Z&end_time=2024-09-01T00:00:00.00Z&next_token=1234567890abcdef
[2024-09-03 16:42:57,361] {twitter_hook.py:65} INFO - URL: https://labdados.com/2/tweets/search/recent?query=data engineer&tweet.fields=author_id,conversation_id,created_at,id,in_reply_to_user_id,public_metrics,lang,text&expansions=author_id&user.fields=id,name,username,created_at&start_time=2024-08-31T00:00:00.00Z&end_time=2024-09-01T00:00:00.00Z&next_token=1234567890abcdef
[2024-09-03 16:42:57,523] {twitter_hook.py:65} INFO - URL: https://labdados.com/2/tweets/search/recent?query=data engineer&tweet.fields=author_id,conversation_id,created_at,id,in_reply_to_user_id,public_metrics,lang,text&expansions=author_id&user.fields=id,name,username,created_at&start_time=2024-08-31T00:00:00.00Z&end_time=2024-09-01T00:00:00.00Z&next_token=1234567890abcdef
[2024-09-03 16:42:57,663] {twitter_hook.py:65} INFO - URL: https://labdados.com/2/tweets/search/recent?query=data engineer&tweet.fields=author_id,conversation_id,created_at,id,in_reply_to_user_id,public_metrics,lang,text&expansions=author_id&user.fields=id,name,username,created_at&start_time=2024-08-31T00:00:00.00Z&end_time=2024-09-01T00:00:00.00Z&next_token=1234567890abcdef
[2024-09-03 16:42:57,803] {twitter_hook.py:65} INFO - URL: https://labdados.com/2/tweets/search/recent?query=data engineer&tweet.fields=author_id,conversation_id,created_at,id,in_reply_to_user_id,public_metrics,lang,text&expansions=author_id&user.fields=id,name,username,created_at&start_time=2024-08-31T00:00:00.00Z&end_time=2024-09-01T00:00:00.00Z&next_token=1234567890abcdef
[2024-09-03 16:42:57,958] {twitter_hook.py:65} INFO - URL: https://labdados.com/2/tweets/search/recent?query=data engineer&tweet.fields=author_id,conversation_id,created_at,id,in_reply_to_user_id,public_metrics,lang,text&expansions=author_id&user.fields=id,name,username,created_at&start_time=2024-08-31T00:00:00.00Z&end_time=2024-09-01T00:00:00.00Z&next_token=1234567890abcdef
[2024-09-03 16:42:58,107] {twitter_hook.py:65} INFO - URL: https://labdados.com/2/tweets/search/recent?query=data engineer&tweet.fields=author_id,conversation_id,created_at,id,in_reply_to_user_id,public_metrics,lang,text&expansions=author_id&user.fields=id,name,username,created_at&start_time=2024-08-31T00:00:00.00Z&end_time=2024-09-01T00:00:00.00Z&next_token=1234567890abcdef
[2024-09-03 16:42:58,247] {twitter_hook.py:65} INFO - URL: https://labdados.com/2/tweets/search/recent?query=data engineer&tweet.fields=author_id,conversation_id,created_at,id,in_reply_to_user_id,public_metrics,lang,text&expansions=author_id&user.fields=id,name,username,created_at&start_time=2024-08-31T00:00:00.00Z&end_time=2024-09-01T00:00:00.00Z&next_token=1234567890abcdef
[2024-09-03 16:42:58,390] {twitter_hook.py:65} INFO - URL: https://labdados.com/2/tweets/search/recent?query=data engineer&tweet.fields=author_id,conversation_id,created_at,id,in_reply_to_user_id,public_metrics,lang,text&expansions=author_id&user.fields=id,name,username,created_at&start_time=2024-08-31T00:00:00.00Z&end_time=2024-09-01T00:00:00.00Z&next_token=1234567890abcdef
[2024-09-03 16:42:58,528] {twitter_hook.py:65} INFO - URL: https://labdados.com/2/tweets/search/recent?query=data engineer&tweet.fields=author_id,conversation_id,created_at,id,in_reply_to_user_id,public_metrics,lang,text&expansions=author_id&user.fields=id,name,username,created_at&start_time=2024-08-31T00:00:00.00Z&end_time=2024-09-01T00:00:00.00Z&next_token=1234567890abcdef
[2024-09-03 16:42:58,671] {twitter_hook.py:65} INFO - URL: https://labdados.com/2/tweets/search/recent?query=data engineer&tweet.fields=author_id,conversation_id,created_at,id,in_reply_to_user_id,public_metrics,lang,text&expansions=author_id&user.fields=id,name,username,created_at&start_time=2024-08-31T00:00:00.00Z&end_time=2024-09-01T00:00:00.00Z&next_token=1234567890abcdef
[2024-09-03 16:42:58,810] {twitter_hook.py:65} INFO - URL: https://labdados.com/2/tweets/search/recent?query=data engineer&tweet.fields=author_id,conversation_id,created_at,id,in_reply_to_user_id,public_metrics,lang,text&expansions=author_id&user.fields=id,name,username,created_at&start_time=2024-08-31T00:00:00.00Z&end_time=2024-09-01T00:00:00.00Z&next_token=1234567890abcdef
[2024-09-03 16:42:58,957] {twitter_hook.py:65} INFO - URL: https://labdados.com/2/tweets/search/recent?query=data engineer&tweet.fields=author_id,conversation_id,created_at,id,in_reply_to_user_id,public_metrics,lang,text&expansions=author_id&user.fields=id,name,username,created_at&start_time=2024-08-31T00:00:00.00Z&end_time=2024-09-01T00:00:00.00Z&next_token=1234567890abcdef
[2024-09-03 16:42:59,103] {twitter_hook.py:65} INFO - URL: https://labdados.com/2/tweets/search/recent?query=data engineer&tweet.fields=author_id,conversation_id,created_at,id,in_reply_to_user_id,public_metrics,lang,text&expansions=author_id&user.fields=id,name,username,created_at&start_time=2024-08-31T00:00:00.00Z&end_time=2024-09-01T00:00:00.00Z&next_token=1234567890abcdef
[2024-09-03 16:42:59,252] {twitter_hook.py:65} INFO - URL: https://labdados.com/2/tweets/search/recent?query=data engineer&tweet.fields=author_id,conversation_id,created_at,id,in_reply_to_user_id,public_metrics,lang,text&expansions=author_id&user.fields=id,name,username,created_at&start_time=2024-08-31T00:00:00.00Z&end_time=2024-09-01T00:00:00.00Z&next_token=1234567890abcdef
[2024-09-03 16:42:59,390] {twitter_hook.py:65} INFO - URL: https://labdados.com/2/tweets/search/recent?query=data engineer&tweet.fields=author_id,conversation_id,created_at,id,in_reply_to_user_id,public_metrics,lang,text&expansions=author_id&user.fields=id,name,username,created_at&start_time=2024-08-31T00:00:00.00Z&end_time=2024-09-01T00:00:00.00Z&next_token=1234567890abcdef
[2024-09-03 16:42:59,540] {twitter_hook.py:65} INFO - URL: https://labdados.com/2/tweets/search/recent?query=data engineer&tweet.fields=author_id,conversation_id,created_at,id,in_reply_to_user_id,public_metrics,lang,text&expansions=author_id&user.fields=id,name,username,created_at&start_time=2024-08-31T00:00:00.00Z&end_time=2024-09-01T00:00:00.00Z&next_token=1234567890abcdef
[2024-09-03 16:42:59,681] {twitter_hook.py:65} INFO - URL: https://labdados.com/2/tweets/search/recent?query=data engineer&tweet.fields=author_id,conversation_id,created_at,id,in_reply_to_user_id,public_metrics,lang,text&expansions=author_id&user.fields=id,name,username,created_at&start_time=2024-08-31T00:00:00.00Z&end_time=2024-09-01T00:00:00.00Z&next_token=1234567890abcdef
[2024-09-03 16:42:59,821] {twitter_hook.py:65} INFO - URL: https://labdados.com/2/tweets/search/recent?query=data engineer&tweet.fields=author_id,conversation_id,created_at,id,in_reply_to_user_id,public_metrics,lang,text&expansions=author_id&user.fields=id,name,username,created_at&start_time=2024-08-31T00:00:00.00Z&end_time=2024-09-01T00:00:00.00Z&next_token=1234567890abcdef
[2024-09-03 16:42:59,968] {twitter_hook.py:65} INFO - URL: https://labdados.com/2/tweets/search/recent?query=data engineer&tweet.fields=author_id,conversation_id,created_at,id,in_reply_to_user_id,public_metrics,lang,text&expansions=author_id&user.fields=id,name,username,created_at&start_time=2024-08-31T00:00:00.00Z&end_time=2024-09-01T00:00:00.00Z&next_token=1234567890abcdef
[2024-09-03 16:43:00,106] {twitter_hook.py:65} INFO - URL: https://labdados.com/2/tweets/search/recent?query=data engineer&tweet.fields=author_id,conversation_id,created_at,id,in_reply_to_user_id,public_metrics,lang,text&expansions=author_id&user.fields=id,name,username,created_at&start_time=2024-08-31T00:00:00.00Z&end_time=2024-09-01T00:00:00.00Z&next_token=1234567890abcdef
[2024-09-03 16:43:00,248] {twitter_hook.py:65} INFO - URL: https://labdados.com/2/tweets/search/recent?query=data engineer&tweet.fields=author_id,conversation_id,created_at,id,in_reply_to_user_id,public_metrics,lang,text&expansions=author_id&user.fields=id,name,username,created_at&start_time=2024-08-31T00:00:00.00Z&end_time=2024-09-01T00:00:00.00Z&next_token=1234567890abcdef
[2024-09-03 16:43:00,389] {twitter_hook.py:65} INFO - URL: https://labdados.com/2/tweets/search/recent?query=data engineer&tweet.fields=author_id,conversation_id,created_at,id,in_reply_to_user_id,public_metrics,lang,text&expansions=author_id&user.fields=id,name,username,created_at&start_time=2024-08-31T00:00:00.00Z&end_time=2024-09-01T00:00:00.00Z&next_token=1234567890abcdef
[2024-09-03 16:43:00,532] {twitter_hook.py:65} INFO - URL: https://labdados.com/2/tweets/search/recent?query=data engineer&tweet.fields=author_id,conversation_id,created_at,id,in_reply_to_user_id,public_metrics,lang,text&expansions=author_id&user.fields=id,name,username,created_at&start_time=2024-08-31T00:00:00.00Z&end_time=2024-09-01T00:00:00.00Z&next_token=1234567890abcdef
[2024-09-03 16:43:00,680] {twitter_hook.py:65} INFO - URL: https://labdados.com/2/tweets/search/recent?query=data engineer&tweet.fields=author_id,conversation_id,created_at,id,in_reply_to_user_id,public_metrics,lang,text&expansions=author_id&user.fields=id,name,username,created_at&start_time=2024-08-31T00:00:00.00Z&end_time=2024-09-01T00:00:00.00Z&next_token=1234567890abcdef
[2024-09-03 16:43:00,825] {twitter_hook.py:65} INFO - URL: https://labdados.com/2/tweets/search/recent?query=data engineer&tweet.fields=author_id,conversation_id,created_at,id,in_reply_to_user_id,public_metrics,lang,text&expansions=author_id&user.fields=id,name,username,created_at&start_time=2024-08-31T00:00:00.00Z&end_time=2024-09-01T00:00:00.00Z&next_token=1234567890abcdef
[2024-09-03 16:43:00,972] {twitter_hook.py:65} INFO - URL: https://labdados.com/2/tweets/search/recent?query=data engineer&tweet.fields=author_id,conversation_id,created_at,id,in_reply_to_user_id,public_metrics,lang,text&expansions=author_id&user.fields=id,name,username,created_at&start_time=2024-08-31T00:00:00.00Z&end_time=2024-09-01T00:00:00.00Z&next_token=1234567890abcdef
[2024-09-03 16:43:01,116] {twitter_hook.py:65} INFO - URL: https://labdados.com/2/tweets/search/recent?query=data engineer&tweet.fields=author_id,conversation_id,created_at,id,in_reply_to_user_id,public_metrics,lang,text&expansions=author_id&user.fields=id,name,username,created_at&start_time=2024-08-31T00:00:00.00Z&end_time=2024-09-01T00:00:00.00Z&next_token=1234567890abcdef
[2024-09-03 16:43:01,260] {twitter_hook.py:65} INFO - URL: https://labdados.com/2/tweets/search/recent?query=data engineer&tweet.fields=author_id,conversation_id,created_at,id,in_reply_to_user_id,public_metrics,lang,text&expansions=author_id&user.fields=id,name,username,created_at&start_time=2024-08-31T00:00:00.00Z&end_time=2024-09-01T00:00:00.00Z&next_token=1234567890abcdef
[2024-09-03 16:43:01,402] {twitter_hook.py:65} INFO - URL: https://labdados.com/2/tweets/search/recent?query=data engineer&tweet.fields=author_id,conversation_id,created_at,id,in_reply_to_user_id,public_metrics,lang,text&expansions=author_id&user.fields=id,name,username,created_at&start_time=2024-08-31T00:00:00.00Z&end_time=2024-09-01T00:00:00.00Z&next_token=1234567890abcdef
[2024-09-03 16:43:01,545] {twitter_hook.py:65} INFO - URL: https://labdados.com/2/tweets/search/recent?query=data engineer&tweet.fields=author_id,conversation_id,created_at,id,in_reply_to_user_id,public_metrics,lang,text&expansions=author_id&user.fields=id,name,username,created_at&start_time=2024-08-31T00:00:00.00Z&end_time=2024-09-01T00:00:00.00Z&next_token=1234567890abcdef
[2024-09-03 16:43:01,685] {twitter_hook.py:65} INFO - URL: https://labdados.com/2/tweets/search/recent?query=data engineer&tweet.fields=author_id,conversation_id,created_at,id,in_reply_to_user_id,public_metrics,lang,text&expansions=author_id&user.fields=id,name,username,created_at&start_time=2024-08-31T00:00:00.00Z&end_time=2024-09-01T00:00:00.00Z&next_token=1234567890abcdef
[2024-09-03 16:43:01,830] {twitter_hook.py:65} INFO - URL: https://labdados.com/2/tweets/search/recent?query=data engineer&tweet.fields=author_id,conversation_id,created_at,id,in_reply_to_user_id,public_metrics,lang,text&expansions=author_id&user.fields=id,name,username,created_at&start_time=2024-08-31T00:00:00.00Z&end_time=2024-09-01T00:00:00.00Z&next_token=1234567890abcdef
[2024-09-03 16:43:01,975] {twitter_hook.py:65} INFO - URL: https://labdados.com/2/tweets/search/recent?query=data engineer&tweet.fields=author_id,conversation_id,created_at,id,in_reply_to_user_id,public_metrics,lang,text&expansions=author_id&user.fields=id,name,username,created_at&start_time=2024-08-31T00:00:00.00Z&end_time=2024-09-01T00:00:00.00Z&next_token=1234567890abcdef
[2024-09-03 16:43:02,119] {twitter_hook.py:65} INFO - URL: https://labdados.com/2/tweets/search/recent?query=data engineer&tweet.fields=author_id,conversation_id,created_at,id,in_reply_to_user_id,public_metrics,lang,text&expansions=author_id&user.fields=id,name,username,created_at&start_time=2024-08-31T00:00:00.00Z&end_time=2024-09-01T00:00:00.00Z&next_token=1234567890abcdef
[2024-09-03 16:43:02,259] {twitter_hook.py:65} INFO - URL: https://labdados.com/2/tweets/search/recent?query=data engineer&tweet.fields=author_id,conversation_id,created_at,id,in_reply_to_user_id,public_metrics,lang,text&expansions=author_id&user.fields=id,name,username,created_at&start_time=2024-08-31T00:00:00.00Z&end_time=2024-09-01T00:00:00.00Z&next_token=1234567890abcdef
[2024-09-03 16:43:02,402] {twitter_hook.py:65} INFO - URL: https://labdados.com/2/tweets/search/recent?query=data engineer&tweet.fields=author_id,conversation_id,created_at,id,in_reply_to_user_id,public_metrics,lang,text&expansions=author_id&user.fields=id,name,username,created_at&start_time=2024-08-31T00:00:00.00Z&end_time=2024-09-01T00:00:00.00Z&next_token=1234567890abcdef
[2024-09-03 16:43:02,544] {twitter_hook.py:65} INFO - URL: https://labdados.com/2/tweets/search/recent?query=data engineer&tweet.fields=author_id,conversation_id,created_at,id,in_reply_to_user_id,public_metrics,lang,text&expansions=author_id&user.fields=id,name,username,created_at&start_time=2024-08-31T00:00:00.00Z&end_time=2024-09-01T00:00:00.00Z&next_token=1234567890abcdef
[2024-09-03 16:43:02,691] {twitter_hook.py:65} INFO - URL: https://labdados.com/2/tweets/search/recent?query=data engineer&tweet.fields=author_id,conversation_id,created_at,id,in_reply_to_user_id,public_metrics,lang,text&expansions=author_id&user.fields=id,name,username,created_at&start_time=2024-08-31T00:00:00.00Z&end_time=2024-09-01T00:00:00.00Z&next_token=1234567890abcdef
[2024-09-03 16:43:02,830] {twitter_hook.py:65} INFO - URL: https://labdados.com/2/tweets/search/recent?query=data engineer&tweet.fields=author_id,conversation_id,created_at,id,in_reply_to_user_id,public_metrics,lang,text&expansions=author_id&user.fields=id,name,username,created_at&start_time=2024-08-31T00:00:00.00Z&end_time=2024-09-01T00:00:00.00Z&next_token=1234567890abcdef
[2024-09-03 16:43:02,974] {twitter_hook.py:65} INFO - URL: https://labdados.com/2/tweets/search/recent?query=data engineer&tweet.fields=author_id,conversation_id,created_at,id,in_reply_to_user_id,public_metrics,lang,text&expansions=author_id&user.fields=id,name,username,created_at&start_time=2024-08-31T00:00:00.00Z&end_time=2024-09-01T00:00:00.00Z&next_token=1234567890abcdef
[2024-09-03 16:43:03,118] {twitter_hook.py:65} INFO - URL: https://labdados.com/2/tweets/search/recent?query=data engineer&tweet.fields=author_id,conversation_id,created_at,id,in_reply_to_user_id,public_metrics,lang,text&expansions=author_id&user.fields=id,name,username,created_at&start_time=2024-08-31T00:00:00.00Z&end_time=2024-09-01T00:00:00.00Z&next_token=1234567890abcdef
[2024-09-03 16:43:03,257] {twitter_hook.py:65} INFO - URL: https://labdados.com/2/tweets/search/recent?query=data engineer&tweet.fields=author_id,conversation_id,created_at,id,in_reply_to_user_id,public_metrics,lang,text&expansions=author_id&user.fields=id,name,username,created_at&start_time=2024-08-31T00:00:00.00Z&end_time=2024-09-01T00:00:00.00Z&next_token=1234567890abcdef
[2024-09-03 16:43:03,398] {twitter_hook.py:65} INFO - URL: https://labdados.com/2/tweets/search/recent?query=data engineer&tweet.fields=author_id,conversation_id,created_at,id,in_reply_to_user_id,public_metrics,lang,text&expansions=author_id&user.fields=id,name,username,created_at&start_time=2024-08-31T00:00:00.00Z&end_time=2024-09-01T00:00:00.00Z&next_token=1234567890abcdef
[2024-09-03 16:43:03,537] {twitter_hook.py:65} INFO - URL: https://labdados.com/2/tweets/search/recent?query=data engineer&tweet.fields=author_id,conversation_id,created_at,id,in_reply_to_user_id,public_metrics,lang,text&expansions=author_id&user.fields=id,name,username,created_at&start_time=2024-08-31T00:00:00.00Z&end_time=2024-09-01T00:00:00.00Z&next_token=1234567890abcdef
[2024-09-03 16:43:03,675] {twitter_hook.py:65} INFO - URL: https://labdados.com/2/tweets/search/recent?query=data engineer&tweet.fields=author_id,conversation_id,created_at,id,in_reply_to_user_id,public_metrics,lang,text&expansions=author_id&user.fields=id,name,username,created_at&start_time=2024-08-31T00:00:00.00Z&end_time=2024-09-01T00:00:00.00Z&next_token=1234567890abcdef
[2024-09-03 16:43:03,818] {twitter_hook.py:65} INFO - URL: https://labdados.com/2/tweets/search/recent?query=data engineer&tweet.fields=author_id,conversation_id,created_at,id,in_reply_to_user_id,public_metrics,lang,text&expansions=author_id&user.fields=id,name,username,created_at&start_time=2024-08-31T00:00:00.00Z&end_time=2024-09-01T00:00:00.00Z&next_token=1234567890abcdef
[2024-09-03 16:43:03,961] {twitter_hook.py:65} INFO - URL: https://labdados.com/2/tweets/search/recent?query=data engineer&tweet.fields=author_id,conversation_id,created_at,id,in_reply_to_user_id,public_metrics,lang,text&expansions=author_id&user.fields=id,name,username,created_at&start_time=2024-08-31T00:00:00.00Z&end_time=2024-09-01T00:00:00.00Z&next_token=1234567890abcdef
[2024-09-03 16:43:04,100] {twitter_hook.py:65} INFO - URL: https://labdados.com/2/tweets/search/recent?query=data engineer&tweet.fields=author_id,conversation_id,created_at,id,in_reply_to_user_id,public_metrics,lang,text&expansions=author_id&user.fields=id,name,username,created_at&start_time=2024-08-31T00:00:00.00Z&end_time=2024-09-01T00:00:00.00Z&next_token=1234567890abcdef
[2024-09-03 16:43:04,239] {twitter_hook.py:65} INFO - URL: https://labdados.com/2/tweets/search/recent?query=data engineer&tweet.fields=author_id,conversation_id,created_at,id,in_reply_to_user_id,public_metrics,lang,text&expansions=author_id&user.fields=id,name,username,created_at&start_time=2024-08-31T00:00:00.00Z&end_time=2024-09-01T00:00:00.00Z&next_token=1234567890abcdef
[2024-09-03 16:43:04,379] {twitter_hook.py:65} INFO - URL: https://labdados.com/2/tweets/search/recent?query=data engineer&tweet.fields=author_id,conversation_id,created_at,id,in_reply_to_user_id,public_metrics,lang,text&expansions=author_id&user.fields=id,name,username,created_at&start_time=2024-08-31T00:00:00.00Z&end_time=2024-09-01T00:00:00.00Z&next_token=1234567890abcdef
[2024-09-03 16:43:04,672] {twitter_hook.py:65} INFO - URL: https://labdados.com/2/tweets/search/recent?query=data engineer&tweet.fields=author_id,conversation_id,created_at,id,in_reply_to_user_id,public_metrics,lang,text&expansions=author_id&user.fields=id,name,username,created_at&start_time=2024-08-31T00:00:00.00Z&end_time=2024-09-01T00:00:00.00Z&next_token=1234567890abcdef
[2024-09-03 16:43:04,819] {twitter_hook.py:65} INFO - URL: https://labdados.com/2/tweets/search/recent?query=data engineer&tweet.fields=author_id,conversation_id,created_at,id,in_reply_to_user_id,public_metrics,lang,text&expansions=author_id&user.fields=id,name,username,created_at&start_time=2024-08-31T00:00:00.00Z&end_time=2024-09-01T00:00:00.00Z&next_token=1234567890abcdef
[2024-09-03 16:43:04,966] {twitter_hook.py:65} INFO - URL: https://labdados.com/2/tweets/search/recent?query=data engineer&tweet.fields=author_id,conversation_id,created_at,id,in_reply_to_user_id,public_metrics,lang,text&expansions=author_id&user.fields=id,name,username,created_at&start_time=2024-08-31T00:00:00.00Z&end_time=2024-09-01T00:00:00.00Z&next_token=1234567890abcdef
[2024-09-03 16:43:05,116] {twitter_hook.py:65} INFO - URL: https://labdados.com/2/tweets/search/recent?query=data engineer&tweet.fields=author_id,conversation_id,created_at,id,in_reply_to_user_id,public_metrics,lang,text&expansions=author_id&user.fields=id,name,username,created_at&start_time=2024-08-31T00:00:00.00Z&end_time=2024-09-01T00:00:00.00Z&next_token=1234567890abcdef
[2024-09-03 16:43:05,265] {twitter_hook.py:65} INFO - URL: https://labdados.com/2/tweets/search/recent?query=data engineer&tweet.fields=author_id,conversation_id,created_at,id,in_reply_to_user_id,public_metrics,lang,text&expansions=author_id&user.fields=id,name,username,created_at&start_time=2024-08-31T00:00:00.00Z&end_time=2024-09-01T00:00:00.00Z&next_token=1234567890abcdef
[2024-09-03 16:43:05,407] {twitter_hook.py:65} INFO - URL: https://labdados.com/2/tweets/search/recent?query=data engineer&tweet.fields=author_id,conversation_id,created_at,id,in_reply_to_user_id,public_metrics,lang,text&expansions=author_id&user.fields=id,name,username,created_at&start_time=2024-08-31T00:00:00.00Z&end_time=2024-09-01T00:00:00.00Z&next_token=1234567890abcdef
[2024-09-03 16:43:05,552] {twitter_hook.py:65} INFO - URL: https://labdados.com/2/tweets/search/recent?query=data engineer&tweet.fields=author_id,conversation_id,created_at,id,in_reply_to_user_id,public_metrics,lang,text&expansions=author_id&user.fields=id,name,username,created_at&start_time=2024-08-31T00:00:00.00Z&end_time=2024-09-01T00:00:00.00Z&next_token=1234567890abcdef
[2024-09-03 16:43:05,695] {twitter_hook.py:65} INFO - URL: https://labdados.com/2/tweets/search/recent?query=data engineer&tweet.fields=author_id,conversation_id,created_at,id,in_reply_to_user_id,public_metrics,lang,text&expansions=author_id&user.fields=id,name,username,created_at&start_time=2024-08-31T00:00:00.00Z&end_time=2024-09-01T00:00:00.00Z&next_token=1234567890abcdef
[2024-09-03 16:43:05,841] {twitter_hook.py:65} INFO - URL: https://labdados.com/2/tweets/search/recent?query=data engineer&tweet.fields=author_id,conversation_id,created_at,id,in_reply_to_user_id,public_metrics,lang,text&expansions=author_id&user.fields=id,name,username,created_at&start_time=2024-08-31T00:00:00.00Z&end_time=2024-09-01T00:00:00.00Z&next_token=1234567890abcdef
[2024-09-03 16:43:05,987] {twitter_hook.py:65} INFO - URL: https://labdados.com/2/tweets/search/recent?query=data engineer&tweet.fields=author_id,conversation_id,created_at,id,in_reply_to_user_id,public_metrics,lang,text&expansions=author_id&user.fields=id,name,username,created_at&start_time=2024-08-31T00:00:00.00Z&end_time=2024-09-01T00:00:00.00Z&next_token=1234567890abcdef
[2024-09-03 16:43:06,129] {twitter_hook.py:65} INFO - URL: https://labdados.com/2/tweets/search/recent?query=data engineer&tweet.fields=author_id,conversation_id,created_at,id,in_reply_to_user_id,public_metrics,lang,text&expansions=author_id&user.fields=id,name,username,created_at&start_time=2024-08-31T00:00:00.00Z&end_time=2024-09-01T00:00:00.00Z&next_token=1234567890abcdef
[2024-09-03 16:43:06,277] {twitter_hook.py:65} INFO - URL: https://labdados.com/2/tweets/search/recent?query=data engineer&tweet.fields=author_id,conversation_id,created_at,id,in_reply_to_user_id,public_metrics,lang,text&expansions=author_id&user.fields=id,name,username,created_at&start_time=2024-08-31T00:00:00.00Z&end_time=2024-09-01T00:00:00.00Z&next_token=1234567890abcdef
[2024-09-03 16:43:06,419] {twitter_hook.py:65} INFO - URL: https://labdados.com/2/tweets/search/recent?query=data engineer&tweet.fields=author_id,conversation_id,created_at,id,in_reply_to_user_id,public_metrics,lang,text&expansions=author_id&user.fields=id,name,username,created_at&start_time=2024-08-31T00:00:00.00Z&end_time=2024-09-01T00:00:00.00Z&next_token=1234567890abcdef
[2024-09-03 16:43:06,559] {twitter_hook.py:65} INFO - URL: https://labdados.com/2/tweets/search/recent?query=data engineer&tweet.fields=author_id,conversation_id,created_at,id,in_reply_to_user_id,public_metrics,lang,text&expansions=author_id&user.fields=id,name,username,created_at&start_time=2024-08-31T00:00:00.00Z&end_time=2024-09-01T00:00:00.00Z&next_token=1234567890abcdef
[2024-09-03 16:43:06,703] {twitter_hook.py:65} INFO - URL: https://labdados.com/2/tweets/search/recent?query=data engineer&tweet.fields=author_id,conversation_id,created_at,id,in_reply_to_user_id,public_metrics,lang,text&expansions=author_id&user.fields=id,name,username,created_at&start_time=2024-08-31T00:00:00.00Z&end_time=2024-09-01T00:00:00.00Z&next_token=1234567890abcdef
[2024-09-03 16:43:06,849] {twitter_hook.py:65} INFO - URL: https://labdados.com/2/tweets/search/recent?query=data engineer&tweet.fields=author_id,conversation_id,created_at,id,in_reply_to_user_id,public_metrics,lang,text&expansions=author_id&user.fields=id,name,username,created_at&start_time=2024-08-31T00:00:00.00Z&end_time=2024-09-01T00:00:00.00Z&next_token=1234567890abcdef
[2024-09-03 16:43:06,987] {twitter_hook.py:65} INFO - URL: https://labdados.com/2/tweets/search/recent?query=data engineer&tweet.fields=author_id,conversation_id,created_at,id,in_reply_to_user_id,public_metrics,lang,text&expansions=author_id&user.fields=id,name,username,created_at&start_time=2024-08-31T00:00:00.00Z&end_time=2024-09-01T00:00:00.00Z&next_token=1234567890abcdef
[2024-09-03 16:43:07,131] {twitter_hook.py:65} INFO - URL: https://labdados.com/2/tweets/search/recent?query=data engineer&tweet.fields=author_id,conversation_id,created_at,id,in_reply_to_user_id,public_metrics,lang,text&expansions=author_id&user.fields=id,name,username,created_at&start_time=2024-08-31T00:00:00.00Z&end_time=2024-09-01T00:00:00.00Z&next_token=1234567890abcdef
[2024-09-03 16:43:07,274] {twitter_hook.py:65} INFO - URL: https://labdados.com/2/tweets/search/recent?query=data engineer&tweet.fields=author_id,conversation_id,created_at,id,in_reply_to_user_id,public_metrics,lang,text&expansions=author_id&user.fields=id,name,username,created_at&start_time=2024-08-31T00:00:00.00Z&end_time=2024-09-01T00:00:00.00Z&next_token=1234567890abcdef
[2024-09-03 16:43:07,478] {twitter_hook.py:65} INFO - URL: https://labdados.com/2/tweets/search/recent?query=data engineer&tweet.fields=author_id,conversation_id,created_at,id,in_reply_to_user_id,public_metrics,lang,text&expansions=author_id&user.fields=id,name,username,created_at&start_time=2024-08-31T00:00:00.00Z&end_time=2024-09-01T00:00:00.00Z&next_token=1234567890abcdef
[2024-09-03 16:43:07,618] {twitter_hook.py:65} INFO - URL: https://labdados.com/2/tweets/search/recent?query=data engineer&tweet.fields=author_id,conversation_id,created_at,id,in_reply_to_user_id,public_metrics,lang,text&expansions=author_id&user.fields=id,name,username,created_at&start_time=2024-08-31T00:00:00.00Z&end_time=2024-09-01T00:00:00.00Z&next_token=1234567890abcdef
[2024-09-03 16:43:07,759] {twitter_hook.py:65} INFO - URL: https://labdados.com/2/tweets/search/recent?query=data engineer&tweet.fields=author_id,conversation_id,created_at,id,in_reply_to_user_id,public_metrics,lang,text&expansions=author_id&user.fields=id,name,username,created_at&start_time=2024-08-31T00:00:00.00Z&end_time=2024-09-01T00:00:00.00Z&next_token=1234567890abcdef
[2024-09-03 16:43:07,898] {twitter_hook.py:65} INFO - URL: https://labdados.com/2/tweets/search/recent?query=data engineer&tweet.fields=author_id,conversation_id,created_at,id,in_reply_to_user_id,public_metrics,lang,text&expansions=author_id&user.fields=id,name,username,created_at&start_time=2024-08-31T00:00:00.00Z&end_time=2024-09-01T00:00:00.00Z&next_token=1234567890abcdef
[2024-09-03 16:43:08,049] {twitter_hook.py:65} INFO - URL: https://labdados.com/2/tweets/search/recent?query=data engineer&tweet.fields=author_id,conversation_id,created_at,id,in_reply_to_user_id,public_metrics,lang,text&expansions=author_id&user.fields=id,name,username,created_at&start_time=2024-08-31T00:00:00.00Z&end_time=2024-09-01T00:00:00.00Z&next_token=1234567890abcdef
[2024-09-03 16:43:08,196] {twitter_hook.py:65} INFO - URL: https://labdados.com/2/tweets/search/recent?query=data engineer&tweet.fields=author_id,conversation_id,created_at,id,in_reply_to_user_id,public_metrics,lang,text&expansions=author_id&user.fields=id,name,username,created_at&start_time=2024-08-31T00:00:00.00Z&end_time=2024-09-01T00:00:00.00Z&next_token=1234567890abcdef
[2024-09-03 16:43:08,335] {twitter_hook.py:65} INFO - URL: https://labdados.com/2/tweets/search/recent?query=data engineer&tweet.fields=author_id,conversation_id,created_at,id,in_reply_to_user_id,public_metrics,lang,text&expansions=author_id&user.fields=id,name,username,created_at&start_time=2024-08-31T00:00:00.00Z&end_time=2024-09-01T00:00:00.00Z&next_token=1234567890abcdef
[2024-09-03 16:43:08,477] {twitter_hook.py:65} INFO - URL: https://labdados.com/2/tweets/search/recent?query=data engineer&tweet.fields=author_id,conversation_id,created_at,id,in_reply_to_user_id,public_metrics,lang,text&expansions=author_id&user.fields=id,name,username,created_at&start_time=2024-08-31T00:00:00.00Z&end_time=2024-09-01T00:00:00.00Z&next_token=1234567890abcdef
[2024-09-03 16:43:08,639] {twitter_hook.py:65} INFO - URL: https://labdados.com/2/tweets/search/recent?query=data engineer&tweet.fields=author_id,conversation_id,created_at,id,in_reply_to_user_id,public_metrics,lang,text&expansions=author_id&user.fields=id,name,username,created_at&start_time=2024-08-31T00:00:00.00Z&end_time=2024-09-01T00:00:00.00Z&next_token=1234567890abcdef
[2024-09-03 16:43:08,777] {twitter_hook.py:65} INFO - URL: https://labdados.com/2/tweets/search/recent?query=data engineer&tweet.fields=author_id,conversation_id,created_at,id,in_reply_to_user_id,public_metrics,lang,text&expansions=author_id&user.fields=id,name,username,created_at&start_time=2024-08-31T00:00:00.00Z&end_time=2024-09-01T00:00:00.00Z&next_token=1234567890abcdef
[2024-09-03 16:43:08,920] {twitter_hook.py:65} INFO - URL: https://labdados.com/2/tweets/search/recent?query=data engineer&tweet.fields=author_id,conversation_id,created_at,id,in_reply_to_user_id,public_metrics,lang,text&expansions=author_id&user.fields=id,name,username,created_at&start_time=2024-08-31T00:00:00.00Z&end_time=2024-09-01T00:00:00.00Z&next_token=1234567890abcdef
[2024-09-03 16:43:09,063] {twitter_hook.py:65} INFO - URL: https://labdados.com/2/tweets/search/recent?query=data engineer&tweet.fields=author_id,conversation_id,created_at,id,in_reply_to_user_id,public_metrics,lang,text&expansions=author_id&user.fields=id,name,username,created_at&start_time=2024-08-31T00:00:00.00Z&end_time=2024-09-01T00:00:00.00Z&next_token=1234567890abcdef
[2024-09-03 16:43:09,227] {taskinstance.py:1395} INFO - Marking task as SUCCESS. dag_id=Twitter_extractor_DAGs, task_id=BRONZE_LAYER_EXTRACTION_E, execution_date=20240831T000000, start_date=20240903T194253, end_date=20240903T194309
[2024-09-03 16:43:09,280] {local_task_job.py:156} INFO - Task exited with return code 0
[2024-09-03 16:43:09,302] {local_task_job.py:273} INFO - 1 downstream tasks scheduled from follow-on schedule check
[2024-09-03 17:57:13,734] {taskinstance.py:1159} INFO - Dependencies all met for <TaskInstance: Twitter_extractor_DAGs.BRONZE_LAYER_EXTRACTION_E scheduled__2024-08-31T00:00:00+00:00 [queued]>
[2024-09-03 17:57:13,740] {taskinstance.py:1159} INFO - Dependencies all met for <TaskInstance: Twitter_extractor_DAGs.BRONZE_LAYER_EXTRACTION_E scheduled__2024-08-31T00:00:00+00:00 [queued]>
[2024-09-03 17:57:13,740] {taskinstance.py:1356} INFO - 
--------------------------------------------------------------------------------
[2024-09-03 17:57:13,740] {taskinstance.py:1357} INFO - Starting attempt 1 of 1
[2024-09-03 17:57:13,740] {taskinstance.py:1358} INFO - 
--------------------------------------------------------------------------------
[2024-09-03 17:57:13,748] {taskinstance.py:1377} INFO - Executing <Task(TwitterOperator): BRONZE_LAYER_EXTRACTION_E> on 2024-08-31 00:00:00+00:00
[2024-09-03 17:57:13,750] {standard_task_runner.py:52} INFO - Started process 327887 to run task
[2024-09-03 17:57:13,754] {standard_task_runner.py:79} INFO - Running: ['airflow', 'tasks', 'run', 'Twitter_extractor_DAGs', 'BRONZE_LAYER_EXTRACTION_E', 'scheduled__2024-08-31T00:00:00+00:00', '--job-id', '109', '--raw', '--subdir', 'DAGS_FOLDER/twitter_dag.py', '--cfg-path', '/tmp/tmpzq27vjuf', '--error-file', '/tmp/tmpsc0bq65w']
[2024-09-03 17:57:13,755] {standard_task_runner.py:80} INFO - Job 109: Subtask BRONZE_LAYER_EXTRACTION_E
[2024-09-03 17:57:13,785] {task_command.py:370} INFO - Running <TaskInstance: Twitter_extractor_DAGs.BRONZE_LAYER_EXTRACTION_E scheduled__2024-08-31T00:00:00+00:00 [running]> on host kaiwangairflow
[2024-09-03 17:57:13,823] {taskinstance.py:1569} INFO - Exporting the following env vars:
AIRFLOW_CTX_DAG_OWNER=airflow
AIRFLOW_CTX_DAG_ID=Twitter_extractor_DAGs
AIRFLOW_CTX_TASK_ID=BRONZE_LAYER_EXTRACTION_E
AIRFLOW_CTX_EXECUTION_DATE=2024-08-31T00:00:00+00:00
AIRFLOW_CTX_TRY_NUMBER=1
AIRFLOW_CTX_DAG_RUN_ID=scheduled__2024-08-31T00:00:00+00:00
[2024-09-03 17:57:13,829] {base.py:68} INFO - Using connection ID 'twitter_connections_default' for task execution.
[2024-09-03 17:57:13,831] {twitter_hook.py:65} INFO - URL: https://labdados.com/2/tweets/search/recent?query=data engineer&tweet.fields=author_id,conversation_id,created_at,id,in_reply_to_user_id,public_metrics,lang,text&expansions=author_id&user.fields=id,name,username,created_at&start_time=2024-08-31T00:00:00.00Z&end_time=2024-09-01T00:00:00.00Z
[2024-09-03 17:57:14,457] {twitter_hook.py:65} INFO - URL: https://labdados.com/2/tweets/search/recent?query=data engineer&tweet.fields=author_id,conversation_id,created_at,id,in_reply_to_user_id,public_metrics,lang,text&expansions=author_id&user.fields=id,name,username,created_at&start_time=2024-08-31T00:00:00.00Z&end_time=2024-09-01T00:00:00.00Z&next_token=1234567890abcdef
[2024-09-03 17:57:14,611] {twitter_hook.py:65} INFO - URL: https://labdados.com/2/tweets/search/recent?query=data engineer&tweet.fields=author_id,conversation_id,created_at,id,in_reply_to_user_id,public_metrics,lang,text&expansions=author_id&user.fields=id,name,username,created_at&start_time=2024-08-31T00:00:00.00Z&end_time=2024-09-01T00:00:00.00Z&next_token=1234567890abcdef
[2024-09-03 17:57:14,787] {twitter_hook.py:65} INFO - URL: https://labdados.com/2/tweets/search/recent?query=data engineer&tweet.fields=author_id,conversation_id,created_at,id,in_reply_to_user_id,public_metrics,lang,text&expansions=author_id&user.fields=id,name,username,created_at&start_time=2024-08-31T00:00:00.00Z&end_time=2024-09-01T00:00:00.00Z&next_token=1234567890abcdef
[2024-09-03 17:57:14,934] {twitter_hook.py:65} INFO - URL: https://labdados.com/2/tweets/search/recent?query=data engineer&tweet.fields=author_id,conversation_id,created_at,id,in_reply_to_user_id,public_metrics,lang,text&expansions=author_id&user.fields=id,name,username,created_at&start_time=2024-08-31T00:00:00.00Z&end_time=2024-09-01T00:00:00.00Z&next_token=1234567890abcdef
[2024-09-03 17:57:15,076] {twitter_hook.py:65} INFO - URL: https://labdados.com/2/tweets/search/recent?query=data engineer&tweet.fields=author_id,conversation_id,created_at,id,in_reply_to_user_id,public_metrics,lang,text&expansions=author_id&user.fields=id,name,username,created_at&start_time=2024-08-31T00:00:00.00Z&end_time=2024-09-01T00:00:00.00Z&next_token=1234567890abcdef
[2024-09-03 17:57:15,215] {twitter_hook.py:65} INFO - URL: https://labdados.com/2/tweets/search/recent?query=data engineer&tweet.fields=author_id,conversation_id,created_at,id,in_reply_to_user_id,public_metrics,lang,text&expansions=author_id&user.fields=id,name,username,created_at&start_time=2024-08-31T00:00:00.00Z&end_time=2024-09-01T00:00:00.00Z&next_token=1234567890abcdef
[2024-09-03 17:57:15,358] {twitter_hook.py:65} INFO - URL: https://labdados.com/2/tweets/search/recent?query=data engineer&tweet.fields=author_id,conversation_id,created_at,id,in_reply_to_user_id,public_metrics,lang,text&expansions=author_id&user.fields=id,name,username,created_at&start_time=2024-08-31T00:00:00.00Z&end_time=2024-09-01T00:00:00.00Z&next_token=1234567890abcdef
[2024-09-03 17:57:15,500] {twitter_hook.py:65} INFO - URL: https://labdados.com/2/tweets/search/recent?query=data engineer&tweet.fields=author_id,conversation_id,created_at,id,in_reply_to_user_id,public_metrics,lang,text&expansions=author_id&user.fields=id,name,username,created_at&start_time=2024-08-31T00:00:00.00Z&end_time=2024-09-01T00:00:00.00Z&next_token=1234567890abcdef
[2024-09-03 17:57:15,638] {twitter_hook.py:65} INFO - URL: https://labdados.com/2/tweets/search/recent?query=data engineer&tweet.fields=author_id,conversation_id,created_at,id,in_reply_to_user_id,public_metrics,lang,text&expansions=author_id&user.fields=id,name,username,created_at&start_time=2024-08-31T00:00:00.00Z&end_time=2024-09-01T00:00:00.00Z&next_token=1234567890abcdef
[2024-09-03 17:57:15,780] {twitter_hook.py:65} INFO - URL: https://labdados.com/2/tweets/search/recent?query=data engineer&tweet.fields=author_id,conversation_id,created_at,id,in_reply_to_user_id,public_metrics,lang,text&expansions=author_id&user.fields=id,name,username,created_at&start_time=2024-08-31T00:00:00.00Z&end_time=2024-09-01T00:00:00.00Z&next_token=1234567890abcdef
[2024-09-03 17:57:15,924] {twitter_hook.py:65} INFO - URL: https://labdados.com/2/tweets/search/recent?query=data engineer&tweet.fields=author_id,conversation_id,created_at,id,in_reply_to_user_id,public_metrics,lang,text&expansions=author_id&user.fields=id,name,username,created_at&start_time=2024-08-31T00:00:00.00Z&end_time=2024-09-01T00:00:00.00Z&next_token=1234567890abcdef
[2024-09-03 17:57:16,136] {twitter_hook.py:65} INFO - URL: https://labdados.com/2/tweets/search/recent?query=data engineer&tweet.fields=author_id,conversation_id,created_at,id,in_reply_to_user_id,public_metrics,lang,text&expansions=author_id&user.fields=id,name,username,created_at&start_time=2024-08-31T00:00:00.00Z&end_time=2024-09-01T00:00:00.00Z&next_token=1234567890abcdef
[2024-09-03 17:57:16,283] {twitter_hook.py:65} INFO - URL: https://labdados.com/2/tweets/search/recent?query=data engineer&tweet.fields=author_id,conversation_id,created_at,id,in_reply_to_user_id,public_metrics,lang,text&expansions=author_id&user.fields=id,name,username,created_at&start_time=2024-08-31T00:00:00.00Z&end_time=2024-09-01T00:00:00.00Z&next_token=1234567890abcdef
[2024-09-03 17:57:16,427] {twitter_hook.py:65} INFO - URL: https://labdados.com/2/tweets/search/recent?query=data engineer&tweet.fields=author_id,conversation_id,created_at,id,in_reply_to_user_id,public_metrics,lang,text&expansions=author_id&user.fields=id,name,username,created_at&start_time=2024-08-31T00:00:00.00Z&end_time=2024-09-01T00:00:00.00Z&next_token=1234567890abcdef
[2024-09-03 17:57:16,588] {twitter_hook.py:65} INFO - URL: https://labdados.com/2/tweets/search/recent?query=data engineer&tweet.fields=author_id,conversation_id,created_at,id,in_reply_to_user_id,public_metrics,lang,text&expansions=author_id&user.fields=id,name,username,created_at&start_time=2024-08-31T00:00:00.00Z&end_time=2024-09-01T00:00:00.00Z&next_token=1234567890abcdef
[2024-09-03 17:57:16,731] {twitter_hook.py:65} INFO - URL: https://labdados.com/2/tweets/search/recent?query=data engineer&tweet.fields=author_id,conversation_id,created_at,id,in_reply_to_user_id,public_metrics,lang,text&expansions=author_id&user.fields=id,name,username,created_at&start_time=2024-08-31T00:00:00.00Z&end_time=2024-09-01T00:00:00.00Z&next_token=1234567890abcdef
[2024-09-03 17:57:16,876] {twitter_hook.py:65} INFO - URL: https://labdados.com/2/tweets/search/recent?query=data engineer&tweet.fields=author_id,conversation_id,created_at,id,in_reply_to_user_id,public_metrics,lang,text&expansions=author_id&user.fields=id,name,username,created_at&start_time=2024-08-31T00:00:00.00Z&end_time=2024-09-01T00:00:00.00Z&next_token=1234567890abcdef
[2024-09-03 17:57:17,015] {twitter_hook.py:65} INFO - URL: https://labdados.com/2/tweets/search/recent?query=data engineer&tweet.fields=author_id,conversation_id,created_at,id,in_reply_to_user_id,public_metrics,lang,text&expansions=author_id&user.fields=id,name,username,created_at&start_time=2024-08-31T00:00:00.00Z&end_time=2024-09-01T00:00:00.00Z&next_token=1234567890abcdef
[2024-09-03 17:57:17,154] {twitter_hook.py:65} INFO - URL: https://labdados.com/2/tweets/search/recent?query=data engineer&tweet.fields=author_id,conversation_id,created_at,id,in_reply_to_user_id,public_metrics,lang,text&expansions=author_id&user.fields=id,name,username,created_at&start_time=2024-08-31T00:00:00.00Z&end_time=2024-09-01T00:00:00.00Z&next_token=1234567890abcdef
[2024-09-03 17:57:17,293] {twitter_hook.py:65} INFO - URL: https://labdados.com/2/tweets/search/recent?query=data engineer&tweet.fields=author_id,conversation_id,created_at,id,in_reply_to_user_id,public_metrics,lang,text&expansions=author_id&user.fields=id,name,username,created_at&start_time=2024-08-31T00:00:00.00Z&end_time=2024-09-01T00:00:00.00Z&next_token=1234567890abcdef
[2024-09-03 17:57:17,433] {twitter_hook.py:65} INFO - URL: https://labdados.com/2/tweets/search/recent?query=data engineer&tweet.fields=author_id,conversation_id,created_at,id,in_reply_to_user_id,public_metrics,lang,text&expansions=author_id&user.fields=id,name,username,created_at&start_time=2024-08-31T00:00:00.00Z&end_time=2024-09-01T00:00:00.00Z&next_token=1234567890abcdef
[2024-09-03 17:57:17,573] {twitter_hook.py:65} INFO - URL: https://labdados.com/2/tweets/search/recent?query=data engineer&tweet.fields=author_id,conversation_id,created_at,id,in_reply_to_user_id,public_metrics,lang,text&expansions=author_id&user.fields=id,name,username,created_at&start_time=2024-08-31T00:00:00.00Z&end_time=2024-09-01T00:00:00.00Z&next_token=1234567890abcdef
[2024-09-03 17:57:17,720] {twitter_hook.py:65} INFO - URL: https://labdados.com/2/tweets/search/recent?query=data engineer&tweet.fields=author_id,conversation_id,created_at,id,in_reply_to_user_id,public_metrics,lang,text&expansions=author_id&user.fields=id,name,username,created_at&start_time=2024-08-31T00:00:00.00Z&end_time=2024-09-01T00:00:00.00Z&next_token=1234567890abcdef
[2024-09-03 17:57:17,866] {twitter_hook.py:65} INFO - URL: https://labdados.com/2/tweets/search/recent?query=data engineer&tweet.fields=author_id,conversation_id,created_at,id,in_reply_to_user_id,public_metrics,lang,text&expansions=author_id&user.fields=id,name,username,created_at&start_time=2024-08-31T00:00:00.00Z&end_time=2024-09-01T00:00:00.00Z&next_token=1234567890abcdef
[2024-09-03 17:57:18,007] {twitter_hook.py:65} INFO - URL: https://labdados.com/2/tweets/search/recent?query=data engineer&tweet.fields=author_id,conversation_id,created_at,id,in_reply_to_user_id,public_metrics,lang,text&expansions=author_id&user.fields=id,name,username,created_at&start_time=2024-08-31T00:00:00.00Z&end_time=2024-09-01T00:00:00.00Z&next_token=1234567890abcdef
[2024-09-03 17:57:18,152] {twitter_hook.py:65} INFO - URL: https://labdados.com/2/tweets/search/recent?query=data engineer&tweet.fields=author_id,conversation_id,created_at,id,in_reply_to_user_id,public_metrics,lang,text&expansions=author_id&user.fields=id,name,username,created_at&start_time=2024-08-31T00:00:00.00Z&end_time=2024-09-01T00:00:00.00Z&next_token=1234567890abcdef
[2024-09-03 17:57:18,290] {twitter_hook.py:65} INFO - URL: https://labdados.com/2/tweets/search/recent?query=data engineer&tweet.fields=author_id,conversation_id,created_at,id,in_reply_to_user_id,public_metrics,lang,text&expansions=author_id&user.fields=id,name,username,created_at&start_time=2024-08-31T00:00:00.00Z&end_time=2024-09-01T00:00:00.00Z&next_token=1234567890abcdef
[2024-09-03 17:57:18,433] {twitter_hook.py:65} INFO - URL: https://labdados.com/2/tweets/search/recent?query=data engineer&tweet.fields=author_id,conversation_id,created_at,id,in_reply_to_user_id,public_metrics,lang,text&expansions=author_id&user.fields=id,name,username,created_at&start_time=2024-08-31T00:00:00.00Z&end_time=2024-09-01T00:00:00.00Z&next_token=1234567890abcdef
[2024-09-03 17:57:18,578] {twitter_hook.py:65} INFO - URL: https://labdados.com/2/tweets/search/recent?query=data engineer&tweet.fields=author_id,conversation_id,created_at,id,in_reply_to_user_id,public_metrics,lang,text&expansions=author_id&user.fields=id,name,username,created_at&start_time=2024-08-31T00:00:00.00Z&end_time=2024-09-01T00:00:00.00Z&next_token=1234567890abcdef
[2024-09-03 17:57:18,719] {twitter_hook.py:65} INFO - URL: https://labdados.com/2/tweets/search/recent?query=data engineer&tweet.fields=author_id,conversation_id,created_at,id,in_reply_to_user_id,public_metrics,lang,text&expansions=author_id&user.fields=id,name,username,created_at&start_time=2024-08-31T00:00:00.00Z&end_time=2024-09-01T00:00:00.00Z&next_token=1234567890abcdef
[2024-09-03 17:57:18,860] {twitter_hook.py:65} INFO - URL: https://labdados.com/2/tweets/search/recent?query=data engineer&tweet.fields=author_id,conversation_id,created_at,id,in_reply_to_user_id,public_metrics,lang,text&expansions=author_id&user.fields=id,name,username,created_at&start_time=2024-08-31T00:00:00.00Z&end_time=2024-09-01T00:00:00.00Z&next_token=1234567890abcdef
[2024-09-03 17:57:19,002] {twitter_hook.py:65} INFO - URL: https://labdados.com/2/tweets/search/recent?query=data engineer&tweet.fields=author_id,conversation_id,created_at,id,in_reply_to_user_id,public_metrics,lang,text&expansions=author_id&user.fields=id,name,username,created_at&start_time=2024-08-31T00:00:00.00Z&end_time=2024-09-01T00:00:00.00Z&next_token=1234567890abcdef
[2024-09-03 17:57:19,141] {twitter_hook.py:65} INFO - URL: https://labdados.com/2/tweets/search/recent?query=data engineer&tweet.fields=author_id,conversation_id,created_at,id,in_reply_to_user_id,public_metrics,lang,text&expansions=author_id&user.fields=id,name,username,created_at&start_time=2024-08-31T00:00:00.00Z&end_time=2024-09-01T00:00:00.00Z&next_token=1234567890abcdef
[2024-09-03 17:57:19,288] {twitter_hook.py:65} INFO - URL: https://labdados.com/2/tweets/search/recent?query=data engineer&tweet.fields=author_id,conversation_id,created_at,id,in_reply_to_user_id,public_metrics,lang,text&expansions=author_id&user.fields=id,name,username,created_at&start_time=2024-08-31T00:00:00.00Z&end_time=2024-09-01T00:00:00.00Z&next_token=1234567890abcdef
[2024-09-03 17:57:19,427] {twitter_hook.py:65} INFO - URL: https://labdados.com/2/tweets/search/recent?query=data engineer&tweet.fields=author_id,conversation_id,created_at,id,in_reply_to_user_id,public_metrics,lang,text&expansions=author_id&user.fields=id,name,username,created_at&start_time=2024-08-31T00:00:00.00Z&end_time=2024-09-01T00:00:00.00Z&next_token=1234567890abcdef
[2024-09-03 17:57:19,567] {twitter_hook.py:65} INFO - URL: https://labdados.com/2/tweets/search/recent?query=data engineer&tweet.fields=author_id,conversation_id,created_at,id,in_reply_to_user_id,public_metrics,lang,text&expansions=author_id&user.fields=id,name,username,created_at&start_time=2024-08-31T00:00:00.00Z&end_time=2024-09-01T00:00:00.00Z&next_token=1234567890abcdef
[2024-09-03 17:57:19,710] {twitter_hook.py:65} INFO - URL: https://labdados.com/2/tweets/search/recent?query=data engineer&tweet.fields=author_id,conversation_id,created_at,id,in_reply_to_user_id,public_metrics,lang,text&expansions=author_id&user.fields=id,name,username,created_at&start_time=2024-08-31T00:00:00.00Z&end_time=2024-09-01T00:00:00.00Z&next_token=1234567890abcdef
[2024-09-03 17:57:19,849] {twitter_hook.py:65} INFO - URL: https://labdados.com/2/tweets/search/recent?query=data engineer&tweet.fields=author_id,conversation_id,created_at,id,in_reply_to_user_id,public_metrics,lang,text&expansions=author_id&user.fields=id,name,username,created_at&start_time=2024-08-31T00:00:00.00Z&end_time=2024-09-01T00:00:00.00Z&next_token=1234567890abcdef
[2024-09-03 17:57:20,145] {twitter_hook.py:65} INFO - URL: https://labdados.com/2/tweets/search/recent?query=data engineer&tweet.fields=author_id,conversation_id,created_at,id,in_reply_to_user_id,public_metrics,lang,text&expansions=author_id&user.fields=id,name,username,created_at&start_time=2024-08-31T00:00:00.00Z&end_time=2024-09-01T00:00:00.00Z&next_token=1234567890abcdef
[2024-09-03 17:57:20,286] {twitter_hook.py:65} INFO - URL: https://labdados.com/2/tweets/search/recent?query=data engineer&tweet.fields=author_id,conversation_id,created_at,id,in_reply_to_user_id,public_metrics,lang,text&expansions=author_id&user.fields=id,name,username,created_at&start_time=2024-08-31T00:00:00.00Z&end_time=2024-09-01T00:00:00.00Z&next_token=1234567890abcdef
[2024-09-03 17:57:20,427] {twitter_hook.py:65} INFO - URL: https://labdados.com/2/tweets/search/recent?query=data engineer&tweet.fields=author_id,conversation_id,created_at,id,in_reply_to_user_id,public_metrics,lang,text&expansions=author_id&user.fields=id,name,username,created_at&start_time=2024-08-31T00:00:00.00Z&end_time=2024-09-01T00:00:00.00Z&next_token=1234567890abcdef
[2024-09-03 17:57:20,569] {twitter_hook.py:65} INFO - URL: https://labdados.com/2/tweets/search/recent?query=data engineer&tweet.fields=author_id,conversation_id,created_at,id,in_reply_to_user_id,public_metrics,lang,text&expansions=author_id&user.fields=id,name,username,created_at&start_time=2024-08-31T00:00:00.00Z&end_time=2024-09-01T00:00:00.00Z&next_token=1234567890abcdef
[2024-09-03 17:57:20,713] {twitter_hook.py:65} INFO - URL: https://labdados.com/2/tweets/search/recent?query=data engineer&tweet.fields=author_id,conversation_id,created_at,id,in_reply_to_user_id,public_metrics,lang,text&expansions=author_id&user.fields=id,name,username,created_at&start_time=2024-08-31T00:00:00.00Z&end_time=2024-09-01T00:00:00.00Z&next_token=1234567890abcdef
[2024-09-03 17:57:20,860] {twitter_hook.py:65} INFO - URL: https://labdados.com/2/tweets/search/recent?query=data engineer&tweet.fields=author_id,conversation_id,created_at,id,in_reply_to_user_id,public_metrics,lang,text&expansions=author_id&user.fields=id,name,username,created_at&start_time=2024-08-31T00:00:00.00Z&end_time=2024-09-01T00:00:00.00Z&next_token=1234567890abcdef
[2024-09-03 17:57:21,002] {twitter_hook.py:65} INFO - URL: https://labdados.com/2/tweets/search/recent?query=data engineer&tweet.fields=author_id,conversation_id,created_at,id,in_reply_to_user_id,public_metrics,lang,text&expansions=author_id&user.fields=id,name,username,created_at&start_time=2024-08-31T00:00:00.00Z&end_time=2024-09-01T00:00:00.00Z&next_token=1234567890abcdef
[2024-09-03 17:57:21,147] {twitter_hook.py:65} INFO - URL: https://labdados.com/2/tweets/search/recent?query=data engineer&tweet.fields=author_id,conversation_id,created_at,id,in_reply_to_user_id,public_metrics,lang,text&expansions=author_id&user.fields=id,name,username,created_at&start_time=2024-08-31T00:00:00.00Z&end_time=2024-09-01T00:00:00.00Z&next_token=1234567890abcdef
[2024-09-03 17:57:21,288] {twitter_hook.py:65} INFO - URL: https://labdados.com/2/tweets/search/recent?query=data engineer&tweet.fields=author_id,conversation_id,created_at,id,in_reply_to_user_id,public_metrics,lang,text&expansions=author_id&user.fields=id,name,username,created_at&start_time=2024-08-31T00:00:00.00Z&end_time=2024-09-01T00:00:00.00Z&next_token=1234567890abcdef
[2024-09-03 17:57:21,428] {twitter_hook.py:65} INFO - URL: https://labdados.com/2/tweets/search/recent?query=data engineer&tweet.fields=author_id,conversation_id,created_at,id,in_reply_to_user_id,public_metrics,lang,text&expansions=author_id&user.fields=id,name,username,created_at&start_time=2024-08-31T00:00:00.00Z&end_time=2024-09-01T00:00:00.00Z&next_token=1234567890abcdef
[2024-09-03 17:57:21,567] {twitter_hook.py:65} INFO - URL: https://labdados.com/2/tweets/search/recent?query=data engineer&tweet.fields=author_id,conversation_id,created_at,id,in_reply_to_user_id,public_metrics,lang,text&expansions=author_id&user.fields=id,name,username,created_at&start_time=2024-08-31T00:00:00.00Z&end_time=2024-09-01T00:00:00.00Z&next_token=1234567890abcdef
[2024-09-03 17:57:21,711] {twitter_hook.py:65} INFO - URL: https://labdados.com/2/tweets/search/recent?query=data engineer&tweet.fields=author_id,conversation_id,created_at,id,in_reply_to_user_id,public_metrics,lang,text&expansions=author_id&user.fields=id,name,username,created_at&start_time=2024-08-31T00:00:00.00Z&end_time=2024-09-01T00:00:00.00Z&next_token=1234567890abcdef
[2024-09-03 17:57:21,857] {twitter_hook.py:65} INFO - URL: https://labdados.com/2/tweets/search/recent?query=data engineer&tweet.fields=author_id,conversation_id,created_at,id,in_reply_to_user_id,public_metrics,lang,text&expansions=author_id&user.fields=id,name,username,created_at&start_time=2024-08-31T00:00:00.00Z&end_time=2024-09-01T00:00:00.00Z&next_token=1234567890abcdef
[2024-09-03 17:57:22,000] {twitter_hook.py:65} INFO - URL: https://labdados.com/2/tweets/search/recent?query=data engineer&tweet.fields=author_id,conversation_id,created_at,id,in_reply_to_user_id,public_metrics,lang,text&expansions=author_id&user.fields=id,name,username,created_at&start_time=2024-08-31T00:00:00.00Z&end_time=2024-09-01T00:00:00.00Z&next_token=1234567890abcdef
[2024-09-03 17:57:22,139] {twitter_hook.py:65} INFO - URL: https://labdados.com/2/tweets/search/recent?query=data engineer&tweet.fields=author_id,conversation_id,created_at,id,in_reply_to_user_id,public_metrics,lang,text&expansions=author_id&user.fields=id,name,username,created_at&start_time=2024-08-31T00:00:00.00Z&end_time=2024-09-01T00:00:00.00Z&next_token=1234567890abcdef
[2024-09-03 17:57:22,283] {twitter_hook.py:65} INFO - URL: https://labdados.com/2/tweets/search/recent?query=data engineer&tweet.fields=author_id,conversation_id,created_at,id,in_reply_to_user_id,public_metrics,lang,text&expansions=author_id&user.fields=id,name,username,created_at&start_time=2024-08-31T00:00:00.00Z&end_time=2024-09-01T00:00:00.00Z&next_token=1234567890abcdef
[2024-09-03 17:57:22,433] {twitter_hook.py:65} INFO - URL: https://labdados.com/2/tweets/search/recent?query=data engineer&tweet.fields=author_id,conversation_id,created_at,id,in_reply_to_user_id,public_metrics,lang,text&expansions=author_id&user.fields=id,name,username,created_at&start_time=2024-08-31T00:00:00.00Z&end_time=2024-09-01T00:00:00.00Z&next_token=1234567890abcdef
[2024-09-03 17:57:22,581] {twitter_hook.py:65} INFO - URL: https://labdados.com/2/tweets/search/recent?query=data engineer&tweet.fields=author_id,conversation_id,created_at,id,in_reply_to_user_id,public_metrics,lang,text&expansions=author_id&user.fields=id,name,username,created_at&start_time=2024-08-31T00:00:00.00Z&end_time=2024-09-01T00:00:00.00Z&next_token=1234567890abcdef
[2024-09-03 17:57:22,721] {twitter_hook.py:65} INFO - URL: https://labdados.com/2/tweets/search/recent?query=data engineer&tweet.fields=author_id,conversation_id,created_at,id,in_reply_to_user_id,public_metrics,lang,text&expansions=author_id&user.fields=id,name,username,created_at&start_time=2024-08-31T00:00:00.00Z&end_time=2024-09-01T00:00:00.00Z&next_token=1234567890abcdef
[2024-09-03 17:57:22,862] {twitter_hook.py:65} INFO - URL: https://labdados.com/2/tweets/search/recent?query=data engineer&tweet.fields=author_id,conversation_id,created_at,id,in_reply_to_user_id,public_metrics,lang,text&expansions=author_id&user.fields=id,name,username,created_at&start_time=2024-08-31T00:00:00.00Z&end_time=2024-09-01T00:00:00.00Z&next_token=1234567890abcdef
[2024-09-03 17:57:23,002] {twitter_hook.py:65} INFO - URL: https://labdados.com/2/tweets/search/recent?query=data engineer&tweet.fields=author_id,conversation_id,created_at,id,in_reply_to_user_id,public_metrics,lang,text&expansions=author_id&user.fields=id,name,username,created_at&start_time=2024-08-31T00:00:00.00Z&end_time=2024-09-01T00:00:00.00Z&next_token=1234567890abcdef
[2024-09-03 17:57:23,142] {twitter_hook.py:65} INFO - URL: https://labdados.com/2/tweets/search/recent?query=data engineer&tweet.fields=author_id,conversation_id,created_at,id,in_reply_to_user_id,public_metrics,lang,text&expansions=author_id&user.fields=id,name,username,created_at&start_time=2024-08-31T00:00:00.00Z&end_time=2024-09-01T00:00:00.00Z&next_token=1234567890abcdef
[2024-09-03 17:57:23,291] {twitter_hook.py:65} INFO - URL: https://labdados.com/2/tweets/search/recent?query=data engineer&tweet.fields=author_id,conversation_id,created_at,id,in_reply_to_user_id,public_metrics,lang,text&expansions=author_id&user.fields=id,name,username,created_at&start_time=2024-08-31T00:00:00.00Z&end_time=2024-09-01T00:00:00.00Z&next_token=1234567890abcdef
[2024-09-03 17:57:23,430] {twitter_hook.py:65} INFO - URL: https://labdados.com/2/tweets/search/recent?query=data engineer&tweet.fields=author_id,conversation_id,created_at,id,in_reply_to_user_id,public_metrics,lang,text&expansions=author_id&user.fields=id,name,username,created_at&start_time=2024-08-31T00:00:00.00Z&end_time=2024-09-01T00:00:00.00Z&next_token=1234567890abcdef
[2024-09-03 17:57:23,568] {twitter_hook.py:65} INFO - URL: https://labdados.com/2/tweets/search/recent?query=data engineer&tweet.fields=author_id,conversation_id,created_at,id,in_reply_to_user_id,public_metrics,lang,text&expansions=author_id&user.fields=id,name,username,created_at&start_time=2024-08-31T00:00:00.00Z&end_time=2024-09-01T00:00:00.00Z&next_token=1234567890abcdef
[2024-09-03 17:57:23,709] {twitter_hook.py:65} INFO - URL: https://labdados.com/2/tweets/search/recent?query=data engineer&tweet.fields=author_id,conversation_id,created_at,id,in_reply_to_user_id,public_metrics,lang,text&expansions=author_id&user.fields=id,name,username,created_at&start_time=2024-08-31T00:00:00.00Z&end_time=2024-09-01T00:00:00.00Z&next_token=1234567890abcdef
[2024-09-03 17:57:23,847] {twitter_hook.py:65} INFO - URL: https://labdados.com/2/tweets/search/recent?query=data engineer&tweet.fields=author_id,conversation_id,created_at,id,in_reply_to_user_id,public_metrics,lang,text&expansions=author_id&user.fields=id,name,username,created_at&start_time=2024-08-31T00:00:00.00Z&end_time=2024-09-01T00:00:00.00Z&next_token=1234567890abcdef
[2024-09-03 17:57:23,987] {twitter_hook.py:65} INFO - URL: https://labdados.com/2/tweets/search/recent?query=data engineer&tweet.fields=author_id,conversation_id,created_at,id,in_reply_to_user_id,public_metrics,lang,text&expansions=author_id&user.fields=id,name,username,created_at&start_time=2024-08-31T00:00:00.00Z&end_time=2024-09-01T00:00:00.00Z&next_token=1234567890abcdef
[2024-09-03 17:57:24,125] {twitter_hook.py:65} INFO - URL: https://labdados.com/2/tweets/search/recent?query=data engineer&tweet.fields=author_id,conversation_id,created_at,id,in_reply_to_user_id,public_metrics,lang,text&expansions=author_id&user.fields=id,name,username,created_at&start_time=2024-08-31T00:00:00.00Z&end_time=2024-09-01T00:00:00.00Z&next_token=1234567890abcdef
[2024-09-03 17:57:24,269] {twitter_hook.py:65} INFO - URL: https://labdados.com/2/tweets/search/recent?query=data engineer&tweet.fields=author_id,conversation_id,created_at,id,in_reply_to_user_id,public_metrics,lang,text&expansions=author_id&user.fields=id,name,username,created_at&start_time=2024-08-31T00:00:00.00Z&end_time=2024-09-01T00:00:00.00Z&next_token=1234567890abcdef
[2024-09-03 17:57:24,411] {twitter_hook.py:65} INFO - URL: https://labdados.com/2/tweets/search/recent?query=data engineer&tweet.fields=author_id,conversation_id,created_at,id,in_reply_to_user_id,public_metrics,lang,text&expansions=author_id&user.fields=id,name,username,created_at&start_time=2024-08-31T00:00:00.00Z&end_time=2024-09-01T00:00:00.00Z&next_token=1234567890abcdef
[2024-09-03 17:57:24,550] {twitter_hook.py:65} INFO - URL: https://labdados.com/2/tweets/search/recent?query=data engineer&tweet.fields=author_id,conversation_id,created_at,id,in_reply_to_user_id,public_metrics,lang,text&expansions=author_id&user.fields=id,name,username,created_at&start_time=2024-08-31T00:00:00.00Z&end_time=2024-09-01T00:00:00.00Z&next_token=1234567890abcdef
[2024-09-03 17:57:24,692] {twitter_hook.py:65} INFO - URL: https://labdados.com/2/tweets/search/recent?query=data engineer&tweet.fields=author_id,conversation_id,created_at,id,in_reply_to_user_id,public_metrics,lang,text&expansions=author_id&user.fields=id,name,username,created_at&start_time=2024-08-31T00:00:00.00Z&end_time=2024-09-01T00:00:00.00Z&next_token=1234567890abcdef
[2024-09-03 17:57:24,843] {twitter_hook.py:65} INFO - URL: https://labdados.com/2/tweets/search/recent?query=data engineer&tweet.fields=author_id,conversation_id,created_at,id,in_reply_to_user_id,public_metrics,lang,text&expansions=author_id&user.fields=id,name,username,created_at&start_time=2024-08-31T00:00:00.00Z&end_time=2024-09-01T00:00:00.00Z&next_token=1234567890abcdef
[2024-09-03 17:57:24,986] {twitter_hook.py:65} INFO - URL: https://labdados.com/2/tweets/search/recent?query=data engineer&tweet.fields=author_id,conversation_id,created_at,id,in_reply_to_user_id,public_metrics,lang,text&expansions=author_id&user.fields=id,name,username,created_at&start_time=2024-08-31T00:00:00.00Z&end_time=2024-09-01T00:00:00.00Z&next_token=1234567890abcdef
[2024-09-03 17:57:25,129] {twitter_hook.py:65} INFO - URL: https://labdados.com/2/tweets/search/recent?query=data engineer&tweet.fields=author_id,conversation_id,created_at,id,in_reply_to_user_id,public_metrics,lang,text&expansions=author_id&user.fields=id,name,username,created_at&start_time=2024-08-31T00:00:00.00Z&end_time=2024-09-01T00:00:00.00Z&next_token=1234567890abcdef
[2024-09-03 17:57:25,274] {twitter_hook.py:65} INFO - URL: https://labdados.com/2/tweets/search/recent?query=data engineer&tweet.fields=author_id,conversation_id,created_at,id,in_reply_to_user_id,public_metrics,lang,text&expansions=author_id&user.fields=id,name,username,created_at&start_time=2024-08-31T00:00:00.00Z&end_time=2024-09-01T00:00:00.00Z&next_token=1234567890abcdef
[2024-09-03 17:57:25,412] {twitter_hook.py:65} INFO - URL: https://labdados.com/2/tweets/search/recent?query=data engineer&tweet.fields=author_id,conversation_id,created_at,id,in_reply_to_user_id,public_metrics,lang,text&expansions=author_id&user.fields=id,name,username,created_at&start_time=2024-08-31T00:00:00.00Z&end_time=2024-09-01T00:00:00.00Z&next_token=1234567890abcdef
[2024-09-03 17:57:25,590] {twitter_hook.py:65} INFO - URL: https://labdados.com/2/tweets/search/recent?query=data engineer&tweet.fields=author_id,conversation_id,created_at,id,in_reply_to_user_id,public_metrics,lang,text&expansions=author_id&user.fields=id,name,username,created_at&start_time=2024-08-31T00:00:00.00Z&end_time=2024-09-01T00:00:00.00Z&next_token=1234567890abcdef
[2024-09-03 17:57:25,764] {twitter_hook.py:65} INFO - URL: https://labdados.com/2/tweets/search/recent?query=data engineer&tweet.fields=author_id,conversation_id,created_at,id,in_reply_to_user_id,public_metrics,lang,text&expansions=author_id&user.fields=id,name,username,created_at&start_time=2024-08-31T00:00:00.00Z&end_time=2024-09-01T00:00:00.00Z&next_token=1234567890abcdef
[2024-09-03 17:57:25,916] {twitter_hook.py:65} INFO - URL: https://labdados.com/2/tweets/search/recent?query=data engineer&tweet.fields=author_id,conversation_id,created_at,id,in_reply_to_user_id,public_metrics,lang,text&expansions=author_id&user.fields=id,name,username,created_at&start_time=2024-08-31T00:00:00.00Z&end_time=2024-09-01T00:00:00.00Z&next_token=1234567890abcdef
[2024-09-03 17:57:26,068] {twitter_hook.py:65} INFO - URL: https://labdados.com/2/tweets/search/recent?query=data engineer&tweet.fields=author_id,conversation_id,created_at,id,in_reply_to_user_id,public_metrics,lang,text&expansions=author_id&user.fields=id,name,username,created_at&start_time=2024-08-31T00:00:00.00Z&end_time=2024-09-01T00:00:00.00Z&next_token=1234567890abcdef
[2024-09-03 17:57:26,215] {twitter_hook.py:65} INFO - URL: https://labdados.com/2/tweets/search/recent?query=data engineer&tweet.fields=author_id,conversation_id,created_at,id,in_reply_to_user_id,public_metrics,lang,text&expansions=author_id&user.fields=id,name,username,created_at&start_time=2024-08-31T00:00:00.00Z&end_time=2024-09-01T00:00:00.00Z&next_token=1234567890abcdef
[2024-09-03 17:57:26,354] {twitter_hook.py:65} INFO - URL: https://labdados.com/2/tweets/search/recent?query=data engineer&tweet.fields=author_id,conversation_id,created_at,id,in_reply_to_user_id,public_metrics,lang,text&expansions=author_id&user.fields=id,name,username,created_at&start_time=2024-08-31T00:00:00.00Z&end_time=2024-09-01T00:00:00.00Z&next_token=1234567890abcdef
[2024-09-03 17:57:26,493] {twitter_hook.py:65} INFO - URL: https://labdados.com/2/tweets/search/recent?query=data engineer&tweet.fields=author_id,conversation_id,created_at,id,in_reply_to_user_id,public_metrics,lang,text&expansions=author_id&user.fields=id,name,username,created_at&start_time=2024-08-31T00:00:00.00Z&end_time=2024-09-01T00:00:00.00Z&next_token=1234567890abcdef
[2024-09-03 17:57:26,632] {twitter_hook.py:65} INFO - URL: https://labdados.com/2/tweets/search/recent?query=data engineer&tweet.fields=author_id,conversation_id,created_at,id,in_reply_to_user_id,public_metrics,lang,text&expansions=author_id&user.fields=id,name,username,created_at&start_time=2024-08-31T00:00:00.00Z&end_time=2024-09-01T00:00:00.00Z&next_token=1234567890abcdef
[2024-09-03 17:57:26,770] {twitter_hook.py:65} INFO - URL: https://labdados.com/2/tweets/search/recent?query=data engineer&tweet.fields=author_id,conversation_id,created_at,id,in_reply_to_user_id,public_metrics,lang,text&expansions=author_id&user.fields=id,name,username,created_at&start_time=2024-08-31T00:00:00.00Z&end_time=2024-09-01T00:00:00.00Z&next_token=1234567890abcdef
[2024-09-03 17:57:26,909] {twitter_hook.py:65} INFO - URL: https://labdados.com/2/tweets/search/recent?query=data engineer&tweet.fields=author_id,conversation_id,created_at,id,in_reply_to_user_id,public_metrics,lang,text&expansions=author_id&user.fields=id,name,username,created_at&start_time=2024-08-31T00:00:00.00Z&end_time=2024-09-01T00:00:00.00Z&next_token=1234567890abcdef
[2024-09-03 17:57:27,047] {twitter_hook.py:65} INFO - URL: https://labdados.com/2/tweets/search/recent?query=data engineer&tweet.fields=author_id,conversation_id,created_at,id,in_reply_to_user_id,public_metrics,lang,text&expansions=author_id&user.fields=id,name,username,created_at&start_time=2024-08-31T00:00:00.00Z&end_time=2024-09-01T00:00:00.00Z&next_token=1234567890abcdef
[2024-09-03 17:57:27,187] {twitter_hook.py:65} INFO - URL: https://labdados.com/2/tweets/search/recent?query=data engineer&tweet.fields=author_id,conversation_id,created_at,id,in_reply_to_user_id,public_metrics,lang,text&expansions=author_id&user.fields=id,name,username,created_at&start_time=2024-08-31T00:00:00.00Z&end_time=2024-09-01T00:00:00.00Z&next_token=1234567890abcdef
[2024-09-03 17:57:27,330] {twitter_hook.py:65} INFO - URL: https://labdados.com/2/tweets/search/recent?query=data engineer&tweet.fields=author_id,conversation_id,created_at,id,in_reply_to_user_id,public_metrics,lang,text&expansions=author_id&user.fields=id,name,username,created_at&start_time=2024-08-31T00:00:00.00Z&end_time=2024-09-01T00:00:00.00Z&next_token=1234567890abcdef
[2024-09-03 17:57:27,486] {twitter_hook.py:65} INFO - URL: https://labdados.com/2/tweets/search/recent?query=data engineer&tweet.fields=author_id,conversation_id,created_at,id,in_reply_to_user_id,public_metrics,lang,text&expansions=author_id&user.fields=id,name,username,created_at&start_time=2024-08-31T00:00:00.00Z&end_time=2024-09-01T00:00:00.00Z&next_token=1234567890abcdef
[2024-09-03 17:57:27,627] {twitter_hook.py:65} INFO - URL: https://labdados.com/2/tweets/search/recent?query=data engineer&tweet.fields=author_id,conversation_id,created_at,id,in_reply_to_user_id,public_metrics,lang,text&expansions=author_id&user.fields=id,name,username,created_at&start_time=2024-08-31T00:00:00.00Z&end_time=2024-09-01T00:00:00.00Z&next_token=1234567890abcdef
[2024-09-03 17:57:27,770] {twitter_hook.py:65} INFO - URL: https://labdados.com/2/tweets/search/recent?query=data engineer&tweet.fields=author_id,conversation_id,created_at,id,in_reply_to_user_id,public_metrics,lang,text&expansions=author_id&user.fields=id,name,username,created_at&start_time=2024-08-31T00:00:00.00Z&end_time=2024-09-01T00:00:00.00Z&next_token=1234567890abcdef
[2024-09-03 17:57:27,919] {twitter_hook.py:65} INFO - URL: https://labdados.com/2/tweets/search/recent?query=data engineer&tweet.fields=author_id,conversation_id,created_at,id,in_reply_to_user_id,public_metrics,lang,text&expansions=author_id&user.fields=id,name,username,created_at&start_time=2024-08-31T00:00:00.00Z&end_time=2024-09-01T00:00:00.00Z&next_token=1234567890abcdef
[2024-09-03 17:57:28,062] {twitter_hook.py:65} INFO - URL: https://labdados.com/2/tweets/search/recent?query=data engineer&tweet.fields=author_id,conversation_id,created_at,id,in_reply_to_user_id,public_metrics,lang,text&expansions=author_id&user.fields=id,name,username,created_at&start_time=2024-08-31T00:00:00.00Z&end_time=2024-09-01T00:00:00.00Z&next_token=1234567890abcdef
[2024-09-03 17:57:28,201] {twitter_hook.py:65} INFO - URL: https://labdados.com/2/tweets/search/recent?query=data engineer&tweet.fields=author_id,conversation_id,created_at,id,in_reply_to_user_id,public_metrics,lang,text&expansions=author_id&user.fields=id,name,username,created_at&start_time=2024-08-31T00:00:00.00Z&end_time=2024-09-01T00:00:00.00Z&next_token=1234567890abcdef
[2024-09-03 17:57:28,339] {twitter_hook.py:65} INFO - URL: https://labdados.com/2/tweets/search/recent?query=data engineer&tweet.fields=author_id,conversation_id,created_at,id,in_reply_to_user_id,public_metrics,lang,text&expansions=author_id&user.fields=id,name,username,created_at&start_time=2024-08-31T00:00:00.00Z&end_time=2024-09-01T00:00:00.00Z&next_token=1234567890abcdef
[2024-09-03 17:57:28,482] {twitter_hook.py:65} INFO - URL: https://labdados.com/2/tweets/search/recent?query=data engineer&tweet.fields=author_id,conversation_id,created_at,id,in_reply_to_user_id,public_metrics,lang,text&expansions=author_id&user.fields=id,name,username,created_at&start_time=2024-08-31T00:00:00.00Z&end_time=2024-09-01T00:00:00.00Z&next_token=1234567890abcdef
[2024-09-03 17:57:28,626] {twitter_hook.py:65} INFO - URL: https://labdados.com/2/tweets/search/recent?query=data engineer&tweet.fields=author_id,conversation_id,created_at,id,in_reply_to_user_id,public_metrics,lang,text&expansions=author_id&user.fields=id,name,username,created_at&start_time=2024-08-31T00:00:00.00Z&end_time=2024-09-01T00:00:00.00Z&next_token=1234567890abcdef
[2024-09-03 17:57:28,773] {twitter_hook.py:65} INFO - URL: https://labdados.com/2/tweets/search/recent?query=data engineer&tweet.fields=author_id,conversation_id,created_at,id,in_reply_to_user_id,public_metrics,lang,text&expansions=author_id&user.fields=id,name,username,created_at&start_time=2024-08-31T00:00:00.00Z&end_time=2024-09-01T00:00:00.00Z&next_token=1234567890abcdef
[2024-09-03 17:57:28,963] {taskinstance.py:1395} INFO - Marking task as SUCCESS. dag_id=Twitter_extractor_DAGs, task_id=BRONZE_LAYER_EXTRACTION_E, execution_date=20240831T000000, start_date=20240903T205713, end_date=20240903T205728
[2024-09-03 17:57:29,003] {local_task_job.py:156} INFO - Task exited with return code 0
[2024-09-03 17:57:29,021] {local_task_job.py:273} INFO - 1 downstream tasks scheduled from follow-on schedule check
[2024-09-03 18:18:18,639] {taskinstance.py:1159} INFO - Dependencies all met for <TaskInstance: Twitter_extractor_DAGs.BRONZE_LAYER_EXTRACTION_E scheduled__2024-08-31T00:00:00+00:00 [queued]>
[2024-09-03 18:18:18,647] {taskinstance.py:1159} INFO - Dependencies all met for <TaskInstance: Twitter_extractor_DAGs.BRONZE_LAYER_EXTRACTION_E scheduled__2024-08-31T00:00:00+00:00 [queued]>
[2024-09-03 18:18:18,647] {taskinstance.py:1356} INFO - 
--------------------------------------------------------------------------------
[2024-09-03 18:18:18,648] {taskinstance.py:1357} INFO - Starting attempt 1 of 1
[2024-09-03 18:18:18,648] {taskinstance.py:1358} INFO - 
--------------------------------------------------------------------------------
[2024-09-03 18:18:18,660] {taskinstance.py:1377} INFO - Executing <Task(TwitterOperator): BRONZE_LAYER_EXTRACTION_E> on 2024-08-31 00:00:00+00:00
[2024-09-03 18:18:18,663] {standard_task_runner.py:52} INFO - Started process 340096 to run task
[2024-09-03 18:18:18,666] {standard_task_runner.py:79} INFO - Running: ['airflow', 'tasks', 'run', 'Twitter_extractor_DAGs', 'BRONZE_LAYER_EXTRACTION_E', 'scheduled__2024-08-31T00:00:00+00:00', '--job-id', '107', '--raw', '--subdir', 'DAGS_FOLDER/twitter_dag.py', '--cfg-path', '/tmp/tmpamwveerf', '--error-file', '/tmp/tmp3kktli63']
[2024-09-03 18:18:18,666] {standard_task_runner.py:80} INFO - Job 107: Subtask BRONZE_LAYER_EXTRACTION_E
[2024-09-03 18:18:18,714] {task_command.py:370} INFO - Running <TaskInstance: Twitter_extractor_DAGs.BRONZE_LAYER_EXTRACTION_E scheduled__2024-08-31T00:00:00+00:00 [running]> on host kaiwangairflow
[2024-09-03 18:18:18,763] {taskinstance.py:1569} INFO - Exporting the following env vars:
AIRFLOW_CTX_DAG_OWNER=airflow
AIRFLOW_CTX_DAG_ID=Twitter_extractor_DAGs
AIRFLOW_CTX_TASK_ID=BRONZE_LAYER_EXTRACTION_E
AIRFLOW_CTX_EXECUTION_DATE=2024-08-31T00:00:00+00:00
AIRFLOW_CTX_TRY_NUMBER=1
AIRFLOW_CTX_DAG_RUN_ID=scheduled__2024-08-31T00:00:00+00:00
[2024-09-03 18:18:18,768] {base.py:68} INFO - Using connection ID 'twitter_connections_default' for task execution.
[2024-09-03 18:18:18,769] {twitter_hook.py:65} INFO - URL: https://labdados.com/2/tweets/search/recent?query=data engineer&tweet.fields=author_id,conversation_id,created_at,id,in_reply_to_user_id,public_metrics,lang,text&expansions=author_id&user.fields=id,name,username,created_at&start_time=2024-08-31T00:00:00.00Z&end_time=2024-09-01T00:00:00.00Z
[2024-09-03 18:18:19,348] {taskinstance.py:1395} INFO - Marking task as SUCCESS. dag_id=Twitter_extractor_DAGs, task_id=BRONZE_LAYER_EXTRACTION_E, execution_date=20240831T000000, start_date=20240903T211818, end_date=20240903T211819
[2024-09-03 18:18:19,393] {local_task_job.py:156} INFO - Task exited with return code 0
[2024-09-03 18:18:19,414] {local_task_job.py:273} INFO - 1 downstream tasks scheduled from follow-on schedule check
[2024-09-03 18:24:41,232] {taskinstance.py:1159} INFO - Dependencies all met for <TaskInstance: Twitter_extractor_DAGs.BRONZE_LAYER_EXTRACTION_E scheduled__2024-08-31T00:00:00+00:00 [queued]>
[2024-09-03 18:24:41,237] {taskinstance.py:1159} INFO - Dependencies all met for <TaskInstance: Twitter_extractor_DAGs.BRONZE_LAYER_EXTRACTION_E scheduled__2024-08-31T00:00:00+00:00 [queued]>
[2024-09-03 18:24:41,237] {taskinstance.py:1356} INFO - 
--------------------------------------------------------------------------------
[2024-09-03 18:24:41,237] {taskinstance.py:1357} INFO - Starting attempt 1 of 1
[2024-09-03 18:24:41,237] {taskinstance.py:1358} INFO - 
--------------------------------------------------------------------------------
[2024-09-03 18:24:41,246] {taskinstance.py:1377} INFO - Executing <Task(TwitterOperator): BRONZE_LAYER_EXTRACTION_E> on 2024-08-31 00:00:00+00:00
[2024-09-03 18:24:41,247] {standard_task_runner.py:52} INFO - Started process 346490 to run task
[2024-09-03 18:24:41,250] {standard_task_runner.py:79} INFO - Running: ['airflow', 'tasks', 'run', 'Twitter_extractor_DAGs', 'BRONZE_LAYER_EXTRACTION_E', 'scheduled__2024-08-31T00:00:00+00:00', '--job-id', '107', '--raw', '--subdir', 'DAGS_FOLDER/twitter_dag.py', '--cfg-path', '/tmp/tmp95h6y0_v', '--error-file', '/tmp/tmpcziwvxsx']
[2024-09-03 18:24:41,250] {standard_task_runner.py:80} INFO - Job 107: Subtask BRONZE_LAYER_EXTRACTION_E
[2024-09-03 18:24:41,280] {task_command.py:370} INFO - Running <TaskInstance: Twitter_extractor_DAGs.BRONZE_LAYER_EXTRACTION_E scheduled__2024-08-31T00:00:00+00:00 [running]> on host kaiwangairflow
[2024-09-03 18:24:41,343] {taskinstance.py:1569} INFO - Exporting the following env vars:
AIRFLOW_CTX_DAG_OWNER=airflow
AIRFLOW_CTX_DAG_ID=Twitter_extractor_DAGs
AIRFLOW_CTX_TASK_ID=BRONZE_LAYER_EXTRACTION_E
AIRFLOW_CTX_EXECUTION_DATE=2024-08-31T00:00:00+00:00
AIRFLOW_CTX_TRY_NUMBER=1
AIRFLOW_CTX_DAG_RUN_ID=scheduled__2024-08-31T00:00:00+00:00
[2024-09-03 18:24:41,348] {base.py:68} INFO - Using connection ID 'twitter_connections_default' for task execution.
[2024-09-03 18:24:41,350] {twitter_hook.py:65} INFO - URL: https://labdados.com/2/tweets/search/recent?query=data engineer&tweet.fields=author_id,conversation_id,created_at,id,in_reply_to_user_id,public_metrics,lang,text&expansions=author_id&user.fields=id,name,username,created_at&start_time=2024-08-31T00:00:00.00Z&end_time=2024-09-01T00:00:00.00Z
[2024-09-03 18:24:41,949] {taskinstance.py:1395} INFO - Marking task as SUCCESS. dag_id=Twitter_extractor_DAGs, task_id=BRONZE_LAYER_EXTRACTION_E, execution_date=20240831T000000, start_date=20240903T212441, end_date=20240903T212441
[2024-09-03 18:24:41,983] {local_task_job.py:156} INFO - Task exited with return code 0
[2024-09-03 18:24:42,004] {local_task_job.py:273} INFO - 1 downstream tasks scheduled from follow-on schedule check
[2024-09-03 22:55:21,006] {taskinstance.py:1159} INFO - Dependencies all met for <TaskInstance: Twitter_extractor_DAGs.BRONZE_LAYER_EXTRACTION_E scheduled__2024-08-31T00:00:00+00:00 [queued]>
[2024-09-03 22:55:21,013] {taskinstance.py:1159} INFO - Dependencies all met for <TaskInstance: Twitter_extractor_DAGs.BRONZE_LAYER_EXTRACTION_E scheduled__2024-08-31T00:00:00+00:00 [queued]>
[2024-09-03 22:55:21,013] {taskinstance.py:1356} INFO - 
--------------------------------------------------------------------------------
[2024-09-03 22:55:21,013] {taskinstance.py:1357} INFO - Starting attempt 1 of 1
[2024-09-03 22:55:21,013] {taskinstance.py:1358} INFO - 
--------------------------------------------------------------------------------
[2024-09-03 22:55:21,023] {taskinstance.py:1377} INFO - Executing <Task(TwitterOperator): BRONZE_LAYER_EXTRACTION_E> on 2024-08-31 00:00:00+00:00
[2024-09-03 22:55:21,025] {standard_task_runner.py:52} INFO - Started process 454828 to run task
[2024-09-03 22:55:21,030] {standard_task_runner.py:79} INFO - Running: ['airflow', 'tasks', 'run', 'Twitter_extractor_DAGs', 'BRONZE_LAYER_EXTRACTION_E', 'scheduled__2024-08-31T00:00:00+00:00', '--job-id', '153', '--raw', '--subdir', 'DAGS_FOLDER/twitter_dag.py', '--cfg-path', '/tmp/tmp0qy86kjd', '--error-file', '/tmp/tmp3ndf5o4k']
[2024-09-03 22:55:21,030] {standard_task_runner.py:80} INFO - Job 153: Subtask BRONZE_LAYER_EXTRACTION_E
[2024-09-03 22:55:21,064] {task_command.py:370} INFO - Running <TaskInstance: Twitter_extractor_DAGs.BRONZE_LAYER_EXTRACTION_E scheduled__2024-08-31T00:00:00+00:00 [running]> on host kaiwangairflow
[2024-09-03 22:55:21,106] {taskinstance.py:1569} INFO - Exporting the following env vars:
AIRFLOW_CTX_DAG_OWNER=airflow
AIRFLOW_CTX_DAG_ID=Twitter_extractor_DAGs
AIRFLOW_CTX_TASK_ID=BRONZE_LAYER_EXTRACTION_E
AIRFLOW_CTX_EXECUTION_DATE=2024-08-31T00:00:00+00:00
AIRFLOW_CTX_TRY_NUMBER=1
AIRFLOW_CTX_DAG_RUN_ID=scheduled__2024-08-31T00:00:00+00:00
[2024-09-03 22:55:21,117] {base.py:68} INFO - Using connection ID 'twitter_connections_default' for task execution.
[2024-09-03 22:55:21,119] {twitter_hook.py:65} INFO - URL: https://labdados.com/2/tweets/search/recent?query=data engineer&tweet.fields=author_id,conversation_id,created_at,id,in_reply_to_user_id,public_metrics,lang,text&expansions=author_id&user.fields=id,name,username,created_at&start_time=2024-08-31T00:00:00.00Z&end_time=2024-09-01T00:00:00.00Z
[2024-09-03 22:55:21,742] {taskinstance.py:1395} INFO - Marking task as SUCCESS. dag_id=Twitter_extractor_DAGs, task_id=BRONZE_LAYER_EXTRACTION_E, execution_date=20240831T000000, start_date=20240904T015521, end_date=20240904T015521
[2024-09-03 22:55:21,783] {local_task_job.py:156} INFO - Task exited with return code 0
[2024-09-03 22:55:21,806] {local_task_job.py:273} INFO - 1 downstream tasks scheduled from follow-on schedule check
[2024-09-03 23:32:48,854] {taskinstance.py:1159} INFO - Dependencies all met for <TaskInstance: Twitter_extractor_DAGs.BRONZE_LAYER_EXTRACTION_E scheduled__2024-08-31T00:00:00+00:00 [queued]>
[2024-09-03 23:32:48,862] {taskinstance.py:1159} INFO - Dependencies all met for <TaskInstance: Twitter_extractor_DAGs.BRONZE_LAYER_EXTRACTION_E scheduled__2024-08-31T00:00:00+00:00 [queued]>
[2024-09-03 23:32:48,862] {taskinstance.py:1356} INFO - 
--------------------------------------------------------------------------------
[2024-09-03 23:32:48,862] {taskinstance.py:1357} INFO - Starting attempt 1 of 1
[2024-09-03 23:32:48,862] {taskinstance.py:1358} INFO - 
--------------------------------------------------------------------------------
[2024-09-03 23:32:48,874] {taskinstance.py:1377} INFO - Executing <Task(TwitterOperator): BRONZE_LAYER_EXTRACTION_E> on 2024-08-31 00:00:00+00:00
[2024-09-03 23:32:48,876] {standard_task_runner.py:52} INFO - Started process 472448 to run task
[2024-09-03 23:32:48,879] {standard_task_runner.py:79} INFO - Running: ['airflow', 'tasks', 'run', 'Twitter_extractor_DAGs', 'BRONZE_LAYER_EXTRACTION_E', 'scheduled__2024-08-31T00:00:00+00:00', '--job-id', '77', '--raw', '--subdir', 'DAGS_FOLDER/twitter_dag.py', '--cfg-path', '/tmp/tmp3v8r_xdr', '--error-file', '/tmp/tmpemhftijh']
[2024-09-03 23:32:48,880] {standard_task_runner.py:80} INFO - Job 77: Subtask BRONZE_LAYER_EXTRACTION_E
[2024-09-03 23:32:48,922] {task_command.py:370} INFO - Running <TaskInstance: Twitter_extractor_DAGs.BRONZE_LAYER_EXTRACTION_E scheduled__2024-08-31T00:00:00+00:00 [running]> on host kaiwangairflow
[2024-09-03 23:32:48,970] {taskinstance.py:1569} INFO - Exporting the following env vars:
AIRFLOW_CTX_DAG_OWNER=airflow
AIRFLOW_CTX_DAG_ID=Twitter_extractor_DAGs
AIRFLOW_CTX_TASK_ID=BRONZE_LAYER_EXTRACTION_E
AIRFLOW_CTX_EXECUTION_DATE=2024-08-31T00:00:00+00:00
AIRFLOW_CTX_TRY_NUMBER=1
AIRFLOW_CTX_DAG_RUN_ID=scheduled__2024-08-31T00:00:00+00:00
[2024-09-03 23:32:48,975] {base.py:68} INFO - Using connection ID 'twitter_connections_default' for task execution.
[2024-09-03 23:32:48,976] {twitter_hook.py:65} INFO - URL: https://labdados.com/2/tweets/search/recent?query=data engineer&tweet.fields=author_id,conversation_id,created_at,id,in_reply_to_user_id,public_metrics,lang,text&expansions=author_id&user.fields=id,name,username,created_at&start_time=2024-08-31T00:00:00.00Z&end_time=2024-09-01T00:00:00.00Z
[2024-09-03 23:32:52,796] {twitter_hook.py:65} INFO - URL: https://labdados.com/2/tweets/search/recent?query=data engineer&tweet.fields=author_id,conversation_id,created_at,id,in_reply_to_user_id,public_metrics,lang,text&expansions=author_id&user.fields=id,name,username,created_at&start_time=2024-08-31T00:00:00.00Z&end_time=2024-09-01T00:00:00.00Z&next_token=1234567890abcdef
[2024-09-03 23:32:53,446] {twitter_hook.py:65} INFO - URL: https://labdados.com/2/tweets/search/recent?query=data engineer&tweet.fields=author_id,conversation_id,created_at,id,in_reply_to_user_id,public_metrics,lang,text&expansions=author_id&user.fields=id,name,username,created_at&start_time=2024-08-31T00:00:00.00Z&end_time=2024-09-01T00:00:00.00Z&next_token=1234567890abcdef
[2024-09-03 23:32:54,012] {twitter_hook.py:65} INFO - URL: https://labdados.com/2/tweets/search/recent?query=data engineer&tweet.fields=author_id,conversation_id,created_at,id,in_reply_to_user_id,public_metrics,lang,text&expansions=author_id&user.fields=id,name,username,created_at&start_time=2024-08-31T00:00:00.00Z&end_time=2024-09-01T00:00:00.00Z&next_token=1234567890abcdef
[2024-09-03 23:32:54,529] {twitter_hook.py:65} INFO - URL: https://labdados.com/2/tweets/search/recent?query=data engineer&tweet.fields=author_id,conversation_id,created_at,id,in_reply_to_user_id,public_metrics,lang,text&expansions=author_id&user.fields=id,name,username,created_at&start_time=2024-08-31T00:00:00.00Z&end_time=2024-09-01T00:00:00.00Z&next_token=1234567890abcdef
[2024-09-03 23:32:55,052] {twitter_hook.py:65} INFO - URL: https://labdados.com/2/tweets/search/recent?query=data engineer&tweet.fields=author_id,conversation_id,created_at,id,in_reply_to_user_id,public_metrics,lang,text&expansions=author_id&user.fields=id,name,username,created_at&start_time=2024-08-31T00:00:00.00Z&end_time=2024-09-01T00:00:00.00Z&next_token=1234567890abcdef
[2024-09-03 23:32:55,654] {twitter_hook.py:65} INFO - URL: https://labdados.com/2/tweets/search/recent?query=data engineer&tweet.fields=author_id,conversation_id,created_at,id,in_reply_to_user_id,public_metrics,lang,text&expansions=author_id&user.fields=id,name,username,created_at&start_time=2024-08-31T00:00:00.00Z&end_time=2024-09-01T00:00:00.00Z&next_token=1234567890abcdef
[2024-09-03 23:32:56,228] {twitter_hook.py:65} INFO - URL: https://labdados.com/2/tweets/search/recent?query=data engineer&tweet.fields=author_id,conversation_id,created_at,id,in_reply_to_user_id,public_metrics,lang,text&expansions=author_id&user.fields=id,name,username,created_at&start_time=2024-08-31T00:00:00.00Z&end_time=2024-09-01T00:00:00.00Z&next_token=1234567890abcdef
[2024-09-03 23:32:58,536] {twitter_hook.py:65} INFO - URL: https://labdados.com/2/tweets/search/recent?query=data engineer&tweet.fields=author_id,conversation_id,created_at,id,in_reply_to_user_id,public_metrics,lang,text&expansions=author_id&user.fields=id,name,username,created_at&start_time=2024-08-31T00:00:00.00Z&end_time=2024-09-01T00:00:00.00Z&next_token=1234567890abcdef
[2024-09-03 23:32:59,319] {twitter_hook.py:65} INFO - URL: https://labdados.com/2/tweets/search/recent?query=data engineer&tweet.fields=author_id,conversation_id,created_at,id,in_reply_to_user_id,public_metrics,lang,text&expansions=author_id&user.fields=id,name,username,created_at&start_time=2024-08-31T00:00:00.00Z&end_time=2024-09-01T00:00:00.00Z&next_token=1234567890abcdef
[2024-09-03 23:33:00,201] {twitter_hook.py:65} INFO - URL: https://labdados.com/2/tweets/search/recent?query=data engineer&tweet.fields=author_id,conversation_id,created_at,id,in_reply_to_user_id,public_metrics,lang,text&expansions=author_id&user.fields=id,name,username,created_at&start_time=2024-08-31T00:00:00.00Z&end_time=2024-09-01T00:00:00.00Z&next_token=1234567890abcdef
[2024-09-03 23:33:00,771] {twitter_hook.py:65} INFO - URL: https://labdados.com/2/tweets/search/recent?query=data engineer&tweet.fields=author_id,conversation_id,created_at,id,in_reply_to_user_id,public_metrics,lang,text&expansions=author_id&user.fields=id,name,username,created_at&start_time=2024-08-31T00:00:00.00Z&end_time=2024-09-01T00:00:00.00Z&next_token=1234567890abcdef
[2024-09-03 23:33:01,999] {twitter_hook.py:65} INFO - URL: https://labdados.com/2/tweets/search/recent?query=data engineer&tweet.fields=author_id,conversation_id,created_at,id,in_reply_to_user_id,public_metrics,lang,text&expansions=author_id&user.fields=id,name,username,created_at&start_time=2024-08-31T00:00:00.00Z&end_time=2024-09-01T00:00:00.00Z&next_token=1234567890abcdef
[2024-09-03 23:33:02,595] {twitter_hook.py:65} INFO - URL: https://labdados.com/2/tweets/search/recent?query=data engineer&tweet.fields=author_id,conversation_id,created_at,id,in_reply_to_user_id,public_metrics,lang,text&expansions=author_id&user.fields=id,name,username,created_at&start_time=2024-08-31T00:00:00.00Z&end_time=2024-09-01T00:00:00.00Z&next_token=1234567890abcdef
[2024-09-03 23:33:03,076] {twitter_hook.py:65} INFO - URL: https://labdados.com/2/tweets/search/recent?query=data engineer&tweet.fields=author_id,conversation_id,created_at,id,in_reply_to_user_id,public_metrics,lang,text&expansions=author_id&user.fields=id,name,username,created_at&start_time=2024-08-31T00:00:00.00Z&end_time=2024-09-01T00:00:00.00Z&next_token=1234567890abcdef
[2024-09-03 23:33:03,535] {twitter_hook.py:65} INFO - URL: https://labdados.com/2/tweets/search/recent?query=data engineer&tweet.fields=author_id,conversation_id,created_at,id,in_reply_to_user_id,public_metrics,lang,text&expansions=author_id&user.fields=id,name,username,created_at&start_time=2024-08-31T00:00:00.00Z&end_time=2024-09-01T00:00:00.00Z&next_token=1234567890abcdef
[2024-09-03 23:33:03,991] {twitter_hook.py:65} INFO - URL: https://labdados.com/2/tweets/search/recent?query=data engineer&tweet.fields=author_id,conversation_id,created_at,id,in_reply_to_user_id,public_metrics,lang,text&expansions=author_id&user.fields=id,name,username,created_at&start_time=2024-08-31T00:00:00.00Z&end_time=2024-09-01T00:00:00.00Z&next_token=1234567890abcdef
[2024-09-03 23:33:04,232] {twitter_hook.py:65} INFO - URL: https://labdados.com/2/tweets/search/recent?query=data engineer&tweet.fields=author_id,conversation_id,created_at,id,in_reply_to_user_id,public_metrics,lang,text&expansions=author_id&user.fields=id,name,username,created_at&start_time=2024-08-31T00:00:00.00Z&end_time=2024-09-01T00:00:00.00Z&next_token=1234567890abcdef
[2024-09-03 23:33:04,849] {twitter_hook.py:65} INFO - URL: https://labdados.com/2/tweets/search/recent?query=data engineer&tweet.fields=author_id,conversation_id,created_at,id,in_reply_to_user_id,public_metrics,lang,text&expansions=author_id&user.fields=id,name,username,created_at&start_time=2024-08-31T00:00:00.00Z&end_time=2024-09-01T00:00:00.00Z&next_token=1234567890abcdef
[2024-09-03 23:33:05,368] {twitter_hook.py:65} INFO - URL: https://labdados.com/2/tweets/search/recent?query=data engineer&tweet.fields=author_id,conversation_id,created_at,id,in_reply_to_user_id,public_metrics,lang,text&expansions=author_id&user.fields=id,name,username,created_at&start_time=2024-08-31T00:00:00.00Z&end_time=2024-09-01T00:00:00.00Z&next_token=1234567890abcdef
[2024-09-03 23:33:05,766] {twitter_hook.py:65} INFO - URL: https://labdados.com/2/tweets/search/recent?query=data engineer&tweet.fields=author_id,conversation_id,created_at,id,in_reply_to_user_id,public_metrics,lang,text&expansions=author_id&user.fields=id,name,username,created_at&start_time=2024-08-31T00:00:00.00Z&end_time=2024-09-01T00:00:00.00Z&next_token=1234567890abcdef
[2024-09-03 23:33:06,138] {twitter_hook.py:65} INFO - URL: https://labdados.com/2/tweets/search/recent?query=data engineer&tweet.fields=author_id,conversation_id,created_at,id,in_reply_to_user_id,public_metrics,lang,text&expansions=author_id&user.fields=id,name,username,created_at&start_time=2024-08-31T00:00:00.00Z&end_time=2024-09-01T00:00:00.00Z&next_token=1234567890abcdef
[2024-09-03 23:33:06,566] {twitter_hook.py:65} INFO - URL: https://labdados.com/2/tweets/search/recent?query=data engineer&tweet.fields=author_id,conversation_id,created_at,id,in_reply_to_user_id,public_metrics,lang,text&expansions=author_id&user.fields=id,name,username,created_at&start_time=2024-08-31T00:00:00.00Z&end_time=2024-09-01T00:00:00.00Z&next_token=1234567890abcdef
[2024-09-03 23:33:06,967] {twitter_hook.py:65} INFO - URL: https://labdados.com/2/tweets/search/recent?query=data engineer&tweet.fields=author_id,conversation_id,created_at,id,in_reply_to_user_id,public_metrics,lang,text&expansions=author_id&user.fields=id,name,username,created_at&start_time=2024-08-31T00:00:00.00Z&end_time=2024-09-01T00:00:00.00Z&next_token=1234567890abcdef
[2024-09-03 23:33:07,473] {twitter_hook.py:65} INFO - URL: https://labdados.com/2/tweets/search/recent?query=data engineer&tweet.fields=author_id,conversation_id,created_at,id,in_reply_to_user_id,public_metrics,lang,text&expansions=author_id&user.fields=id,name,username,created_at&start_time=2024-08-31T00:00:00.00Z&end_time=2024-09-01T00:00:00.00Z&next_token=1234567890abcdef
[2024-09-03 23:33:08,003] {twitter_hook.py:65} INFO - URL: https://labdados.com/2/tweets/search/recent?query=data engineer&tweet.fields=author_id,conversation_id,created_at,id,in_reply_to_user_id,public_metrics,lang,text&expansions=author_id&user.fields=id,name,username,created_at&start_time=2024-08-31T00:00:00.00Z&end_time=2024-09-01T00:00:00.00Z&next_token=1234567890abcdef
[2024-09-03 23:33:08,505] {twitter_hook.py:65} INFO - URL: https://labdados.com/2/tweets/search/recent?query=data engineer&tweet.fields=author_id,conversation_id,created_at,id,in_reply_to_user_id,public_metrics,lang,text&expansions=author_id&user.fields=id,name,username,created_at&start_time=2024-08-31T00:00:00.00Z&end_time=2024-09-01T00:00:00.00Z&next_token=1234567890abcdef
[2024-09-03 23:33:09,035] {twitter_hook.py:65} INFO - URL: https://labdados.com/2/tweets/search/recent?query=data engineer&tweet.fields=author_id,conversation_id,created_at,id,in_reply_to_user_id,public_metrics,lang,text&expansions=author_id&user.fields=id,name,username,created_at&start_time=2024-08-31T00:00:00.00Z&end_time=2024-09-01T00:00:00.00Z&next_token=1234567890abcdef
[2024-09-03 23:33:09,575] {twitter_hook.py:65} INFO - URL: https://labdados.com/2/tweets/search/recent?query=data engineer&tweet.fields=author_id,conversation_id,created_at,id,in_reply_to_user_id,public_metrics,lang,text&expansions=author_id&user.fields=id,name,username,created_at&start_time=2024-08-31T00:00:00.00Z&end_time=2024-09-01T00:00:00.00Z&next_token=1234567890abcdef
[2024-09-03 23:33:09,996] {twitter_hook.py:65} INFO - URL: https://labdados.com/2/tweets/search/recent?query=data engineer&tweet.fields=author_id,conversation_id,created_at,id,in_reply_to_user_id,public_metrics,lang,text&expansions=author_id&user.fields=id,name,username,created_at&start_time=2024-08-31T00:00:00.00Z&end_time=2024-09-01T00:00:00.00Z&next_token=1234567890abcdef
[2024-09-03 23:33:10,406] {twitter_hook.py:65} INFO - URL: https://labdados.com/2/tweets/search/recent?query=data engineer&tweet.fields=author_id,conversation_id,created_at,id,in_reply_to_user_id,public_metrics,lang,text&expansions=author_id&user.fields=id,name,username,created_at&start_time=2024-08-31T00:00:00.00Z&end_time=2024-09-01T00:00:00.00Z&next_token=1234567890abcdef
[2024-09-03 23:33:10,836] {twitter_hook.py:65} INFO - URL: https://labdados.com/2/tweets/search/recent?query=data engineer&tweet.fields=author_id,conversation_id,created_at,id,in_reply_to_user_id,public_metrics,lang,text&expansions=author_id&user.fields=id,name,username,created_at&start_time=2024-08-31T00:00:00.00Z&end_time=2024-09-01T00:00:00.00Z&next_token=1234567890abcdef
[2024-09-03 23:33:11,268] {twitter_hook.py:65} INFO - URL: https://labdados.com/2/tweets/search/recent?query=data engineer&tweet.fields=author_id,conversation_id,created_at,id,in_reply_to_user_id,public_metrics,lang,text&expansions=author_id&user.fields=id,name,username,created_at&start_time=2024-08-31T00:00:00.00Z&end_time=2024-09-01T00:00:00.00Z&next_token=1234567890abcdef
[2024-09-03 23:33:11,666] {twitter_hook.py:65} INFO - URL: https://labdados.com/2/tweets/search/recent?query=data engineer&tweet.fields=author_id,conversation_id,created_at,id,in_reply_to_user_id,public_metrics,lang,text&expansions=author_id&user.fields=id,name,username,created_at&start_time=2024-08-31T00:00:00.00Z&end_time=2024-09-01T00:00:00.00Z&next_token=1234567890abcdef
[2024-09-03 23:33:12,132] {twitter_hook.py:65} INFO - URL: https://labdados.com/2/tweets/search/recent?query=data engineer&tweet.fields=author_id,conversation_id,created_at,id,in_reply_to_user_id,public_metrics,lang,text&expansions=author_id&user.fields=id,name,username,created_at&start_time=2024-08-31T00:00:00.00Z&end_time=2024-09-01T00:00:00.00Z&next_token=1234567890abcdef
[2024-09-03 23:33:12,532] {twitter_hook.py:65} INFO - URL: https://labdados.com/2/tweets/search/recent?query=data engineer&tweet.fields=author_id,conversation_id,created_at,id,in_reply_to_user_id,public_metrics,lang,text&expansions=author_id&user.fields=id,name,username,created_at&start_time=2024-08-31T00:00:00.00Z&end_time=2024-09-01T00:00:00.00Z&next_token=1234567890abcdef
[2024-09-03 23:33:12,952] {twitter_hook.py:65} INFO - URL: https://labdados.com/2/tweets/search/recent?query=data engineer&tweet.fields=author_id,conversation_id,created_at,id,in_reply_to_user_id,public_metrics,lang,text&expansions=author_id&user.fields=id,name,username,created_at&start_time=2024-08-31T00:00:00.00Z&end_time=2024-09-01T00:00:00.00Z&next_token=1234567890abcdef
[2024-09-03 23:33:13,402] {twitter_hook.py:65} INFO - URL: https://labdados.com/2/tweets/search/recent?query=data engineer&tweet.fields=author_id,conversation_id,created_at,id,in_reply_to_user_id,public_metrics,lang,text&expansions=author_id&user.fields=id,name,username,created_at&start_time=2024-08-31T00:00:00.00Z&end_time=2024-09-01T00:00:00.00Z&next_token=1234567890abcdef
[2024-09-03 23:33:13,823] {twitter_hook.py:65} INFO - URL: https://labdados.com/2/tweets/search/recent?query=data engineer&tweet.fields=author_id,conversation_id,created_at,id,in_reply_to_user_id,public_metrics,lang,text&expansions=author_id&user.fields=id,name,username,created_at&start_time=2024-08-31T00:00:00.00Z&end_time=2024-09-01T00:00:00.00Z&next_token=1234567890abcdef
[2024-09-03 23:33:14,309] {twitter_hook.py:65} INFO - URL: https://labdados.com/2/tweets/search/recent?query=data engineer&tweet.fields=author_id,conversation_id,created_at,id,in_reply_to_user_id,public_metrics,lang,text&expansions=author_id&user.fields=id,name,username,created_at&start_time=2024-08-31T00:00:00.00Z&end_time=2024-09-01T00:00:00.00Z&next_token=1234567890abcdef
[2024-09-03 23:33:14,713] {twitter_hook.py:65} INFO - URL: https://labdados.com/2/tweets/search/recent?query=data engineer&tweet.fields=author_id,conversation_id,created_at,id,in_reply_to_user_id,public_metrics,lang,text&expansions=author_id&user.fields=id,name,username,created_at&start_time=2024-08-31T00:00:00.00Z&end_time=2024-09-01T00:00:00.00Z&next_token=1234567890abcdef
[2024-09-03 23:33:15,137] {twitter_hook.py:65} INFO - URL: https://labdados.com/2/tweets/search/recent?query=data engineer&tweet.fields=author_id,conversation_id,created_at,id,in_reply_to_user_id,public_metrics,lang,text&expansions=author_id&user.fields=id,name,username,created_at&start_time=2024-08-31T00:00:00.00Z&end_time=2024-09-01T00:00:00.00Z&next_token=1234567890abcdef
[2024-09-03 23:33:15,612] {twitter_hook.py:65} INFO - URL: https://labdados.com/2/tweets/search/recent?query=data engineer&tweet.fields=author_id,conversation_id,created_at,id,in_reply_to_user_id,public_metrics,lang,text&expansions=author_id&user.fields=id,name,username,created_at&start_time=2024-08-31T00:00:00.00Z&end_time=2024-09-01T00:00:00.00Z&next_token=1234567890abcdef
[2024-09-03 23:33:17,471] {twitter_hook.py:65} INFO - URL: https://labdados.com/2/tweets/search/recent?query=data engineer&tweet.fields=author_id,conversation_id,created_at,id,in_reply_to_user_id,public_metrics,lang,text&expansions=author_id&user.fields=id,name,username,created_at&start_time=2024-08-31T00:00:00.00Z&end_time=2024-09-01T00:00:00.00Z&next_token=1234567890abcdef
[2024-09-03 23:33:18,419] {twitter_hook.py:65} INFO - URL: https://labdados.com/2/tweets/search/recent?query=data engineer&tweet.fields=author_id,conversation_id,created_at,id,in_reply_to_user_id,public_metrics,lang,text&expansions=author_id&user.fields=id,name,username,created_at&start_time=2024-08-31T00:00:00.00Z&end_time=2024-09-01T00:00:00.00Z&next_token=1234567890abcdef
[2024-09-03 23:33:18,997] {twitter_hook.py:65} INFO - URL: https://labdados.com/2/tweets/search/recent?query=data engineer&tweet.fields=author_id,conversation_id,created_at,id,in_reply_to_user_id,public_metrics,lang,text&expansions=author_id&user.fields=id,name,username,created_at&start_time=2024-08-31T00:00:00.00Z&end_time=2024-09-01T00:00:00.00Z&next_token=1234567890abcdef
[2024-09-03 23:33:19,584] {twitter_hook.py:65} INFO - URL: https://labdados.com/2/tweets/search/recent?query=data engineer&tweet.fields=author_id,conversation_id,created_at,id,in_reply_to_user_id,public_metrics,lang,text&expansions=author_id&user.fields=id,name,username,created_at&start_time=2024-08-31T00:00:00.00Z&end_time=2024-09-01T00:00:00.00Z&next_token=1234567890abcdef
[2024-09-03 23:33:20,117] {twitter_hook.py:65} INFO - URL: https://labdados.com/2/tweets/search/recent?query=data engineer&tweet.fields=author_id,conversation_id,created_at,id,in_reply_to_user_id,public_metrics,lang,text&expansions=author_id&user.fields=id,name,username,created_at&start_time=2024-08-31T00:00:00.00Z&end_time=2024-09-01T00:00:00.00Z&next_token=1234567890abcdef
[2024-09-03 23:33:20,628] {twitter_hook.py:65} INFO - URL: https://labdados.com/2/tweets/search/recent?query=data engineer&tweet.fields=author_id,conversation_id,created_at,id,in_reply_to_user_id,public_metrics,lang,text&expansions=author_id&user.fields=id,name,username,created_at&start_time=2024-08-31T00:00:00.00Z&end_time=2024-09-01T00:00:00.00Z&next_token=1234567890abcdef
[2024-09-03 23:33:21,207] {twitter_hook.py:65} INFO - URL: https://labdados.com/2/tweets/search/recent?query=data engineer&tweet.fields=author_id,conversation_id,created_at,id,in_reply_to_user_id,public_metrics,lang,text&expansions=author_id&user.fields=id,name,username,created_at&start_time=2024-08-31T00:00:00.00Z&end_time=2024-09-01T00:00:00.00Z&next_token=1234567890abcdef
[2024-09-03 23:33:21,743] {twitter_hook.py:65} INFO - URL: https://labdados.com/2/tweets/search/recent?query=data engineer&tweet.fields=author_id,conversation_id,created_at,id,in_reply_to_user_id,public_metrics,lang,text&expansions=author_id&user.fields=id,name,username,created_at&start_time=2024-08-31T00:00:00.00Z&end_time=2024-09-01T00:00:00.00Z&next_token=1234567890abcdef
[2024-09-03 23:33:22,213] {twitter_hook.py:65} INFO - URL: https://labdados.com/2/tweets/search/recent?query=data engineer&tweet.fields=author_id,conversation_id,created_at,id,in_reply_to_user_id,public_metrics,lang,text&expansions=author_id&user.fields=id,name,username,created_at&start_time=2024-08-31T00:00:00.00Z&end_time=2024-09-01T00:00:00.00Z&next_token=1234567890abcdef
[2024-09-03 23:33:22,925] {twitter_hook.py:65} INFO - URL: https://labdados.com/2/tweets/search/recent?query=data engineer&tweet.fields=author_id,conversation_id,created_at,id,in_reply_to_user_id,public_metrics,lang,text&expansions=author_id&user.fields=id,name,username,created_at&start_time=2024-08-31T00:00:00.00Z&end_time=2024-09-01T00:00:00.00Z&next_token=1234567890abcdef
[2024-09-03 23:33:23,366] {twitter_hook.py:65} INFO - URL: https://labdados.com/2/tweets/search/recent?query=data engineer&tweet.fields=author_id,conversation_id,created_at,id,in_reply_to_user_id,public_metrics,lang,text&expansions=author_id&user.fields=id,name,username,created_at&start_time=2024-08-31T00:00:00.00Z&end_time=2024-09-01T00:00:00.00Z&next_token=1234567890abcdef
[2024-09-03 23:33:23,698] {twitter_hook.py:65} INFO - URL: https://labdados.com/2/tweets/search/recent?query=data engineer&tweet.fields=author_id,conversation_id,created_at,id,in_reply_to_user_id,public_metrics,lang,text&expansions=author_id&user.fields=id,name,username,created_at&start_time=2024-08-31T00:00:00.00Z&end_time=2024-09-01T00:00:00.00Z&next_token=1234567890abcdef
[2024-09-03 23:33:24,144] {twitter_hook.py:65} INFO - URL: https://labdados.com/2/tweets/search/recent?query=data engineer&tweet.fields=author_id,conversation_id,created_at,id,in_reply_to_user_id,public_metrics,lang,text&expansions=author_id&user.fields=id,name,username,created_at&start_time=2024-08-31T00:00:00.00Z&end_time=2024-09-01T00:00:00.00Z&next_token=1234567890abcdef
[2024-09-03 23:33:24,634] {twitter_hook.py:65} INFO - URL: https://labdados.com/2/tweets/search/recent?query=data engineer&tweet.fields=author_id,conversation_id,created_at,id,in_reply_to_user_id,public_metrics,lang,text&expansions=author_id&user.fields=id,name,username,created_at&start_time=2024-08-31T00:00:00.00Z&end_time=2024-09-01T00:00:00.00Z&next_token=1234567890abcdef
[2024-09-03 23:33:25,090] {twitter_hook.py:65} INFO - URL: https://labdados.com/2/tweets/search/recent?query=data engineer&tweet.fields=author_id,conversation_id,created_at,id,in_reply_to_user_id,public_metrics,lang,text&expansions=author_id&user.fields=id,name,username,created_at&start_time=2024-08-31T00:00:00.00Z&end_time=2024-09-01T00:00:00.00Z&next_token=1234567890abcdef
[2024-09-03 23:33:25,543] {twitter_hook.py:65} INFO - URL: https://labdados.com/2/tweets/search/recent?query=data engineer&tweet.fields=author_id,conversation_id,created_at,id,in_reply_to_user_id,public_metrics,lang,text&expansions=author_id&user.fields=id,name,username,created_at&start_time=2024-08-31T00:00:00.00Z&end_time=2024-09-01T00:00:00.00Z&next_token=1234567890abcdef
[2024-09-03 23:33:26,028] {twitter_hook.py:65} INFO - URL: https://labdados.com/2/tweets/search/recent?query=data engineer&tweet.fields=author_id,conversation_id,created_at,id,in_reply_to_user_id,public_metrics,lang,text&expansions=author_id&user.fields=id,name,username,created_at&start_time=2024-08-31T00:00:00.00Z&end_time=2024-09-01T00:00:00.00Z&next_token=1234567890abcdef
[2024-09-03 23:33:26,645] {twitter_hook.py:65} INFO - URL: https://labdados.com/2/tweets/search/recent?query=data engineer&tweet.fields=author_id,conversation_id,created_at,id,in_reply_to_user_id,public_metrics,lang,text&expansions=author_id&user.fields=id,name,username,created_at&start_time=2024-08-31T00:00:00.00Z&end_time=2024-09-01T00:00:00.00Z&next_token=1234567890abcdef
[2024-09-03 23:33:27,328] {twitter_hook.py:65} INFO - URL: https://labdados.com/2/tweets/search/recent?query=data engineer&tweet.fields=author_id,conversation_id,created_at,id,in_reply_to_user_id,public_metrics,lang,text&expansions=author_id&user.fields=id,name,username,created_at&start_time=2024-08-31T00:00:00.00Z&end_time=2024-09-01T00:00:00.00Z&next_token=1234567890abcdef
[2024-09-03 23:33:28,176] {twitter_hook.py:65} INFO - URL: https://labdados.com/2/tweets/search/recent?query=data engineer&tweet.fields=author_id,conversation_id,created_at,id,in_reply_to_user_id,public_metrics,lang,text&expansions=author_id&user.fields=id,name,username,created_at&start_time=2024-08-31T00:00:00.00Z&end_time=2024-09-01T00:00:00.00Z&next_token=1234567890abcdef
[2024-09-03 23:33:29,154] {twitter_hook.py:65} INFO - URL: https://labdados.com/2/tweets/search/recent?query=data engineer&tweet.fields=author_id,conversation_id,created_at,id,in_reply_to_user_id,public_metrics,lang,text&expansions=author_id&user.fields=id,name,username,created_at&start_time=2024-08-31T00:00:00.00Z&end_time=2024-09-01T00:00:00.00Z&next_token=1234567890abcdef
[2024-09-03 23:33:30,039] {twitter_hook.py:65} INFO - URL: https://labdados.com/2/tweets/search/recent?query=data engineer&tweet.fields=author_id,conversation_id,created_at,id,in_reply_to_user_id,public_metrics,lang,text&expansions=author_id&user.fields=id,name,username,created_at&start_time=2024-08-31T00:00:00.00Z&end_time=2024-09-01T00:00:00.00Z&next_token=1234567890abcdef
[2024-09-03 23:33:31,234] {twitter_hook.py:65} INFO - URL: https://labdados.com/2/tweets/search/recent?query=data engineer&tweet.fields=author_id,conversation_id,created_at,id,in_reply_to_user_id,public_metrics,lang,text&expansions=author_id&user.fields=id,name,username,created_at&start_time=2024-08-31T00:00:00.00Z&end_time=2024-09-01T00:00:00.00Z&next_token=1234567890abcdef
[2024-09-03 23:33:32,429] {twitter_hook.py:65} INFO - URL: https://labdados.com/2/tweets/search/recent?query=data engineer&tweet.fields=author_id,conversation_id,created_at,id,in_reply_to_user_id,public_metrics,lang,text&expansions=author_id&user.fields=id,name,username,created_at&start_time=2024-08-31T00:00:00.00Z&end_time=2024-09-01T00:00:00.00Z&next_token=1234567890abcdef
[2024-09-03 23:33:33,784] {twitter_hook.py:65} INFO - URL: https://labdados.com/2/tweets/search/recent?query=data engineer&tweet.fields=author_id,conversation_id,created_at,id,in_reply_to_user_id,public_metrics,lang,text&expansions=author_id&user.fields=id,name,username,created_at&start_time=2024-08-31T00:00:00.00Z&end_time=2024-09-01T00:00:00.00Z&next_token=1234567890abcdef
[2024-09-03 23:33:35,111] {twitter_hook.py:65} INFO - URL: https://labdados.com/2/tweets/search/recent?query=data engineer&tweet.fields=author_id,conversation_id,created_at,id,in_reply_to_user_id,public_metrics,lang,text&expansions=author_id&user.fields=id,name,username,created_at&start_time=2024-08-31T00:00:00.00Z&end_time=2024-09-01T00:00:00.00Z&next_token=1234567890abcdef
[2024-09-03 23:33:36,423] {twitter_hook.py:65} INFO - URL: https://labdados.com/2/tweets/search/recent?query=data engineer&tweet.fields=author_id,conversation_id,created_at,id,in_reply_to_user_id,public_metrics,lang,text&expansions=author_id&user.fields=id,name,username,created_at&start_time=2024-08-31T00:00:00.00Z&end_time=2024-09-01T00:00:00.00Z&next_token=1234567890abcdef
[2024-09-03 23:33:37,994] {twitter_hook.py:65} INFO - URL: https://labdados.com/2/tweets/search/recent?query=data engineer&tweet.fields=author_id,conversation_id,created_at,id,in_reply_to_user_id,public_metrics,lang,text&expansions=author_id&user.fields=id,name,username,created_at&start_time=2024-08-31T00:00:00.00Z&end_time=2024-09-01T00:00:00.00Z&next_token=1234567890abcdef
[2024-09-03 23:33:39,370] {twitter_hook.py:65} INFO - URL: https://labdados.com/2/tweets/search/recent?query=data engineer&tweet.fields=author_id,conversation_id,created_at,id,in_reply_to_user_id,public_metrics,lang,text&expansions=author_id&user.fields=id,name,username,created_at&start_time=2024-08-31T00:00:00.00Z&end_time=2024-09-01T00:00:00.00Z&next_token=1234567890abcdef
[2024-09-03 23:33:40,835] {twitter_hook.py:65} INFO - URL: https://labdados.com/2/tweets/search/recent?query=data engineer&tweet.fields=author_id,conversation_id,created_at,id,in_reply_to_user_id,public_metrics,lang,text&expansions=author_id&user.fields=id,name,username,created_at&start_time=2024-08-31T00:00:00.00Z&end_time=2024-09-01T00:00:00.00Z&next_token=1234567890abcdef
[2024-09-03 23:33:42,437] {twitter_hook.py:65} INFO - URL: https://labdados.com/2/tweets/search/recent?query=data engineer&tweet.fields=author_id,conversation_id,created_at,id,in_reply_to_user_id,public_metrics,lang,text&expansions=author_id&user.fields=id,name,username,created_at&start_time=2024-08-31T00:00:00.00Z&end_time=2024-09-01T00:00:00.00Z&next_token=1234567890abcdef
[2024-09-03 23:33:43,655] {twitter_hook.py:65} INFO - URL: https://labdados.com/2/tweets/search/recent?query=data engineer&tweet.fields=author_id,conversation_id,created_at,id,in_reply_to_user_id,public_metrics,lang,text&expansions=author_id&user.fields=id,name,username,created_at&start_time=2024-08-31T00:00:00.00Z&end_time=2024-09-01T00:00:00.00Z&next_token=1234567890abcdef
[2024-09-03 23:33:44,883] {twitter_hook.py:65} INFO - URL: https://labdados.com/2/tweets/search/recent?query=data engineer&tweet.fields=author_id,conversation_id,created_at,id,in_reply_to_user_id,public_metrics,lang,text&expansions=author_id&user.fields=id,name,username,created_at&start_time=2024-08-31T00:00:00.00Z&end_time=2024-09-01T00:00:00.00Z&next_token=1234567890abcdef
[2024-09-03 23:33:46,152] {twitter_hook.py:65} INFO - URL: https://labdados.com/2/tweets/search/recent?query=data engineer&tweet.fields=author_id,conversation_id,created_at,id,in_reply_to_user_id,public_metrics,lang,text&expansions=author_id&user.fields=id,name,username,created_at&start_time=2024-08-31T00:00:00.00Z&end_time=2024-09-01T00:00:00.00Z&next_token=1234567890abcdef
[2024-09-03 23:33:47,787] {twitter_hook.py:65} INFO - URL: https://labdados.com/2/tweets/search/recent?query=data engineer&tweet.fields=author_id,conversation_id,created_at,id,in_reply_to_user_id,public_metrics,lang,text&expansions=author_id&user.fields=id,name,username,created_at&start_time=2024-08-31T00:00:00.00Z&end_time=2024-09-01T00:00:00.00Z&next_token=1234567890abcdef
[2024-09-03 23:33:49,262] {twitter_hook.py:65} INFO - URL: https://labdados.com/2/tweets/search/recent?query=data engineer&tweet.fields=author_id,conversation_id,created_at,id,in_reply_to_user_id,public_metrics,lang,text&expansions=author_id&user.fields=id,name,username,created_at&start_time=2024-08-31T00:00:00.00Z&end_time=2024-09-01T00:00:00.00Z&next_token=1234567890abcdef
[2024-09-03 23:33:51,166] {twitter_hook.py:65} INFO - URL: https://labdados.com/2/tweets/search/recent?query=data engineer&tweet.fields=author_id,conversation_id,created_at,id,in_reply_to_user_id,public_metrics,lang,text&expansions=author_id&user.fields=id,name,username,created_at&start_time=2024-08-31T00:00:00.00Z&end_time=2024-09-01T00:00:00.00Z&next_token=1234567890abcdef
[2024-09-03 23:33:55,559] {twitter_hook.py:65} INFO - URL: https://labdados.com/2/tweets/search/recent?query=data engineer&tweet.fields=author_id,conversation_id,created_at,id,in_reply_to_user_id,public_metrics,lang,text&expansions=author_id&user.fields=id,name,username,created_at&start_time=2024-08-31T00:00:00.00Z&end_time=2024-09-01T00:00:00.00Z&next_token=1234567890abcdef
[2024-09-03 23:33:57,573] {twitter_hook.py:65} INFO - URL: https://labdados.com/2/tweets/search/recent?query=data engineer&tweet.fields=author_id,conversation_id,created_at,id,in_reply_to_user_id,public_metrics,lang,text&expansions=author_id&user.fields=id,name,username,created_at&start_time=2024-08-31T00:00:00.00Z&end_time=2024-09-01T00:00:00.00Z&next_token=1234567890abcdef
[2024-09-03 23:33:59,558] {twitter_hook.py:65} INFO - URL: https://labdados.com/2/tweets/search/recent?query=data engineer&tweet.fields=author_id,conversation_id,created_at,id,in_reply_to_user_id,public_metrics,lang,text&expansions=author_id&user.fields=id,name,username,created_at&start_time=2024-08-31T00:00:00.00Z&end_time=2024-09-01T00:00:00.00Z&next_token=1234567890abcdef
[2024-09-03 23:34:02,700] {twitter_hook.py:65} INFO - URL: https://labdados.com/2/tweets/search/recent?query=data engineer&tweet.fields=author_id,conversation_id,created_at,id,in_reply_to_user_id,public_metrics,lang,text&expansions=author_id&user.fields=id,name,username,created_at&start_time=2024-08-31T00:00:00.00Z&end_time=2024-09-01T00:00:00.00Z&next_token=1234567890abcdef
[2024-09-03 23:34:04,125] {twitter_hook.py:65} INFO - URL: https://labdados.com/2/tweets/search/recent?query=data engineer&tweet.fields=author_id,conversation_id,created_at,id,in_reply_to_user_id,public_metrics,lang,text&expansions=author_id&user.fields=id,name,username,created_at&start_time=2024-08-31T00:00:00.00Z&end_time=2024-09-01T00:00:00.00Z&next_token=1234567890abcdef
[2024-09-03 23:34:05,260] {twitter_hook.py:65} INFO - URL: https://labdados.com/2/tweets/search/recent?query=data engineer&tweet.fields=author_id,conversation_id,created_at,id,in_reply_to_user_id,public_metrics,lang,text&expansions=author_id&user.fields=id,name,username,created_at&start_time=2024-08-31T00:00:00.00Z&end_time=2024-09-01T00:00:00.00Z&next_token=1234567890abcdef
[2024-09-03 23:34:05,902] {twitter_hook.py:65} INFO - URL: https://labdados.com/2/tweets/search/recent?query=data engineer&tweet.fields=author_id,conversation_id,created_at,id,in_reply_to_user_id,public_metrics,lang,text&expansions=author_id&user.fields=id,name,username,created_at&start_time=2024-08-31T00:00:00.00Z&end_time=2024-09-01T00:00:00.00Z&next_token=1234567890abcdef
[2024-09-03 23:34:06,043] {twitter_hook.py:65} INFO - URL: https://labdados.com/2/tweets/search/recent?query=data engineer&tweet.fields=author_id,conversation_id,created_at,id,in_reply_to_user_id,public_metrics,lang,text&expansions=author_id&user.fields=id,name,username,created_at&start_time=2024-08-31T00:00:00.00Z&end_time=2024-09-01T00:00:00.00Z&next_token=1234567890abcdef
[2024-09-03 23:34:06,185] {twitter_hook.py:65} INFO - URL: https://labdados.com/2/tweets/search/recent?query=data engineer&tweet.fields=author_id,conversation_id,created_at,id,in_reply_to_user_id,public_metrics,lang,text&expansions=author_id&user.fields=id,name,username,created_at&start_time=2024-08-31T00:00:00.00Z&end_time=2024-09-01T00:00:00.00Z&next_token=1234567890abcdef
[2024-09-03 23:34:06,327] {twitter_hook.py:65} INFO - URL: https://labdados.com/2/tweets/search/recent?query=data engineer&tweet.fields=author_id,conversation_id,created_at,id,in_reply_to_user_id,public_metrics,lang,text&expansions=author_id&user.fields=id,name,username,created_at&start_time=2024-08-31T00:00:00.00Z&end_time=2024-09-01T00:00:00.00Z&next_token=1234567890abcdef
[2024-09-03 23:34:06,485] {twitter_hook.py:65} INFO - URL: https://labdados.com/2/tweets/search/recent?query=data engineer&tweet.fields=author_id,conversation_id,created_at,id,in_reply_to_user_id,public_metrics,lang,text&expansions=author_id&user.fields=id,name,username,created_at&start_time=2024-08-31T00:00:00.00Z&end_time=2024-09-01T00:00:00.00Z&next_token=1234567890abcdef
[2024-09-03 23:34:06,624] {twitter_hook.py:65} INFO - URL: https://labdados.com/2/tweets/search/recent?query=data engineer&tweet.fields=author_id,conversation_id,created_at,id,in_reply_to_user_id,public_metrics,lang,text&expansions=author_id&user.fields=id,name,username,created_at&start_time=2024-08-31T00:00:00.00Z&end_time=2024-09-01T00:00:00.00Z&next_token=1234567890abcdef
[2024-09-03 23:34:06,762] {twitter_hook.py:65} INFO - URL: https://labdados.com/2/tweets/search/recent?query=data engineer&tweet.fields=author_id,conversation_id,created_at,id,in_reply_to_user_id,public_metrics,lang,text&expansions=author_id&user.fields=id,name,username,created_at&start_time=2024-08-31T00:00:00.00Z&end_time=2024-09-01T00:00:00.00Z&next_token=1234567890abcdef
[2024-09-03 23:34:06,901] {twitter_hook.py:65} INFO - URL: https://labdados.com/2/tweets/search/recent?query=data engineer&tweet.fields=author_id,conversation_id,created_at,id,in_reply_to_user_id,public_metrics,lang,text&expansions=author_id&user.fields=id,name,username,created_at&start_time=2024-08-31T00:00:00.00Z&end_time=2024-09-01T00:00:00.00Z&next_token=1234567890abcdef
[2024-09-03 23:34:07,043] {twitter_hook.py:65} INFO - URL: https://labdados.com/2/tweets/search/recent?query=data engineer&tweet.fields=author_id,conversation_id,created_at,id,in_reply_to_user_id,public_metrics,lang,text&expansions=author_id&user.fields=id,name,username,created_at&start_time=2024-08-31T00:00:00.00Z&end_time=2024-09-01T00:00:00.00Z&next_token=1234567890abcdef
[2024-09-03 23:34:07,187] {twitter_hook.py:65} INFO - URL: https://labdados.com/2/tweets/search/recent?query=data engineer&tweet.fields=author_id,conversation_id,created_at,id,in_reply_to_user_id,public_metrics,lang,text&expansions=author_id&user.fields=id,name,username,created_at&start_time=2024-08-31T00:00:00.00Z&end_time=2024-09-01T00:00:00.00Z&next_token=1234567890abcdef
[2024-09-03 23:34:07,332] {twitter_hook.py:65} INFO - URL: https://labdados.com/2/tweets/search/recent?query=data engineer&tweet.fields=author_id,conversation_id,created_at,id,in_reply_to_user_id,public_metrics,lang,text&expansions=author_id&user.fields=id,name,username,created_at&start_time=2024-08-31T00:00:00.00Z&end_time=2024-09-01T00:00:00.00Z&next_token=1234567890abcdef
[2024-09-03 23:34:07,476] {twitter_hook.py:65} INFO - URL: https://labdados.com/2/tweets/search/recent?query=data engineer&tweet.fields=author_id,conversation_id,created_at,id,in_reply_to_user_id,public_metrics,lang,text&expansions=author_id&user.fields=id,name,username,created_at&start_time=2024-08-31T00:00:00.00Z&end_time=2024-09-01T00:00:00.00Z&next_token=1234567890abcdef
[2024-09-03 23:34:07,616] {twitter_hook.py:65} INFO - URL: https://labdados.com/2/tweets/search/recent?query=data engineer&tweet.fields=author_id,conversation_id,created_at,id,in_reply_to_user_id,public_metrics,lang,text&expansions=author_id&user.fields=id,name,username,created_at&start_time=2024-08-31T00:00:00.00Z&end_time=2024-09-01T00:00:00.00Z&next_token=1234567890abcdef
[2024-09-03 23:34:07,758] {twitter_hook.py:65} INFO - URL: https://labdados.com/2/tweets/search/recent?query=data engineer&tweet.fields=author_id,conversation_id,created_at,id,in_reply_to_user_id,public_metrics,lang,text&expansions=author_id&user.fields=id,name,username,created_at&start_time=2024-08-31T00:00:00.00Z&end_time=2024-09-01T00:00:00.00Z&next_token=1234567890abcdef
[2024-09-03 23:34:07,931] {taskinstance.py:1395} INFO - Marking task as SUCCESS. dag_id=Twitter_extractor_DAGs, task_id=BRONZE_LAYER_EXTRACTION_E, execution_date=20240831T000000, start_date=20240904T023248, end_date=20240904T023407
[2024-09-03 23:34:07,966] {local_task_job.py:156} INFO - Task exited with return code 0
[2024-09-03 23:34:07,987] {local_task_job.py:273} INFO - 1 downstream tasks scheduled from follow-on schedule check
